test (3.12)	Set up job	ï»¿2025-10-21T14:55:17.8137220Z Current runner version: '2.329.0'
test (3.12)	Set up job	2025-10-21T14:55:17.8159952Z ##[group]Runner Image Provisioner
test (3.12)	Set up job	2025-10-21T14:55:17.8160811Z Hosted Compute Agent
test (3.12)	Set up job	2025-10-21T14:55:17.8161384Z Version: 20250912.392
test (3.12)	Set up job	2025-10-21T14:55:17.8161992Z Commit: d921fda672a98b64f4f82364647e2f10b2267d0b
test (3.12)	Set up job	2025-10-21T14:55:17.8162637Z Build Date: 2025-09-12T15:23:14Z
test (3.12)	Set up job	2025-10-21T14:55:17.8163261Z ##[endgroup]
test (3.12)	Set up job	2025-10-21T14:55:17.8164077Z ##[group]Operating System
test (3.12)	Set up job	2025-10-21T14:55:17.8164663Z Ubuntu
test (3.12)	Set up job	2025-10-21T14:55:17.8165081Z 24.04.3
test (3.12)	Set up job	2025-10-21T14:55:17.8165634Z LTS
test (3.12)	Set up job	2025-10-21T14:55:17.8166075Z ##[endgroup]
test (3.12)	Set up job	2025-10-21T14:55:17.8166502Z ##[group]Runner Image
test (3.12)	Set up job	2025-10-21T14:55:17.8167122Z Image: ubuntu-24.04
test (3.12)	Set up job	2025-10-21T14:55:17.8167585Z Version: 20250929.60.1
test (3.12)	Set up job	2025-10-21T14:55:17.8168553Z Included Software: https://github.com/actions/runner-images/blob/ubuntu24/20250929.60/images/ubuntu/Ubuntu2404-Readme.md
test (3.12)	Set up job	2025-10-21T14:55:17.8169940Z Image Release: https://github.com/actions/runner-images/releases/tag/ubuntu24%2F20250929.60
test (3.12)	Set up job	2025-10-21T14:55:17.8171131Z ##[endgroup]
test (3.12)	Set up job	2025-10-21T14:55:17.8172181Z ##[group]GITHUB_TOKEN Permissions
test (3.12)	Set up job	2025-10-21T14:55:17.8174069Z Contents: read
test (3.12)	Set up job	2025-10-21T14:55:17.8174795Z Metadata: read
test (3.12)	Set up job	2025-10-21T14:55:17.8175262Z Packages: read
test (3.12)	Set up job	2025-10-21T14:55:17.8175742Z ##[endgroup]
test (3.12)	Set up job	2025-10-21T14:55:17.8177688Z Secret source: Actions
test (3.12)	Set up job	2025-10-21T14:55:17.8178447Z Prepare workflow directory
test (3.12)	Set up job	2025-10-21T14:55:17.8486132Z Prepare all required actions
test (3.12)	Set up job	2025-10-21T14:55:17.8522315Z Getting action download info
test (3.12)	Set up job	2025-10-21T14:55:18.3287674Z Download action repository 'actions/checkout@v4' (SHA:08eba0b27e820071cde6df949e0beb9ba4906955)
test (3.12)	Set up job	2025-10-21T14:55:18.4481433Z Download action repository 'actions/setup-python@v5' (SHA:a26af69be951a213d495a4c3e4e4022e16d87065)
test (3.12)	Set up job	2025-10-21T14:55:18.5963632Z Complete job name: test (3.12)
test (3.12)	Checkout	ï»¿2025-10-21T14:55:18.6691878Z ##[group]Run actions/checkout@v4
test (3.12)	Checkout	2025-10-21T14:55:18.6692675Z with:
test (3.12)	Checkout	2025-10-21T14:55:18.6693103Z   repository: alexbnewhouse/network-inference
test (3.12)	Checkout	2025-10-21T14:55:18.6693970Z   token: ***
test (3.12)	Checkout	2025-10-21T14:55:18.6694362Z   ssh-strict: true
test (3.12)	Checkout	2025-10-21T14:55:18.6694742Z   ssh-user: git
test (3.12)	Checkout	2025-10-21T14:55:18.6695128Z   persist-credentials: true
test (3.12)	Checkout	2025-10-21T14:55:18.6695562Z   clean: true
test (3.12)	Checkout	2025-10-21T14:55:18.6695951Z   sparse-checkout-cone-mode: true
test (3.12)	Checkout	2025-10-21T14:55:18.6696411Z   fetch-depth: 1
test (3.12)	Checkout	2025-10-21T14:55:18.6696786Z   fetch-tags: false
test (3.12)	Checkout	2025-10-21T14:55:18.6697166Z   show-progress: true
test (3.12)	Checkout	2025-10-21T14:55:18.6697553Z   lfs: false
test (3.12)	Checkout	2025-10-21T14:55:18.6697900Z   submodules: false
test (3.12)	Checkout	2025-10-21T14:55:18.6698287Z   set-safe-directory: true
test (3.12)	Checkout	2025-10-21T14:55:18.6698916Z ##[endgroup]
test (3.12)	Checkout	2025-10-21T14:55:18.7744751Z Syncing repository: alexbnewhouse/network-inference
test (3.12)	Checkout	2025-10-21T14:55:18.7746476Z ##[group]Getting Git version info
test (3.12)	Checkout	2025-10-21T14:55:18.7747257Z Working directory is '/home/runner/work/network-inference/network-inference'
test (3.12)	Checkout	2025-10-21T14:55:18.7748370Z [command]/usr/bin/git version
test (3.12)	Checkout	2025-10-21T14:55:18.7816894Z git version 2.51.0
test (3.12)	Checkout	2025-10-21T14:55:18.7843100Z ##[endgroup]
test (3.12)	Checkout	2025-10-21T14:55:18.7867824Z Temporarily overriding HOME='/home/runner/work/_temp/55786436-f2c6-4abe-8478-199b40088c2c' before making global git config changes
test (3.12)	Checkout	2025-10-21T14:55:18.7869766Z Adding repository directory to the temporary git global config as a safe directory
test (3.12)	Checkout	2025-10-21T14:55:18.7873273Z [command]/usr/bin/git config --global --add safe.directory /home/runner/work/network-inference/network-inference
test (3.12)	Checkout	2025-10-21T14:55:18.7912142Z Deleting the contents of '/home/runner/work/network-inference/network-inference'
test (3.12)	Checkout	2025-10-21T14:55:18.7916368Z ##[group]Initializing the repository
test (3.12)	Checkout	2025-10-21T14:55:18.7922159Z [command]/usr/bin/git init /home/runner/work/network-inference/network-inference
test (3.12)	Checkout	2025-10-21T14:55:18.8038095Z hint: Using 'master' as the name for the initial branch. This default branch name
test (3.12)	Checkout	2025-10-21T14:55:18.8039813Z hint: is subject to change. To configure the initial branch name to use in all
test (3.12)	Checkout	2025-10-21T14:55:18.8041356Z hint: of your new repositories, which will suppress this warning, call:
test (3.12)	Checkout	2025-10-21T14:55:18.8042442Z hint:
test (3.12)	Checkout	2025-10-21T14:55:18.8043633Z hint: 	git config --global init.defaultBranch <name>
test (3.12)	Checkout	2025-10-21T14:55:18.8044533Z hint:
test (3.12)	Checkout	2025-10-21T14:55:18.8045090Z hint: Names commonly chosen instead of 'master' are 'main', 'trunk' and
test (3.12)	Checkout	2025-10-21T14:55:18.8045992Z hint: 'development'. The just-created branch can be renamed via this command:
test (3.12)	Checkout	2025-10-21T14:55:18.8046677Z hint:
test (3.12)	Checkout	2025-10-21T14:55:18.8047055Z hint: 	git branch -m <name>
test (3.12)	Checkout	2025-10-21T14:55:18.8047473Z hint:
test (3.12)	Checkout	2025-10-21T14:55:18.8048248Z hint: Disable this message with "git config set advice.defaultBranchName false"
test (3.12)	Checkout	2025-10-21T14:55:18.8049611Z Initialized empty Git repository in /home/runner/work/network-inference/network-inference/.git/
test (3.12)	Checkout	2025-10-21T14:55:18.8053848Z [command]/usr/bin/git remote add origin https://github.com/alexbnewhouse/network-inference
test (3.12)	Checkout	2025-10-21T14:55:18.8089528Z ##[endgroup]
test (3.12)	Checkout	2025-10-21T14:55:18.8090266Z ##[group]Disabling automatic garbage collection
test (3.12)	Checkout	2025-10-21T14:55:18.8093397Z [command]/usr/bin/git config --local gc.auto 0
test (3.12)	Checkout	2025-10-21T14:55:18.8120575Z ##[endgroup]
test (3.12)	Checkout	2025-10-21T14:55:18.8121253Z ##[group]Setting up auth
test (3.12)	Checkout	2025-10-21T14:55:18.8127273Z [command]/usr/bin/git config --local --name-only --get-regexp core\.sshCommand
test (3.12)	Checkout	2025-10-21T14:55:18.8156184Z [command]/usr/bin/git submodule foreach --recursive sh -c "git config --local --name-only --get-regexp 'core\.sshCommand' && git config --local --unset-all 'core.sshCommand' || :"
test (3.12)	Checkout	2025-10-21T14:55:18.8488161Z [command]/usr/bin/git config --local --name-only --get-regexp http\.https\:\/\/github\.com\/\.extraheader
test (3.12)	Checkout	2025-10-21T14:55:18.8515733Z [command]/usr/bin/git submodule foreach --recursive sh -c "git config --local --name-only --get-regexp 'http\.https\:\/\/github\.com\/\.extraheader' && git config --local --unset-all 'http.https://github.com/.extraheader' || :"
test (3.12)	Checkout	2025-10-21T14:55:18.8729879Z [command]/usr/bin/git config --local http.https://github.com/.extraheader AUTHORIZATION: basic ***
test (3.12)	Checkout	2025-10-21T14:55:18.8762615Z ##[endgroup]
test (3.12)	Checkout	2025-10-21T14:55:18.8763997Z ##[group]Fetching the repository
test (3.12)	Checkout	2025-10-21T14:55:18.8771648Z [command]/usr/bin/git -c protocol.version=2 fetch --no-tags --prune --no-recurse-submodules --depth=1 origin +fdb3781e1672add1272e9bdd8904e018674ccdcc:refs/remotes/origin/main
test (3.12)	Checkout	2025-10-21T14:55:19.3387280Z From https://github.com/alexbnewhouse/network-inference
test (3.12)	Checkout	2025-10-21T14:55:19.3388385Z  * [new ref]         fdb3781e1672add1272e9bdd8904e018674ccdcc -> origin/main
test (3.12)	Checkout	2025-10-21T14:55:19.3416057Z ##[endgroup]
test (3.12)	Checkout	2025-10-21T14:55:19.3416748Z ##[group]Determining the checkout info
test (3.12)	Checkout	2025-10-21T14:55:19.3419200Z ##[endgroup]
test (3.12)	Checkout	2025-10-21T14:55:19.3425151Z [command]/usr/bin/git sparse-checkout disable
test (3.12)	Checkout	2025-10-21T14:55:19.3463935Z [command]/usr/bin/git config --local --unset-all extensions.worktreeConfig
test (3.12)	Checkout	2025-10-21T14:55:19.3491048Z ##[group]Checking out the ref
test (3.12)	Checkout	2025-10-21T14:55:19.3495467Z [command]/usr/bin/git checkout --progress --force -B main refs/remotes/origin/main
test (3.12)	Checkout	2025-10-21T14:55:19.3591082Z Switched to a new branch 'main'
test (3.12)	Checkout	2025-10-21T14:55:19.3594122Z branch 'main' set up to track 'origin/main'.
test (3.12)	Checkout	2025-10-21T14:55:19.3599387Z ##[endgroup]
test (3.12)	Checkout	2025-10-21T14:55:19.3633643Z [command]/usr/bin/git log -1 --format=%H
test (3.12)	Checkout	2025-10-21T14:55:19.3654493Z fdb3781e1672add1272e9bdd8904e018674ccdcc
test (3.12)	Setup Python	ï»¿2025-10-21T14:55:19.3884983Z ##[group]Run actions/setup-python@v5
test (3.12)	Setup Python	2025-10-21T14:55:19.3885524Z with:
test (3.12)	Setup Python	2025-10-21T14:55:19.3885871Z   python-version: 3.12
test (3.12)	Setup Python	2025-10-21T14:55:19.3886270Z   cache: pip
test (3.12)	Setup Python	2025-10-21T14:55:19.3886622Z   check-latest: false
test (3.12)	Setup Python	2025-10-21T14:55:19.3887148Z   token: ***
test (3.12)	Setup Python	2025-10-21T14:55:19.3887551Z   update-environment: true
test (3.12)	Setup Python	2025-10-21T14:55:19.3887975Z   allow-prereleases: false
test (3.12)	Setup Python	2025-10-21T14:55:19.3888397Z   freethreaded: false
test (3.12)	Setup Python	2025-10-21T14:55:19.3888775Z ##[endgroup]
test (3.12)	Setup Python	2025-10-21T14:55:19.5599152Z ##[group]Installed versions
test (3.12)	Setup Python	2025-10-21T14:55:19.5712177Z Successfully set up CPython (3.12.11)
test (3.12)	Setup Python	2025-10-21T14:55:19.5714117Z ##[endgroup]
test (3.12)	Setup Python	2025-10-21T14:55:19.6216180Z [command]/opt/hostedtoolcache/Python/3.12.11/x64/bin/pip cache dir
test (3.12)	Setup Python	2025-10-21T14:55:20.0611875Z /home/runner/.cache/pip
test (3.12)	Setup Python	2025-10-21T14:55:20.4597490Z Cache hit for: setup-python-Linux-x64-24.04-Ubuntu-python-3.12.11-pip-15d01214fdabf41dafc8f1649a2029b2b82fd6b2dc9da730c5450be92715da74
test (3.12)	Setup Python	2025-10-21T14:55:21.7589862Z Received 4194304 of 4497330247 (0.1%), 4.0 MBs/sec
test (3.12)	Setup Python	2025-10-21T14:55:22.7592401Z Received 125829120 of 4497330247 (2.8%), 60.0 MBs/sec
test (3.12)	Setup Python	2025-10-21T14:55:23.7605053Z Received 260046848 of 4497330247 (5.8%), 82.6 MBs/sec
test (3.12)	Setup Python	2025-10-21T14:55:24.7664718Z Received 373293056 of 4497330247 (8.3%), 88.9 MBs/sec
test (3.12)	Setup Python	2025-10-21T14:55:25.7628490Z Received 490733568 of 4497330247 (10.9%), 93.5 MBs/sec
test (3.12)	Setup Python	2025-10-21T14:55:26.7635770Z Received 595591168 of 4497330247 (13.2%), 94.6 MBs/sec
test (3.12)	Setup Python	2025-10-21T14:55:27.7638147Z Received 708837376 of 4497330247 (15.8%), 96.5 MBs/sec
test (3.12)	Setup Python	2025-10-21T14:55:28.7641010Z Received 809500672 of 4497330247 (18.0%), 96.4 MBs/sec
test (3.12)	Setup Python	2025-10-21T14:55:29.8516334Z Received 939524096 of 4497330247 (20.9%), 98.5 MBs/sec
test (3.12)	Setup Python	2025-10-21T14:55:30.8520771Z Received 1052770304 of 4497330247 (23.4%), 99.5 MBs/sec
test (3.12)	Setup Python	2025-10-21T14:55:31.8542245Z Received 1161822208 of 4497330247 (25.8%), 99.9 MBs/sec
test (3.12)	Setup Python	2025-10-21T14:55:32.8542041Z Received 1266679808 of 4497330247 (28.2%), 99.9 MBs/sec
test (3.12)	Setup Python	2025-10-21T14:55:33.8524814Z Received 1375731712 of 4497330247 (30.6%), 100.2 MBs/sec
test (3.12)	Setup Python	2025-10-21T14:55:34.8537804Z Received 1476395008 of 4497330247 (32.8%), 99.9 MBs/sec
test (3.12)	Setup Python	2025-10-21T14:55:35.8542148Z Received 1602224128 of 4497330247 (35.6%), 101.2 MBs/sec
test (3.12)	Setup Python	2025-10-21T14:55:36.8549793Z Received 1690304512 of 4497330247 (37.6%), 100.1 MBs/sec
test (3.12)	Setup Python	2025-10-21T14:55:37.8557938Z Received 1765801984 of 4497330247 (39.3%), 98.5 MBs/sec
test (3.12)	Setup Python	2025-10-21T14:55:38.8567578Z Received 1866465280 of 4497330247 (41.5%), 98.4 MBs/sec
test (3.12)	Setup Python	2025-10-21T14:55:39.8570437Z Received 1946157056 of 4497330247 (43.3%), 97.2 MBs/sec
test (3.12)	Setup Python	2025-10-21T14:55:40.8575281Z Received 2051014656 of 4497330247 (45.6%), 97.3 MBs/sec
test (3.12)	Setup Python	2025-10-21T14:55:41.8582057Z Received 2155872256 of 4497330247 (47.9%), 97.4 MBs/sec
test (3.12)	Setup Python	2025-10-21T14:55:42.8811548Z Received 2281701376 of 4497330247 (50.7%), 98.4 MBs/sec
test (3.12)	Setup Python	2025-10-21T14:55:43.8808544Z Received 2399141888 of 4497330247 (53.3%), 99.0 MBs/sec
test (3.12)	Setup Python	2025-10-21T14:55:44.8809882Z Received 2491416576 of 4497330247 (55.4%), 98.5 MBs/sec
test (3.12)	Setup Python	2025-10-21T14:55:45.8816141Z Received 2583691264 of 4497330247 (57.4%), 98.1 MBs/sec
test (3.12)	Setup Python	2025-10-21T14:55:46.8824626Z Received 2684354560 of 4497330247 (59.7%), 98.0 MBs/sec
test (3.12)	Setup Python	2025-10-21T14:55:47.9152940Z Received 2818572288 of 4497330247 (62.7%), 99.0 MBs/sec
test (3.12)	Setup Python	2025-10-21T14:55:48.9152531Z Received 2923429888 of 4497330247 (65.0%), 99.0 MBs/sec
test (3.12)	Setup Python	2025-10-21T14:55:49.9152482Z Received 3011510272 of 4497330247 (67.0%), 98.5 MBs/sec
test (3.12)	Setup Python	2025-10-21T14:55:50.9148467Z Received 3091202048 of 4497330247 (68.7%), 97.8 MBs/sec
test (3.12)	Setup Python	2025-10-21T14:55:51.9156720Z Received 3217031168 of 4497330247 (71.5%), 98.5 MBs/sec
test (3.12)	Setup Python	2025-10-21T14:55:52.9163215Z Received 3296722944 of 4497330247 (73.3%), 97.8 MBs/sec
test (3.12)	Setup Python	2025-10-21T14:55:53.9164633Z Received 3388997632 of 4497330247 (75.4%), 97.5 MBs/sec
test (3.12)	Setup Python	2025-10-21T14:55:54.9163692Z Received 3489660928 of 4497330247 (77.6%), 97.4 MBs/sec
test (3.12)	Setup Python	2025-10-21T14:55:55.9162070Z Received 3615490048 of 4497330247 (80.4%), 98.1 MBs/sec
test (3.12)	Setup Python	2025-10-21T14:55:56.9166870Z Received 3711959040 of 4497330247 (82.5%), 97.9 MBs/sec
test (3.12)	Setup Python	2025-10-21T14:55:57.9170647Z Received 3816816640 of 4497330247 (84.9%), 98.0 MBs/sec
test (3.12)	Setup Python	2025-10-21T14:55:58.9168987Z Received 3896508416 of 4497330247 (86.6%), 97.4 MBs/sec
test (3.12)	Setup Python	2025-10-21T14:55:59.9172333Z Received 4022337536 of 4497330247 (89.4%), 98.0 MBs/sec
test (3.12)	Setup Python	2025-10-21T14:56:00.9171841Z Received 4123000832 of 4497330247 (91.7%), 97.9 MBs/sec
test (3.12)	Setup Python	2025-10-21T14:56:01.9168624Z Received 4223664128 of 4497330247 (93.9%), 97.9 MBs/sec
test (3.12)	Setup Python	2025-10-21T14:56:02.9175708Z Received 4320133120 of 4497330247 (96.1%), 97.7 MBs/sec
test (3.12)	Setup Python	2025-10-21T14:56:03.9180988Z Received 4429185024 of 4497330247 (98.5%), 97.9 MBs/sec
test (3.12)	Setup Python	2025-10-21T14:56:04.5194946Z Received 4497330247 of 4497330247 (100.0%), 98.0 MBs/sec
test (3.12)	Setup Python	2025-10-21T14:56:04.5196651Z Cache Size: ~4289 MB (4497330247 B)
test (3.12)	Setup Python	2025-10-21T14:56:04.5332865Z [command]/usr/bin/tar -xf /home/runner/work/_temp/14b8640c-2e84-4286-ad34-5f2342ec74f6/cache.tzst -P -C /home/runner/work/network-inference/network-inference --use-compress-program unzstd
test (3.12)	Setup Python	2025-10-21T14:56:13.3817023Z Cache restored successfully
test (3.12)	Setup Python	2025-10-21T14:56:14.1260320Z Cache restored from key: setup-python-Linux-x64-24.04-Ubuntu-python-3.12.11-pip-15d01214fdabf41dafc8f1649a2029b2b82fd6b2dc9da730c5450be92715da74
test (3.12)	Install dependencies	ï»¿2025-10-21T14:56:14.1424194Z ##[group]Run python -m pip install --upgrade pip
test (3.12)	Install dependencies	2025-10-21T14:56:14.1424697Z [36;1mpython -m pip install --upgrade pip[0m
test (3.12)	Install dependencies	2025-10-21T14:56:14.1425024Z [36;1mpip install -r requirements.txt[0m
test (3.12)	Install dependencies	2025-10-21T14:56:14.1425354Z [36;1mpython -m spacy download en_core_web_sm[0m
test (3.12)	Install dependencies	2025-10-21T14:56:14.1464737Z shell: /usr/bin/bash -e {0}
test (3.12)	Install dependencies	2025-10-21T14:56:14.1465026Z env:
test (3.12)	Install dependencies	2025-10-21T14:56:14.1465339Z   pythonLocation: /opt/hostedtoolcache/Python/3.12.11/x64
test (3.12)	Install dependencies	2025-10-21T14:56:14.1465786Z   PKG_CONFIG_PATH: /opt/hostedtoolcache/Python/3.12.11/x64/lib/pkgconfig
test (3.12)	Install dependencies	2025-10-21T14:56:14.1466220Z   Python_ROOT_DIR: /opt/hostedtoolcache/Python/3.12.11/x64
test (3.12)	Install dependencies	2025-10-21T14:56:14.1466597Z   Python2_ROOT_DIR: /opt/hostedtoolcache/Python/3.12.11/x64
test (3.12)	Install dependencies	2025-10-21T14:56:14.1466987Z   Python3_ROOT_DIR: /opt/hostedtoolcache/Python/3.12.11/x64
test (3.12)	Install dependencies	2025-10-21T14:56:14.1467353Z   LD_LIBRARY_PATH: /opt/hostedtoolcache/Python/3.12.11/x64/lib
test (3.12)	Install dependencies	2025-10-21T14:56:14.1467664Z ##[endgroup]
test (3.12)	Install dependencies	2025-10-21T14:56:15.7841508Z Requirement already satisfied: pip in /opt/hostedtoolcache/Python/3.12.11/x64/lib/python3.12/site-packages (25.2)
test (3.12)	Install dependencies	2025-10-21T14:56:16.4886387Z Collecting numpy>=1.26 (from -r requirements.txt (line 1))
test (3.12)	Install dependencies	2025-10-21T14:56:16.4900068Z   Using cached numpy-2.3.4-cp312-cp312-manylinux_2_27_x86_64.manylinux_2_28_x86_64.whl.metadata (62 kB)
test (3.12)	Install dependencies	2025-10-21T14:56:16.6034677Z Collecting pandas>=2.2 (from -r requirements.txt (line 2))
test (3.12)	Install dependencies	2025-10-21T14:56:16.6047171Z   Using cached pandas-2.3.3-cp312-cp312-manylinux_2_24_x86_64.manylinux_2_28_x86_64.whl.metadata (91 kB)
test (3.12)	Install dependencies	2025-10-21T14:56:16.6573353Z Collecting networkx>=3.2 (from -r requirements.txt (line 3))
test (3.12)	Install dependencies	2025-10-21T14:56:16.6585293Z   Using cached networkx-3.5-py3-none-any.whl.metadata (6.3 kB)
test (3.12)	Install dependencies	2025-10-21T14:56:16.6907683Z Collecting tqdm>=4.66 (from -r requirements.txt (line 4))
test (3.12)	Install dependencies	2025-10-21T14:56:16.6919260Z   Using cached tqdm-4.67.1-py3-none-any.whl.metadata (57 kB)
test (3.12)	Install dependencies	2025-10-21T14:56:16.8209281Z Collecting matplotlib>=3.8 (from -r requirements.txt (line 5))
test (3.12)	Install dependencies	2025-10-21T14:56:16.8221778Z   Using cached matplotlib-3.10.7-cp312-cp312-manylinux2014_x86_64.manylinux_2_17_x86_64.whl.metadata (11 kB)
test (3.12)	Install dependencies	2025-10-21T14:56:16.8352504Z Collecting seaborn>=0.13 (from -r requirements.txt (line 6))
test (3.12)	Install dependencies	2025-10-21T14:56:16.8364001Z   Using cached seaborn-0.13.2-py3-none-any.whl.metadata (5.4 kB)
test (3.12)	Install dependencies	2025-10-21T14:56:16.8486374Z Collecting pyvis>=0.3.2 (from -r requirements.txt (line 7))
test (3.12)	Install dependencies	2025-10-21T14:56:16.8497786Z   Using cached pyvis-0.3.2-py3-none-any.whl.metadata (1.7 kB)
test (3.12)	Install dependencies	2025-10-21T14:56:16.9587863Z Collecting scipy>=1.12 (from -r requirements.txt (line 8))
test (3.12)	Install dependencies	2025-10-21T14:56:16.9600083Z   Using cached scipy-1.16.2-cp312-cp312-manylinux2014_x86_64.manylinux_2_17_x86_64.whl.metadata (62 kB)
test (3.12)	Install dependencies	2025-10-21T14:56:17.1063169Z Collecting polars>=0.20 (from -r requirements.txt (line 9))
test (3.12)	Install dependencies	2025-10-21T14:56:17.1075409Z   Using cached polars-1.34.0-py3-none-any.whl.metadata (10 kB)
test (3.12)	Install dependencies	2025-10-21T14:56:17.1411453Z Collecting python-igraph>=0.11 (from -r requirements.txt (line 10))
test (3.12)	Install dependencies	2025-10-21T14:56:17.1422851Z   Using cached python_igraph-0.11.9-py3-none-any.whl.metadata (3.1 kB)
test (3.12)	Install dependencies	2025-10-21T14:56:17.2658998Z Collecting spacy>=3.7 (from spacy[transformers]>=3.7->-r requirements.txt (line 11))
test (3.12)	Install dependencies	2025-10-21T14:56:17.2672025Z   Using cached spacy-3.8.7-cp312-cp312-manylinux_2_17_x86_64.manylinux2014_x86_64.whl.metadata (27 kB)
test (3.12)	Install dependencies	2025-10-21T14:56:17.2871018Z Collecting python-louvain>=0.16 (from -r requirements.txt (line 12))
test (3.12)	Install dependencies	2025-10-21T14:56:17.2872676Z   Using cached python_louvain-0.16-py3-none-any.whl
test (3.12)	Install dependencies	2025-10-21T14:56:17.3061696Z Collecting sentence-transformers>=2.2.0 (from -r requirements.txt (line 13))
test (3.12)	Install dependencies	2025-10-21T14:56:17.3073219Z   Using cached sentence_transformers-5.1.1-py3-none-any.whl.metadata (16 kB)
test (3.12)	Install dependencies	2025-10-21T14:56:17.3869733Z Collecting scikit-learn>=1.3.0 (from -r requirements.txt (line 14))
test (3.12)	Install dependencies	2025-10-21T14:56:17.3882043Z   Using cached scikit_learn-1.7.2-cp312-cp312-manylinux2014_x86_64.manylinux_2_17_x86_64.whl.metadata (11 kB)
test (3.12)	Install dependencies	2025-10-21T14:56:17.4702154Z Collecting bertopic>=0.16 (from -r requirements.txt (line 15))
test (3.12)	Install dependencies	2025-10-21T14:56:17.4713389Z   Using cached bertopic-0.17.3-py3-none-any.whl.metadata (24 kB)
test (3.12)	Install dependencies	2025-10-21T14:56:17.4938719Z Collecting cupy-cuda12x (from -r requirements.txt (line 16))
test (3.12)	Install dependencies	2025-10-21T14:56:17.4950339Z   Using cached cupy_cuda12x-13.6.0-cp312-cp312-manylinux2014_x86_64.whl.metadata (2.4 kB)
test (3.12)	Install dependencies	2025-10-21T14:56:17.5082318Z Collecting python-dateutil>=2.8.2 (from pandas>=2.2->-r requirements.txt (line 2))
test (3.12)	Install dependencies	2025-10-21T14:56:17.5093941Z   Using cached python_dateutil-2.9.0.post0-py2.py3-none-any.whl.metadata (8.4 kB)
test (3.12)	Install dependencies	2025-10-21T14:56:17.5431533Z Collecting pytz>=2020.1 (from pandas>=2.2->-r requirements.txt (line 2))
test (3.12)	Install dependencies	2025-10-21T14:56:17.5442818Z   Using cached pytz-2025.2-py2.py3-none-any.whl.metadata (22 kB)
test (3.12)	Install dependencies	2025-10-21T14:56:17.5567828Z Collecting tzdata>=2022.7 (from pandas>=2.2->-r requirements.txt (line 2))
test (3.12)	Install dependencies	2025-10-21T14:56:17.5579163Z   Using cached tzdata-2025.2-py2.py3-none-any.whl.metadata (1.4 kB)
test (3.12)	Install dependencies	2025-10-21T14:56:17.6217091Z Collecting contourpy>=1.0.1 (from matplotlib>=3.8->-r requirements.txt (line 5))
test (3.12)	Install dependencies	2025-10-21T14:56:17.6229063Z   Using cached contourpy-1.3.3-cp312-cp312-manylinux_2_27_x86_64.manylinux_2_28_x86_64.whl.metadata (5.5 kB)
test (3.12)	Install dependencies	2025-10-21T14:56:17.6407111Z Collecting cycler>=0.10 (from matplotlib>=3.8->-r requirements.txt (line 5))
test (3.12)	Install dependencies	2025-10-21T14:56:17.6407964Z   Using cached cycler-0.12.1-py3-none-any.whl.metadata (3.8 kB)
test (3.12)	Install dependencies	2025-10-21T14:56:17.7811418Z Collecting fonttools>=4.22.0 (from matplotlib>=3.8->-r requirements.txt (line 5))
test (3.12)	Install dependencies	2025-10-21T14:56:17.7825045Z   Using cached fonttools-4.60.1-cp312-cp312-manylinux1_x86_64.manylinux2014_x86_64.manylinux_2_17_x86_64.manylinux_2_5_x86_64.whl.metadata (112 kB)
test (3.12)	Install dependencies	2025-10-21T14:56:17.8549958Z Collecting kiwisolver>=1.3.1 (from matplotlib>=3.8->-r requirements.txt (line 5))
test (3.12)	Install dependencies	2025-10-21T14:56:17.8562230Z   Using cached kiwisolver-1.4.9-cp312-cp312-manylinux2014_x86_64.manylinux_2_17_x86_64.whl.metadata (6.3 kB)
test (3.12)	Install dependencies	2025-10-21T14:56:17.8781340Z Collecting packaging>=20.0 (from matplotlib>=3.8->-r requirements.txt (line 5))
test (3.12)	Install dependencies	2025-10-21T14:56:17.8792554Z   Using cached packaging-25.0-py3-none-any.whl.metadata (3.3 kB)
test (3.12)	Install dependencies	2025-10-21T14:56:18.0672285Z Collecting pillow>=8 (from matplotlib>=3.8->-r requirements.txt (line 5))
test (3.12)	Install dependencies	2025-10-21T14:56:18.0686343Z   Using cached pillow-12.0.0-cp312-cp312-manylinux_2_27_x86_64.manylinux_2_28_x86_64.whl.metadata (8.8 kB)
test (3.12)	Install dependencies	2025-10-21T14:56:18.0955232Z Collecting pyparsing>=3 (from matplotlib>=3.8->-r requirements.txt (line 5))
test (3.12)	Install dependencies	2025-10-21T14:56:18.0967013Z   Using cached pyparsing-3.2.5-py3-none-any.whl.metadata (5.0 kB)
test (3.12)	Install dependencies	2025-10-21T14:56:18.1620898Z Collecting ipython>=5.3.0 (from pyvis>=0.3.2->-r requirements.txt (line 7))
test (3.12)	Install dependencies	2025-10-21T14:56:18.1632365Z   Using cached ipython-9.6.0-py3-none-any.whl.metadata (4.4 kB)
test (3.12)	Install dependencies	2025-10-21T14:56:18.1810765Z Collecting jinja2>=2.9.6 (from pyvis>=0.3.2->-r requirements.txt (line 7))
test (3.12)	Install dependencies	2025-10-21T14:56:18.1822247Z   Using cached jinja2-3.1.6-py3-none-any.whl.metadata (2.9 kB)
test (3.12)	Install dependencies	2025-10-21T14:56:18.1983369Z Collecting jsonpickle>=1.4.1 (from pyvis>=0.3.2->-r requirements.txt (line 7))
test (3.12)	Install dependencies	2025-10-21T14:56:18.1995085Z   Using cached jsonpickle-4.1.1-py3-none-any.whl.metadata (8.1 kB)
test (3.12)	Install dependencies	2025-10-21T14:56:18.2340245Z Collecting polars-runtime-32==1.34.0 (from polars>=0.20->-r requirements.txt (line 9))
test (3.12)	Install dependencies	2025-10-21T14:56:18.2352052Z   Using cached polars_runtime_32-1.34.0-cp39-abi3-manylinux_2_17_x86_64.manylinux2014_x86_64.whl.metadata (1.5 kB)
test (3.12)	Install dependencies	2025-10-21T14:56:18.2861253Z Collecting igraph==0.11.9 (from python-igraph>=0.11->-r requirements.txt (line 10))
test (3.12)	Install dependencies	2025-10-21T14:56:18.2873020Z   Using cached igraph-0.11.9-cp39-abi3-manylinux_2_17_x86_64.manylinux2014_x86_64.whl.metadata (4.4 kB)
test (3.12)	Install dependencies	2025-10-21T14:56:18.3027940Z Collecting texttable>=1.6.2 (from igraph==0.11.9->python-igraph>=0.11->-r requirements.txt (line 10))
test (3.12)	Install dependencies	2025-10-21T14:56:18.3039530Z   Using cached texttable-1.7.0-py2.py3-none-any.whl.metadata (9.8 kB)
test (3.12)	Install dependencies	2025-10-21T14:56:18.3156487Z Collecting spacy-legacy<3.1.0,>=3.0.11 (from spacy>=3.7->spacy[transformers]>=3.7->-r requirements.txt (line 11))
test (3.12)	Install dependencies	2025-10-21T14:56:18.3168076Z   Using cached spacy_legacy-3.0.12-py2.py3-none-any.whl.metadata (2.8 kB)
test (3.12)	Install dependencies	2025-10-21T14:56:18.3254184Z Collecting spacy-loggers<2.0.0,>=1.0.0 (from spacy>=3.7->spacy[transformers]>=3.7->-r requirements.txt (line 11))
test (3.12)	Install dependencies	2025-10-21T14:56:18.3265512Z   Using cached spacy_loggers-1.0.5-py3-none-any.whl.metadata (23 kB)
test (3.12)	Install dependencies	2025-10-21T14:56:18.3550411Z Collecting murmurhash<1.1.0,>=0.28.0 (from spacy>=3.7->spacy[transformers]>=3.7->-r requirements.txt (line 11))
test (3.12)	Install dependencies	2025-10-21T14:56:18.3562420Z   Using cached murmurhash-1.0.13-cp312-cp312-manylinux_2_5_x86_64.manylinux1_x86_64.manylinux_2_17_x86_64.manylinux2014_x86_64.whl.metadata (2.2 kB)
test (3.12)	Install dependencies	2025-10-21T14:56:18.3850938Z Collecting cymem<2.1.0,>=2.0.2 (from spacy>=3.7->spacy[transformers]>=3.7->-r requirements.txt (line 11))
test (3.12)	Install dependencies	2025-10-21T14:56:18.3862576Z   Using cached cymem-2.0.11-cp312-cp312-manylinux_2_17_x86_64.manylinux2014_x86_64.whl.metadata (8.5 kB)
test (3.12)	Install dependencies	2025-10-21T14:56:18.4136171Z Collecting preshed<3.1.0,>=3.0.2 (from spacy>=3.7->spacy[transformers]>=3.7->-r requirements.txt (line 11))
test (3.12)	Install dependencies	2025-10-21T14:56:18.4148396Z   Using cached preshed-3.0.10-cp312-cp312-manylinux_2_5_x86_64.manylinux1_x86_64.manylinux_2_17_x86_64.manylinux2014_x86_64.whl.metadata (2.4 kB)
test (3.12)	Install dependencies	2025-10-21T14:56:18.5385796Z Collecting thinc<8.4.0,>=8.3.4 (from spacy>=3.7->spacy[transformers]>=3.7->-r requirements.txt (line 11))
test (3.12)	Install dependencies	2025-10-21T14:56:18.5398138Z   Using cached thinc-8.3.6-cp312-cp312-manylinux_2_17_x86_64.manylinux2014_x86_64.whl.metadata (15 kB)
test (3.12)	Install dependencies	2025-10-21T14:56:18.5602708Z Collecting wasabi<1.2.0,>=0.9.1 (from spacy>=3.7->spacy[transformers]>=3.7->-r requirements.txt (line 11))
test (3.12)	Install dependencies	2025-10-21T14:56:18.5614165Z   Using cached wasabi-1.1.3-py3-none-any.whl.metadata (28 kB)
test (3.12)	Install dependencies	2025-10-21T14:56:18.6037143Z Collecting srsly<3.0.0,>=2.4.3 (from spacy>=3.7->spacy[transformers]>=3.7->-r requirements.txt (line 11))
test (3.12)	Install dependencies	2025-10-21T14:56:18.6049342Z   Using cached srsly-2.5.1-cp312-cp312-manylinux_2_17_x86_64.manylinux2014_x86_64.whl.metadata (19 kB)
test (3.12)	Install dependencies	2025-10-21T14:56:18.6158041Z Collecting catalogue<2.1.0,>=2.0.6 (from spacy>=3.7->spacy[transformers]>=3.7->-r requirements.txt (line 11))
test (3.12)	Install dependencies	2025-10-21T14:56:18.6169338Z   Using cached catalogue-2.0.10-py3-none-any.whl.metadata (14 kB)
test (3.12)	Install dependencies	2025-10-21T14:56:18.6279047Z Collecting weasel<0.5.0,>=0.1.0 (from spacy>=3.7->spacy[transformers]>=3.7->-r requirements.txt (line 11))
test (3.12)	Install dependencies	2025-10-21T14:56:18.6290256Z   Using cached weasel-0.4.1-py3-none-any.whl.metadata (4.6 kB)
test (3.12)	Install dependencies	2025-10-21T14:56:18.6505201Z Collecting typer<1.0.0,>=0.3.0 (from spacy>=3.7->spacy[transformers]>=3.7->-r requirements.txt (line 11))
test (3.12)	Install dependencies	2025-10-21T14:56:18.6516450Z   Using cached typer-0.20.0-py3-none-any.whl.metadata (16 kB)
test (3.12)	Install dependencies	2025-10-21T14:56:18.7080533Z Collecting requests<3.0.0,>=2.13.0 (from spacy>=3.7->spacy[transformers]>=3.7->-r requirements.txt (line 11))
test (3.12)	Install dependencies	2025-10-21T14:56:18.7092383Z   Using cached requests-2.32.5-py3-none-any.whl.metadata (4.9 kB)
test (3.12)	Install dependencies	2025-10-21T14:56:18.8401304Z Collecting pydantic!=1.8,!=1.8.1,<3.0.0,>=1.7.4 (from spacy>=3.7->spacy[transformers]>=3.7->-r requirements.txt (line 11))
test (3.12)	Install dependencies	2025-10-21T14:56:18.8412542Z   Using cached pydantic-2.12.3-py3-none-any.whl.metadata (87 kB)
test (3.12)	Install dependencies	2025-10-21T14:56:19.0044264Z Collecting setuptools (from spacy>=3.7->spacy[transformers]>=3.7->-r requirements.txt (line 11))
test (3.12)	Install dependencies	2025-10-21T14:56:19.0056760Z   Using cached setuptools-80.9.0-py3-none-any.whl.metadata (6.6 kB)
test (3.12)	Install dependencies	2025-10-21T14:56:19.0222852Z Collecting langcodes<4.0.0,>=3.2.0 (from spacy>=3.7->spacy[transformers]>=3.7->-r requirements.txt (line 11))
test (3.12)	Install dependencies	2025-10-21T14:56:19.0233668Z   Using cached langcodes-3.5.0-py3-none-any.whl.metadata (29 kB)
test (3.12)	Install dependencies	2025-10-21T14:56:19.0359181Z Collecting language-data>=1.2 (from langcodes<4.0.0,>=3.2.0->spacy>=3.7->spacy[transformers]>=3.7->-r requirements.txt (line 11))
test (3.12)	Install dependencies	2025-10-21T14:56:19.0370025Z   Using cached language_data-1.3.0-py3-none-any.whl.metadata (4.3 kB)
test (3.12)	Install dependencies	2025-10-21T14:56:19.0484750Z Collecting annotated-types>=0.6.0 (from pydantic!=1.8,!=1.8.1,<3.0.0,>=1.7.4->spacy>=3.7->spacy[transformers]>=3.7->-r requirements.txt (line 11))
test (3.12)	Install dependencies	2025-10-21T14:56:19.0495580Z   Using cached annotated_types-0.7.0-py3-none-any.whl.metadata (15 kB)
test (3.12)	Install dependencies	2025-10-21T14:56:19.7367302Z Collecting pydantic-core==2.41.4 (from pydantic!=1.8,!=1.8.1,<3.0.0,>=1.7.4->spacy>=3.7->spacy[transformers]>=3.7->-r requirements.txt (line 11))
test (3.12)	Install dependencies	2025-10-21T14:56:19.7379775Z   Using cached pydantic_core-2.41.4-cp312-cp312-manylinux_2_17_x86_64.manylinux2014_x86_64.whl.metadata (7.3 kB)
test (3.12)	Install dependencies	2025-10-21T14:56:19.7521372Z Collecting typing-extensions>=4.14.1 (from pydantic!=1.8,!=1.8.1,<3.0.0,>=1.7.4->spacy>=3.7->spacy[transformers]>=3.7->-r requirements.txt (line 11))
test (3.12)	Install dependencies	2025-10-21T14:56:19.7532280Z   Using cached typing_extensions-4.15.0-py3-none-any.whl.metadata (3.3 kB)
test (3.12)	Install dependencies	2025-10-21T14:56:19.7665816Z Collecting typing-inspection>=0.4.2 (from pydantic!=1.8,!=1.8.1,<3.0.0,>=1.7.4->spacy>=3.7->spacy[transformers]>=3.7->-r requirements.txt (line 11))
test (3.12)	Install dependencies	2025-10-21T14:56:19.7676368Z   Using cached typing_inspection-0.4.2-py3-none-any.whl.metadata (2.6 kB)
test (3.12)	Install dependencies	2025-10-21T14:56:19.8478317Z Collecting charset_normalizer<4,>=2 (from requests<3.0.0,>=2.13.0->spacy>=3.7->spacy[transformers]>=3.7->-r requirements.txt (line 11))
test (3.12)	Install dependencies	2025-10-21T14:56:19.8491249Z   Using cached charset_normalizer-3.4.4-cp312-cp312-manylinux2014_x86_64.manylinux_2_17_x86_64.manylinux_2_28_x86_64.whl.metadata (37 kB)
test (3.12)	Install dependencies	2025-10-21T14:56:19.8637390Z Collecting idna<4,>=2.5 (from requests<3.0.0,>=2.13.0->spacy>=3.7->spacy[transformers]>=3.7->-r requirements.txt (line 11))
test (3.12)	Install dependencies	2025-10-21T14:56:19.8648631Z   Using cached idna-3.11-py3-none-any.whl.metadata (8.4 kB)
test (3.12)	Install dependencies	2025-10-21T14:56:19.8934758Z Collecting urllib3<3,>=1.21.1 (from requests<3.0.0,>=2.13.0->spacy>=3.7->spacy[transformers]>=3.7->-r requirements.txt (line 11))
test (3.12)	Install dependencies	2025-10-21T14:56:19.8946010Z   Using cached urllib3-2.5.0-py3-none-any.whl.metadata (6.5 kB)
test (3.12)	Install dependencies	2025-10-21T14:56:19.9136595Z Collecting certifi>=2017.4.17 (from requests<3.0.0,>=2.13.0->spacy>=3.7->spacy[transformers]>=3.7->-r requirements.txt (line 11))
test (3.12)	Install dependencies	2025-10-21T14:56:19.9147953Z   Using cached certifi-2025.10.5-py3-none-any.whl.metadata (2.5 kB)
test (3.12)	Install dependencies	2025-10-21T14:56:19.9653667Z Collecting blis<1.4.0,>=1.3.0 (from thinc<8.4.0,>=8.3.4->spacy>=3.7->spacy[transformers]>=3.7->-r requirements.txt (line 11))
test (3.12)	Install dependencies	2025-10-21T14:56:19.9665294Z   Using cached blis-1.3.0-cp312-cp312-manylinux_2_17_x86_64.manylinux2014_x86_64.whl.metadata (7.4 kB)
test (3.12)	Install dependencies	2025-10-21T14:56:19.9899218Z Collecting confection<1.0.0,>=0.0.1 (from thinc<8.4.0,>=8.3.4->spacy>=3.7->spacy[transformers]>=3.7->-r requirements.txt (line 11))
test (3.12)	Install dependencies	2025-10-21T14:56:19.9910612Z   Using cached confection-0.1.5-py3-none-any.whl.metadata (19 kB)
test (3.12)	Install dependencies	2025-10-21T14:56:20.0535899Z Collecting click>=8.0.0 (from typer<1.0.0,>=0.3.0->spacy>=3.7->spacy[transformers]>=3.7->-r requirements.txt (line 11))
test (3.12)	Install dependencies	2025-10-21T14:56:20.0547212Z   Using cached click-8.3.0-py3-none-any.whl.metadata (2.6 kB)
test (3.12)	Install dependencies	2025-10-21T14:56:20.0685301Z Collecting shellingham>=1.3.0 (from typer<1.0.0,>=0.3.0->spacy>=3.7->spacy[transformers]>=3.7->-r requirements.txt (line 11))
test (3.12)	Install dependencies	2025-10-21T14:56:20.0696812Z   Using cached shellingham-1.5.4-py2.py3-none-any.whl.metadata (3.5 kB)
test (3.12)	Install dependencies	2025-10-21T14:56:20.1066640Z Collecting rich>=10.11.0 (from typer<1.0.0,>=0.3.0->spacy>=3.7->spacy[transformers]>=3.7->-r requirements.txt (line 11))
test (3.12)	Install dependencies	2025-10-21T14:56:20.1078195Z   Using cached rich-14.2.0-py3-none-any.whl.metadata (18 kB)
test (3.12)	Install dependencies	2025-10-21T14:56:20.1287998Z Collecting cloudpathlib<1.0.0,>=0.7.0 (from weasel<0.5.0,>=0.1.0->spacy>=3.7->spacy[transformers]>=3.7->-r requirements.txt (line 11))
test (3.12)	Install dependencies	2025-10-21T14:56:20.1299315Z   Using cached cloudpathlib-0.23.0-py3-none-any.whl.metadata (16 kB)
test (3.12)	Install dependencies	2025-10-21T14:56:20.1465672Z Collecting smart-open<8.0.0,>=5.2.1 (from weasel<0.5.0,>=0.1.0->spacy>=3.7->spacy[transformers]>=3.7->-r requirements.txt (line 11))
test (3.12)	Install dependencies	2025-10-21T14:56:20.1477333Z   Using cached smart_open-7.4.0-py3-none-any.whl.metadata (24 kB)
test (3.12)	Install dependencies	2025-10-21T14:56:20.2712378Z Collecting wrapt (from smart-open<8.0.0,>=5.2.1->weasel<0.5.0,>=0.1.0->spacy>=3.7->spacy[transformers]>=3.7->-r requirements.txt (line 11))
test (3.12)	Install dependencies	2025-10-21T14:56:20.2725673Z   Using cached wrapt-2.0.0-cp312-cp312-manylinux1_x86_64.manylinux_2_28_x86_64.manylinux_2_5_x86_64.whl.metadata (8.8 kB)
test (3.12)	Install dependencies	2025-10-21T14:56:20.8362757Z Collecting transformers<5.0.0,>=4.41.0 (from sentence-transformers>=2.2.0->-r requirements.txt (line 13))
test (3.12)	Install dependencies	2025-10-21T14:56:20.8374826Z   Using cached transformers-4.57.1-py3-none-any.whl.metadata (43 kB)
test (3.12)	Install dependencies	2025-10-21T14:56:21.0571778Z Collecting torch>=1.11.0 (from sentence-transformers>=2.2.0->-r requirements.txt (line 13))
test (3.12)	Install dependencies	2025-10-21T14:56:21.0583169Z   Using cached torch-2.9.0-cp312-cp312-manylinux_2_28_x86_64.whl.metadata (30 kB)
test (3.12)	Install dependencies	2025-10-21T14:56:21.1010502Z Collecting huggingface-hub>=0.20.0 (from sentence-transformers>=2.2.0->-r requirements.txt (line 13))
test (3.12)	Install dependencies	2025-10-21T14:56:21.1021633Z   Using cached huggingface_hub-0.35.3-py3-none-any.whl.metadata (14 kB)
test (3.12)	Install dependencies	2025-10-21T14:56:21.1438485Z Collecting filelock (from transformers<5.0.0,>=4.41.0->sentence-transformers>=2.2.0->-r requirements.txt (line 13))
test (3.12)	Install dependencies	2025-10-21T14:56:21.1449606Z   Using cached filelock-3.20.0-py3-none-any.whl.metadata (2.1 kB)
test (3.12)	Install dependencies	2025-10-21T14:56:21.2036644Z Collecting pyyaml>=5.1 (from transformers<5.0.0,>=4.41.0->sentence-transformers>=2.2.0->-r requirements.txt (line 13))
test (3.12)	Install dependencies	2025-10-21T14:56:21.2048075Z   Using cached pyyaml-6.0.3-cp312-cp312-manylinux2014_x86_64.manylinux_2_17_x86_64.manylinux_2_28_x86_64.whl.metadata (2.4 kB)
test (3.12)	Install dependencies	2025-10-21T14:56:21.6224902Z Collecting regex!=2019.12.17 (from transformers<5.0.0,>=4.41.0->sentence-transformers>=2.2.0->-r requirements.txt (line 13))
test (3.12)	Install dependencies	2025-10-21T14:56:21.6547292Z   Downloading regex-2025.10.22-cp312-cp312-manylinux2014_x86_64.manylinux_2_17_x86_64.manylinux_2_28_x86_64.whl.metadata (40 kB)
test (3.12)	Install dependencies	2025-10-21T14:56:21.8058978Z Collecting tokenizers<=0.23.0,>=0.22.0 (from transformers<5.0.0,>=4.41.0->sentence-transformers>=2.2.0->-r requirements.txt (line 13))
test (3.12)	Install dependencies	2025-10-21T14:56:21.8071962Z   Using cached tokenizers-0.22.1-cp39-abi3-manylinux_2_17_x86_64.manylinux2014_x86_64.whl.metadata (6.8 kB)
test (3.12)	Install dependencies	2025-10-21T14:56:21.9158689Z Collecting safetensors>=0.4.3 (from transformers<5.0.0,>=4.41.0->sentence-transformers>=2.2.0->-r requirements.txt (line 13))
test (3.12)	Install dependencies	2025-10-21T14:56:21.9170750Z   Using cached safetensors-0.6.2-cp38-abi3-manylinux_2_17_x86_64.manylinux2014_x86_64.whl.metadata (4.1 kB)
test (3.12)	Install dependencies	2025-10-21T14:56:21.9649488Z Collecting fsspec>=2023.5.0 (from huggingface-hub>=0.20.0->sentence-transformers>=2.2.0->-r requirements.txt (line 13))
test (3.12)	Install dependencies	2025-10-21T14:56:21.9660887Z   Using cached fsspec-2025.9.0-py3-none-any.whl.metadata (10 kB)
test (3.12)	Install dependencies	2025-10-21T14:56:22.0430249Z Collecting hf-xet<2.0.0,>=1.1.3 (from huggingface-hub>=0.20.0->sentence-transformers>=2.2.0->-r requirements.txt (line 13))
test (3.12)	Install dependencies	2025-10-21T14:56:22.0442189Z   Using cached hf_xet-1.1.10-cp37-abi3-manylinux_2_17_x86_64.manylinux2014_x86_64.whl.metadata (4.7 kB)
test (3.12)	Install dependencies	2025-10-21T14:56:22.0984156Z Collecting joblib>=1.2.0 (from scikit-learn>=1.3.0->-r requirements.txt (line 14))
test (3.12)	Install dependencies	2025-10-21T14:56:22.0995660Z   Using cached joblib-1.5.2-py3-none-any.whl.metadata (5.6 kB)
test (3.12)	Install dependencies	2025-10-21T14:56:22.1084107Z Collecting threadpoolctl>=3.1.0 (from scikit-learn>=1.3.0->-r requirements.txt (line 14))
test (3.12)	Install dependencies	2025-10-21T14:56:22.1095604Z   Using cached threadpoolctl-3.6.0-py3-none-any.whl.metadata (13 kB)
test (3.12)	Install dependencies	2025-10-21T14:56:22.1283080Z Collecting hdbscan>=0.8.29 (from bertopic>=0.16->-r requirements.txt (line 15))
test (3.12)	Install dependencies	2025-10-21T14:56:22.1294867Z   Using cached hdbscan-0.8.40-cp312-cp312-manylinux2014_x86_64.manylinux_2_17_x86_64.whl.metadata (15 kB)
test (3.12)	Install dependencies	2025-10-21T14:56:22.1406292Z Collecting umap-learn>=0.5.0 (from bertopic>=0.16->-r requirements.txt (line 15))
test (3.12)	Install dependencies	2025-10-21T14:56:22.1417677Z   Using cached umap_learn-0.5.9.post2-py3-none-any.whl.metadata (25 kB)
test (3.12)	Install dependencies	2025-10-21T14:56:22.1865534Z Collecting plotly>=4.7.0 (from bertopic>=0.16->-r requirements.txt (line 15))
test (3.12)	Install dependencies	2025-10-21T14:56:22.1877087Z   Using cached plotly-6.3.1-py3-none-any.whl.metadata (8.5 kB)
test (3.12)	Install dependencies	2025-10-21T14:56:22.2768077Z Collecting llvmlite>0.36.0 (from bertopic>=0.16->-r requirements.txt (line 15))
test (3.12)	Install dependencies	2025-10-21T14:56:22.2780755Z   Using cached llvmlite-0.45.1-cp312-cp312-manylinux2014_x86_64.manylinux_2_17_x86_64.whl.metadata (4.9 kB)
test (3.12)	Install dependencies	2025-10-21T14:56:22.3057399Z Collecting fastrlock>=0.5 (from cupy-cuda12x->-r requirements.txt (line 16))
test (3.12)	Install dependencies	2025-10-21T14:56:22.3069416Z   Using cached fastrlock-0.8.3-cp312-cp312-manylinux_2_5_x86_64.manylinux1_x86_64.manylinux_2_28_x86_64.whl.metadata (7.7 kB)
test (3.12)	Install dependencies	2025-10-21T14:56:22.3659966Z Collecting decorator (from ipython>=5.3.0->pyvis>=0.3.2->-r requirements.txt (line 7))
test (3.12)	Install dependencies	2025-10-21T14:56:22.3671366Z   Using cached decorator-5.2.1-py3-none-any.whl.metadata (3.9 kB)
test (3.12)	Install dependencies	2025-10-21T14:56:22.3742490Z Collecting ipython-pygments-lexers (from ipython>=5.3.0->pyvis>=0.3.2->-r requirements.txt (line 7))
test (3.12)	Install dependencies	2025-10-21T14:56:22.3754910Z   Using cached ipython_pygments_lexers-1.1.1-py3-none-any.whl.metadata (1.1 kB)
test (3.12)	Install dependencies	2025-10-21T14:56:22.3875199Z Collecting jedi>=0.16 (from ipython>=5.3.0->pyvis>=0.3.2->-r requirements.txt (line 7))
test (3.12)	Install dependencies	2025-10-21T14:56:22.3886682Z   Using cached jedi-0.19.2-py2.py3-none-any.whl.metadata (22 kB)
test (3.12)	Install dependencies	2025-10-21T14:56:22.4014693Z Collecting matplotlib-inline (from ipython>=5.3.0->pyvis>=0.3.2->-r requirements.txt (line 7))
test (3.12)	Install dependencies	2025-10-21T14:56:22.4026294Z   Using cached matplotlib_inline-0.1.7-py3-none-any.whl.metadata (3.9 kB)
test (3.12)	Install dependencies	2025-10-21T14:56:22.4140389Z Collecting pexpect>4.3 (from ipython>=5.3.0->pyvis>=0.3.2->-r requirements.txt (line 7))
test (3.12)	Install dependencies	2025-10-21T14:56:22.4151720Z   Using cached pexpect-4.9.0-py2.py3-none-any.whl.metadata (2.5 kB)
test (3.12)	Install dependencies	2025-10-21T14:56:22.4454267Z Collecting prompt_toolkit<3.1.0,>=3.0.41 (from ipython>=5.3.0->pyvis>=0.3.2->-r requirements.txt (line 7))
test (3.12)	Install dependencies	2025-10-21T14:56:22.4465723Z   Using cached prompt_toolkit-3.0.52-py3-none-any.whl.metadata (6.4 kB)
test (3.12)	Install dependencies	2025-10-21T14:56:22.4640104Z Collecting pygments>=2.4.0 (from ipython>=5.3.0->pyvis>=0.3.2->-r requirements.txt (line 7))
test (3.12)	Install dependencies	2025-10-21T14:56:22.4651452Z   Using cached pygments-2.19.2-py3-none-any.whl.metadata (2.5 kB)
test (3.12)	Install dependencies	2025-10-21T14:56:22.4752486Z Collecting stack_data (from ipython>=5.3.0->pyvis>=0.3.2->-r requirements.txt (line 7))
test (3.12)	Install dependencies	2025-10-21T14:56:22.4763908Z   Using cached stack_data-0.6.3-py3-none-any.whl.metadata (18 kB)
test (3.12)	Install dependencies	2025-10-21T14:56:22.4921616Z Collecting traitlets>=5.13.0 (from ipython>=5.3.0->pyvis>=0.3.2->-r requirements.txt (line 7))
test (3.12)	Install dependencies	2025-10-21T14:56:22.4932962Z   Using cached traitlets-5.14.3-py3-none-any.whl.metadata (10 kB)
test (3.12)	Install dependencies	2025-10-21T14:56:22.5067812Z Collecting wcwidth (from prompt_toolkit<3.1.0,>=3.0.41->ipython>=5.3.0->pyvis>=0.3.2->-r requirements.txt (line 7))
test (3.12)	Install dependencies	2025-10-21T14:56:22.5079261Z   Using cached wcwidth-0.2.14-py2.py3-none-any.whl.metadata (15 kB)
test (3.12)	Install dependencies	2025-10-21T14:56:22.5208857Z Collecting parso<0.9.0,>=0.8.4 (from jedi>=0.16->ipython>=5.3.0->pyvis>=0.3.2->-r requirements.txt (line 7))
test (3.12)	Install dependencies	2025-10-21T14:56:22.5220206Z   Using cached parso-0.8.5-py2.py3-none-any.whl.metadata (8.3 kB)
test (3.12)	Install dependencies	2025-10-21T14:56:22.5770318Z Collecting MarkupSafe>=2.0 (from jinja2>=2.9.6->pyvis>=0.3.2->-r requirements.txt (line 7))
test (3.12)	Install dependencies	2025-10-21T14:56:22.5782476Z   Using cached markupsafe-3.0.3-cp312-cp312-manylinux2014_x86_64.manylinux_2_17_x86_64.manylinux_2_28_x86_64.whl.metadata (2.7 kB)
test (3.12)	Install dependencies	2025-10-21T14:56:22.7230805Z Collecting marisa-trie>=1.1.0 (from language-data>=1.2->langcodes<4.0.0,>=3.2.0->spacy>=3.7->spacy[transformers]>=3.7->-r requirements.txt (line 11))
test (3.12)	Install dependencies	2025-10-21T14:56:22.7244120Z   Using cached marisa_trie-1.3.1-cp312-cp312-manylinux_2_24_x86_64.manylinux_2_28_x86_64.whl.metadata (10 kB)
test (3.12)	Install dependencies	2025-10-21T14:56:22.7411882Z Collecting ptyprocess>=0.5 (from pexpect>4.3->ipython>=5.3.0->pyvis>=0.3.2->-r requirements.txt (line 7))
test (3.12)	Install dependencies	2025-10-21T14:56:22.7423614Z   Using cached ptyprocess-0.7.0-py2.py3-none-any.whl.metadata (1.3 kB)
test (3.12)	Install dependencies	2025-10-21T14:56:22.7862924Z Collecting narwhals>=1.15.1 (from plotly>=4.7.0->bertopic>=0.16->-r requirements.txt (line 15))
test (3.12)	Install dependencies	2025-10-21T14:56:22.7874839Z   Using cached narwhals-2.9.0-py3-none-any.whl.metadata (11 kB)
test (3.12)	Install dependencies	2025-10-21T14:56:22.8101168Z Collecting six>=1.5 (from python-dateutil>=2.8.2->pandas>=2.2->-r requirements.txt (line 2))
test (3.12)	Install dependencies	2025-10-21T14:56:22.8112538Z   Using cached six-1.17.0-py2.py3-none-any.whl.metadata (1.7 kB)
test (3.12)	Install dependencies	2025-10-21T14:56:22.8304920Z Collecting markdown-it-py>=2.2.0 (from rich>=10.11.0->typer<1.0.0,>=0.3.0->spacy>=3.7->spacy[transformers]>=3.7->-r requirements.txt (line 11))
test (3.12)	Install dependencies	2025-10-21T14:56:22.8316381Z   Using cached markdown_it_py-4.0.0-py3-none-any.whl.metadata (7.3 kB)
test (3.12)	Install dependencies	2025-10-21T14:56:22.8505535Z Collecting mdurl~=0.1 (from markdown-it-py>=2.2.0->rich>=10.11.0->typer<1.0.0,>=0.3.0->spacy>=3.7->spacy[transformers]>=3.7->-r requirements.txt (line 11))
test (3.12)	Install dependencies	2025-10-21T14:56:22.8516858Z   Using cached mdurl-0.1.2-py3-none-any.whl.metadata (1.6 kB)
test (3.12)	Install dependencies	2025-10-21T14:56:22.9682741Z Collecting spacy_transformers<1.4.0,>=1.1.2 (from spacy[transformers]>=3.7->-r requirements.txt (line 11))
test (3.12)	Install dependencies	2025-10-21T14:56:22.9694435Z   Using cached spacy_transformers-1.3.9-cp312-cp312-manylinux_2_17_x86_64.manylinux2014_x86_64.whl.metadata (7.0 kB)
test (3.12)	Install dependencies	2025-10-21T14:56:23.0038370Z Collecting transformers<5.0.0,>=4.41.0 (from sentence-transformers>=2.2.0->-r requirements.txt (line 13))
test (3.12)	Install dependencies	2025-10-21T14:56:23.0048934Z   Using cached transformers-4.49.0-py3-none-any.whl.metadata (44 kB)
test (3.12)	Install dependencies	2025-10-21T14:56:23.1407393Z Collecting spacy-alignments<1.0.0,>=0.7.2 (from spacy_transformers<1.4.0,>=1.1.2->spacy[transformers]>=3.7->-r requirements.txt (line 11))
test (3.12)	Install dependencies	2025-10-21T14:56:23.1418173Z   Using cached spacy_alignments-0.9.2-cp312-cp312-manylinux_2_17_x86_64.manylinux2014_x86_64.whl.metadata (2.6 kB)
test (3.12)	Install dependencies	2025-10-21T14:56:23.1695999Z Collecting tokenizers<0.22,>=0.21 (from transformers<5.0.0,>=4.41.0->sentence-transformers>=2.2.0->-r requirements.txt (line 13))
test (3.12)	Install dependencies	2025-10-21T14:56:23.1707172Z   Using cached tokenizers-0.21.4-cp39-abi3-manylinux_2_17_x86_64.manylinux2014_x86_64.whl.metadata (6.7 kB)
test (3.12)	Install dependencies	2025-10-21T14:56:23.2192011Z Collecting sympy>=1.13.3 (from torch>=1.11.0->sentence-transformers>=2.2.0->-r requirements.txt (line 13))
test (3.12)	Install dependencies	2025-10-21T14:56:23.2202641Z   Using cached sympy-1.14.0-py3-none-any.whl.metadata (12 kB)
test (3.12)	Install dependencies	2025-10-21T14:56:23.2456852Z Collecting nvidia-cuda-nvrtc-cu12==12.8.93 (from torch>=1.11.0->sentence-transformers>=2.2.0->-r requirements.txt (line 13))
test (3.12)	Install dependencies	2025-10-21T14:56:23.2468218Z   Using cached nvidia_cuda_nvrtc_cu12-12.8.93-py3-none-manylinux2010_x86_64.manylinux_2_12_x86_64.whl.metadata (1.7 kB)
test (3.12)	Install dependencies	2025-10-21T14:56:23.2572117Z Collecting nvidia-cuda-runtime-cu12==12.8.90 (from torch>=1.11.0->sentence-transformers>=2.2.0->-r requirements.txt (line 13))
test (3.12)	Install dependencies	2025-10-21T14:56:23.2583606Z   Using cached nvidia_cuda_runtime_cu12-12.8.90-py3-none-manylinux2014_x86_64.manylinux_2_17_x86_64.whl.metadata (1.7 kB)
test (3.12)	Install dependencies	2025-10-21T14:56:23.2698611Z Collecting nvidia-cuda-cupti-cu12==12.8.90 (from torch>=1.11.0->sentence-transformers>=2.2.0->-r requirements.txt (line 13))
test (3.12)	Install dependencies	2025-10-21T14:56:23.2709656Z   Using cached nvidia_cuda_cupti_cu12-12.8.90-py3-none-manylinux2014_x86_64.manylinux_2_17_x86_64.whl.metadata (1.7 kB)
test (3.12)	Install dependencies	2025-10-21T14:56:23.2839662Z Collecting nvidia-cudnn-cu12==9.10.2.21 (from torch>=1.11.0->sentence-transformers>=2.2.0->-r requirements.txt (line 13))
test (3.12)	Install dependencies	2025-10-21T14:56:23.2850833Z   Using cached nvidia_cudnn_cu12-9.10.2.21-py3-none-manylinux_2_27_x86_64.whl.metadata (1.8 kB)
test (3.12)	Install dependencies	2025-10-21T14:56:23.3091145Z Collecting nvidia-cublas-cu12==12.8.4.1 (from torch>=1.11.0->sentence-transformers>=2.2.0->-r requirements.txt (line 13))
test (3.12)	Install dependencies	2025-10-21T14:56:23.3101844Z   Using cached nvidia_cublas_cu12-12.8.4.1-py3-none-manylinux_2_27_x86_64.whl.metadata (1.7 kB)
test (3.12)	Install dependencies	2025-10-21T14:56:23.3202591Z Collecting nvidia-cufft-cu12==11.3.3.83 (from torch>=1.11.0->sentence-transformers>=2.2.0->-r requirements.txt (line 13))
test (3.12)	Install dependencies	2025-10-21T14:56:23.3214072Z   Using cached nvidia_cufft_cu12-11.3.3.83-py3-none-manylinux2014_x86_64.manylinux_2_17_x86_64.whl.metadata (1.7 kB)
test (3.12)	Install dependencies	2025-10-21T14:56:23.3321164Z Collecting nvidia-curand-cu12==10.3.9.90 (from torch>=1.11.0->sentence-transformers>=2.2.0->-r requirements.txt (line 13))
test (3.12)	Install dependencies	2025-10-21T14:56:23.3332338Z   Using cached nvidia_curand_cu12-10.3.9.90-py3-none-manylinux_2_27_x86_64.whl.metadata (1.7 kB)
test (3.12)	Install dependencies	2025-10-21T14:56:23.3446605Z Collecting nvidia-cusolver-cu12==11.7.3.90 (from torch>=1.11.0->sentence-transformers>=2.2.0->-r requirements.txt (line 13))
test (3.12)	Install dependencies	2025-10-21T14:56:23.3457668Z   Using cached nvidia_cusolver_cu12-11.7.3.90-py3-none-manylinux_2_27_x86_64.whl.metadata (1.8 kB)
test (3.12)	Install dependencies	2025-10-21T14:56:23.3561955Z Collecting nvidia-cusparse-cu12==12.5.8.93 (from torch>=1.11.0->sentence-transformers>=2.2.0->-r requirements.txt (line 13))
test (3.12)	Install dependencies	2025-10-21T14:56:23.3574809Z   Using cached nvidia_cusparse_cu12-12.5.8.93-py3-none-manylinux2014_x86_64.manylinux_2_17_x86_64.whl.metadata (1.8 kB)
test (3.12)	Install dependencies	2025-10-21T14:56:23.3652688Z Collecting nvidia-cusparselt-cu12==0.7.1 (from torch>=1.11.0->sentence-transformers>=2.2.0->-r requirements.txt (line 13))
test (3.12)	Install dependencies	2025-10-21T14:56:23.3663780Z   Using cached nvidia_cusparselt_cu12-0.7.1-py3-none-manylinux2014_x86_64.whl.metadata (7.0 kB)
test (3.12)	Install dependencies	2025-10-21T14:56:23.3760824Z Collecting nvidia-nccl-cu12==2.27.5 (from torch>=1.11.0->sentence-transformers>=2.2.0->-r requirements.txt (line 13))
test (3.12)	Install dependencies	2025-10-21T14:56:23.3772054Z   Using cached nvidia_nccl_cu12-2.27.5-py3-none-manylinux2014_x86_64.manylinux_2_17_x86_64.whl.metadata (2.0 kB)
test (3.12)	Install dependencies	2025-10-21T14:56:23.3847676Z Collecting nvidia-nvshmem-cu12==3.3.20 (from torch>=1.11.0->sentence-transformers>=2.2.0->-r requirements.txt (line 13))
test (3.12)	Install dependencies	2025-10-21T14:56:23.3859005Z   Using cached nvidia_nvshmem_cu12-3.3.20-py3-none-manylinux2014_x86_64.manylinux_2_17_x86_64.whl.metadata (2.1 kB)
test (3.12)	Install dependencies	2025-10-21T14:56:23.3960914Z Collecting nvidia-nvtx-cu12==12.8.90 (from torch>=1.11.0->sentence-transformers>=2.2.0->-r requirements.txt (line 13))
test (3.12)	Install dependencies	2025-10-21T14:56:23.3972260Z   Using cached nvidia_nvtx_cu12-12.8.90-py3-none-manylinux2014_x86_64.manylinux_2_17_x86_64.whl.metadata (1.8 kB)
test (3.12)	Install dependencies	2025-10-21T14:56:23.4077485Z Collecting nvidia-nvjitlink-cu12==12.8.93 (from torch>=1.11.0->sentence-transformers>=2.2.0->-r requirements.txt (line 13))
test (3.12)	Install dependencies	2025-10-21T14:56:23.4088769Z   Using cached nvidia_nvjitlink_cu12-12.8.93-py3-none-manylinux2010_x86_64.manylinux_2_12_x86_64.whl.metadata (1.7 kB)
test (3.12)	Install dependencies	2025-10-21T14:56:23.4159307Z Collecting nvidia-cufile-cu12==1.13.1.3 (from torch>=1.11.0->sentence-transformers>=2.2.0->-r requirements.txt (line 13))
test (3.12)	Install dependencies	2025-10-21T14:56:23.4170206Z   Using cached nvidia_cufile_cu12-1.13.1.3-py3-none-manylinux2014_x86_64.manylinux_2_17_x86_64.whl.metadata (1.7 kB)
test (3.12)	Install dependencies	2025-10-21T14:56:23.4298991Z Collecting triton==3.5.0 (from torch>=1.11.0->sentence-transformers>=2.2.0->-r requirements.txt (line 13))
test (3.12)	Install dependencies	2025-10-21T14:56:23.4310028Z   Using cached triton-3.5.0-cp312-cp312-manylinux_2_27_x86_64.manylinux_2_28_x86_64.whl.metadata (1.7 kB)
test (3.12)	Install dependencies	2025-10-21T14:56:23.4874294Z Collecting mpmath<1.4,>=1.1.0 (from sympy>=1.13.3->torch>=1.11.0->sentence-transformers>=2.2.0->-r requirements.txt (line 13))
test (3.12)	Install dependencies	2025-10-21T14:56:23.4885407Z   Using cached mpmath-1.3.0-py3-none-any.whl.metadata (8.6 kB)
test (3.12)	Install dependencies	2025-10-21T14:56:23.6067242Z Collecting numba>=0.51.2 (from umap-learn>=0.5.0->bertopic>=0.16->-r requirements.txt (line 15))
test (3.12)	Install dependencies	2025-10-21T14:56:23.6078691Z   Using cached numba-0.62.1-cp312-cp312-manylinux2014_x86_64.manylinux_2_17_x86_64.whl.metadata (2.8 kB)
test (3.12)	Install dependencies	2025-10-21T14:56:23.6183047Z Collecting pynndescent>=0.5 (from umap-learn>=0.5.0->bertopic>=0.16->-r requirements.txt (line 15))
test (3.12)	Install dependencies	2025-10-21T14:56:23.6194786Z   Using cached pynndescent-0.5.13-py3-none-any.whl.metadata (6.8 kB)
test (3.12)	Install dependencies	2025-10-21T14:56:23.6859954Z Collecting executing>=1.2.0 (from stack_data->ipython>=5.3.0->pyvis>=0.3.2->-r requirements.txt (line 7))
test (3.12)	Install dependencies	2025-10-21T14:56:23.6871194Z   Using cached executing-2.2.1-py2.py3-none-any.whl.metadata (8.9 kB)
test (3.12)	Install dependencies	2025-10-21T14:56:23.6999824Z Collecting asttokens>=2.1.0 (from stack_data->ipython>=5.3.0->pyvis>=0.3.2->-r requirements.txt (line 7))
test (3.12)	Install dependencies	2025-10-21T14:56:23.7010316Z   Using cached asttokens-3.0.0-py3-none-any.whl.metadata (4.7 kB)
test (3.12)	Install dependencies	2025-10-21T14:56:23.7086576Z Collecting pure-eval (from stack_data->ipython>=5.3.0->pyvis>=0.3.2->-r requirements.txt (line 7))
test (3.12)	Install dependencies	2025-10-21T14:56:23.7097440Z   Using cached pure_eval-0.2.3-py3-none-any.whl.metadata (6.3 kB)
test (3.12)	Install dependencies	2025-10-21T14:56:23.7273643Z Using cached numpy-2.3.4-cp312-cp312-manylinux_2_27_x86_64.manylinux_2_28_x86_64.whl (16.6 MB)
test (3.12)	Install dependencies	2025-10-21T14:56:23.7403254Z Using cached pandas-2.3.3-cp312-cp312-manylinux_2_24_x86_64.manylinux_2_28_x86_64.whl (12.4 MB)
test (3.12)	Install dependencies	2025-10-21T14:56:23.7500501Z Using cached networkx-3.5-py3-none-any.whl (2.0 MB)
test (3.12)	Install dependencies	2025-10-21T14:56:23.7525294Z Using cached tqdm-4.67.1-py3-none-any.whl (78 kB)
test (3.12)	Install dependencies	2025-10-21T14:56:23.7536665Z Using cached matplotlib-3.10.7-cp312-cp312-manylinux2014_x86_64.manylinux_2_17_x86_64.whl (8.7 MB)
test (3.12)	Install dependencies	2025-10-21T14:56:23.7607433Z Using cached seaborn-0.13.2-py3-none-any.whl (294 kB)
test (3.12)	Install dependencies	2025-10-21T14:56:23.7619911Z Using cached pyvis-0.3.2-py3-none-any.whl (756 kB)
test (3.12)	Install dependencies	2025-10-21T14:56:23.7635868Z Using cached scipy-1.16.2-cp312-cp312-manylinux2014_x86_64.manylinux_2_17_x86_64.whl (35.7 MB)
test (3.12)	Install dependencies	2025-10-21T14:56:23.7895647Z Using cached polars-1.34.0-py3-none-any.whl (772 kB)
test (3.12)	Install dependencies	2025-10-21T14:56:23.7912035Z Using cached polars_runtime_32-1.34.0-cp39-abi3-manylinux_2_17_x86_64.manylinux2014_x86_64.whl (40.3 MB)
test (3.12)	Install dependencies	2025-10-21T14:56:23.8204123Z Using cached python_igraph-0.11.9-py3-none-any.whl (9.2 kB)
test (3.12)	Install dependencies	2025-10-21T14:56:23.8215492Z Using cached igraph-0.11.9-cp39-abi3-manylinux_2_17_x86_64.manylinux2014_x86_64.whl (4.4 MB)
test (3.12)	Install dependencies	2025-10-21T14:56:23.8256795Z Using cached spacy-3.8.7-cp312-cp312-manylinux_2_17_x86_64.manylinux2014_x86_64.whl (33.9 MB)
test (3.12)	Install dependencies	2025-10-21T14:56:23.8504132Z Using cached catalogue-2.0.10-py3-none-any.whl (17 kB)
test (3.12)	Install dependencies	2025-10-21T14:56:23.8515424Z Using cached cymem-2.0.11-cp312-cp312-manylinux_2_17_x86_64.manylinux2014_x86_64.whl (227 kB)
test (3.12)	Install dependencies	2025-10-21T14:56:23.8527799Z Using cached langcodes-3.5.0-py3-none-any.whl (182 kB)
test (3.12)	Install dependencies	2025-10-21T14:56:23.8540619Z Using cached murmurhash-1.0.13-cp312-cp312-manylinux_2_5_x86_64.manylinux1_x86_64.manylinux_2_17_x86_64.manylinux2014_x86_64.whl (128 kB)
test (3.12)	Install dependencies	2025-10-21T14:56:23.8552497Z Using cached preshed-3.0.10-cp312-cp312-manylinux_2_5_x86_64.manylinux1_x86_64.manylinux_2_17_x86_64.manylinux2014_x86_64.whl (869 kB)
test (3.12)	Install dependencies	2025-10-21T14:56:23.8569121Z Using cached pydantic-2.12.3-py3-none-any.whl (462 kB)
test (3.12)	Install dependencies	2025-10-21T14:56:23.8583018Z Using cached pydantic_core-2.41.4-cp312-cp312-manylinux_2_17_x86_64.manylinux2014_x86_64.whl (2.1 MB)
test (3.12)	Install dependencies	2025-10-21T14:56:23.8608526Z Using cached requests-2.32.5-py3-none-any.whl (64 kB)
test (3.12)	Install dependencies	2025-10-21T14:56:23.8620459Z Using cached charset_normalizer-3.4.4-cp312-cp312-manylinux2014_x86_64.manylinux_2_17_x86_64.manylinux_2_28_x86_64.whl (153 kB)
test (3.12)	Install dependencies	2025-10-21T14:56:23.8631297Z Using cached idna-3.11-py3-none-any.whl (71 kB)
test (3.12)	Install dependencies	2025-10-21T14:56:23.8642325Z Using cached spacy_legacy-3.0.12-py2.py3-none-any.whl (29 kB)
test (3.12)	Install dependencies	2025-10-21T14:56:23.8652844Z Using cached spacy_loggers-1.0.5-py3-none-any.whl (22 kB)
test (3.12)	Install dependencies	2025-10-21T14:56:23.8663776Z Using cached srsly-2.5.1-cp312-cp312-manylinux_2_17_x86_64.manylinux2014_x86_64.whl (1.1 MB)
test (3.12)	Install dependencies	2025-10-21T14:56:23.8682505Z Using cached thinc-8.3.6-cp312-cp312-manylinux_2_17_x86_64.manylinux2014_x86_64.whl (4.3 MB)
test (3.12)	Install dependencies	2025-10-21T14:56:23.8722672Z Using cached blis-1.3.0-cp312-cp312-manylinux_2_17_x86_64.manylinux2014_x86_64.whl (11.6 MB)
test (3.12)	Install dependencies	2025-10-21T14:56:23.8814529Z Using cached confection-0.1.5-py3-none-any.whl (35 kB)
test (3.12)	Install dependencies	2025-10-21T14:56:23.8825147Z Using cached typer-0.20.0-py3-none-any.whl (47 kB)
test (3.12)	Install dependencies	2025-10-21T14:56:23.8835952Z Using cached urllib3-2.5.0-py3-none-any.whl (129 kB)
test (3.12)	Install dependencies	2025-10-21T14:56:23.8847172Z Using cached wasabi-1.1.3-py3-none-any.whl (27 kB)
test (3.12)	Install dependencies	2025-10-21T14:56:23.8857595Z Using cached weasel-0.4.1-py3-none-any.whl (50 kB)
test (3.12)	Install dependencies	2025-10-21T14:56:23.8868381Z Using cached cloudpathlib-0.23.0-py3-none-any.whl (62 kB)
test (3.12)	Install dependencies	2025-10-21T14:56:23.8879260Z Using cached smart_open-7.4.0-py3-none-any.whl (63 kB)
test (3.12)	Install dependencies	2025-10-21T14:56:23.8890265Z Using cached sentence_transformers-5.1.1-py3-none-any.whl (486 kB)
test (3.12)	Install dependencies	2025-10-21T14:56:23.8904134Z Using cached huggingface_hub-0.35.3-py3-none-any.whl (564 kB)
test (3.12)	Install dependencies	2025-10-21T14:56:23.8918843Z Using cached hf_xet-1.1.10-cp37-abi3-manylinux_2_17_x86_64.manylinux2014_x86_64.whl (3.2 MB)
test (3.12)	Install dependencies	2025-10-21T14:56:23.8951745Z Using cached scikit_learn-1.7.2-cp312-cp312-manylinux2014_x86_64.manylinux_2_17_x86_64.whl (9.5 MB)
test (3.12)	Install dependencies	2025-10-21T14:56:23.9028277Z Using cached bertopic-0.17.3-py3-none-any.whl (153 kB)
test (3.12)	Install dependencies	2025-10-21T14:56:23.9039885Z Using cached cupy_cuda12x-13.6.0-cp312-cp312-manylinux2014_x86_64.whl (112.9 MB)
test (3.12)	Install dependencies	2025-10-21T14:56:23.9838096Z Using cached annotated_types-0.7.0-py3-none-any.whl (13 kB)
test (3.12)	Install dependencies	2025-10-21T14:56:23.9848570Z Using cached certifi-2025.10.5-py3-none-any.whl (163 kB)
test (3.12)	Install dependencies	2025-10-21T14:56:23.9860788Z Using cached click-8.3.0-py3-none-any.whl (107 kB)
test (3.12)	Install dependencies	2025-10-21T14:56:23.9872677Z Using cached contourpy-1.3.3-cp312-cp312-manylinux_2_27_x86_64.manylinux_2_28_x86_64.whl (362 kB)
test (3.12)	Install dependencies	2025-10-21T14:56:23.9885820Z Using cached cycler-0.12.1-py3-none-any.whl (8.3 kB)
test (3.12)	Install dependencies	2025-10-21T14:56:23.9896841Z Using cached fastrlock-0.8.3-cp312-cp312-manylinux_2_5_x86_64.manylinux1_x86_64.manylinux_2_28_x86_64.whl (53 kB)
test (3.12)	Install dependencies	2025-10-21T14:56:23.9908258Z Using cached fonttools-4.60.1-cp312-cp312-manylinux1_x86_64.manylinux2014_x86_64.manylinux_2_17_x86_64.manylinux_2_5_x86_64.whl (4.9 MB)
test (3.12)	Install dependencies	2025-10-21T14:56:23.9953127Z Using cached fsspec-2025.9.0-py3-none-any.whl (199 kB)
test (3.12)	Install dependencies	2025-10-21T14:56:23.9965624Z Using cached hdbscan-0.8.40-cp312-cp312-manylinux2014_x86_64.manylinux_2_17_x86_64.whl (4.4 MB)
test (3.12)	Install dependencies	2025-10-21T14:56:24.0006198Z Using cached ipython-9.6.0-py3-none-any.whl (616 kB)
test (3.12)	Install dependencies	2025-10-21T14:56:24.0021855Z Using cached prompt_toolkit-3.0.52-py3-none-any.whl (391 kB)
test (3.12)	Install dependencies	2025-10-21T14:56:24.0035343Z Using cached jedi-0.19.2-py2.py3-none-any.whl (1.6 MB)
test (3.12)	Install dependencies	2025-10-21T14:56:24.0056994Z Using cached parso-0.8.5-py2.py3-none-any.whl (106 kB)
test (3.12)	Install dependencies	2025-10-21T14:56:24.0068152Z Using cached jinja2-3.1.6-py3-none-any.whl (134 kB)
test (3.12)	Install dependencies	2025-10-21T14:56:24.0079634Z Using cached joblib-1.5.2-py3-none-any.whl (308 kB)
test (3.12)	Install dependencies	2025-10-21T14:56:24.0092302Z Using cached jsonpickle-4.1.1-py3-none-any.whl (47 kB)
test (3.12)	Install dependencies	2025-10-21T14:56:24.0103573Z Using cached kiwisolver-1.4.9-cp312-cp312-manylinux2014_x86_64.manylinux_2_17_x86_64.whl (1.5 MB)
test (3.12)	Install dependencies	2025-10-21T14:56:24.0124900Z Using cached language_data-1.3.0-py3-none-any.whl (5.4 MB)
test (3.12)	Install dependencies	2025-10-21T14:56:24.0174038Z Using cached llvmlite-0.45.1-cp312-cp312-manylinux2014_x86_64.manylinux_2_17_x86_64.whl (56.3 MB)
test (3.12)	Install dependencies	2025-10-21T14:56:24.0578443Z Using cached marisa_trie-1.3.1-cp312-cp312-manylinux_2_24_x86_64.manylinux_2_28_x86_64.whl (1.3 MB)
test (3.12)	Install dependencies	2025-10-21T14:56:24.0598222Z Using cached markupsafe-3.0.3-cp312-cp312-manylinux2014_x86_64.manylinux_2_17_x86_64.manylinux_2_28_x86_64.whl (22 kB)
test (3.12)	Install dependencies	2025-10-21T14:56:24.0608930Z Using cached packaging-25.0-py3-none-any.whl (66 kB)
test (3.12)	Install dependencies	2025-10-21T14:56:24.0619906Z Using cached pexpect-4.9.0-py2.py3-none-any.whl (63 kB)
test (3.12)	Install dependencies	2025-10-21T14:56:24.0631266Z Using cached pillow-12.0.0-cp312-cp312-manylinux_2_27_x86_64.manylinux_2_28_x86_64.whl (7.0 MB)
test (3.12)	Install dependencies	2025-10-21T14:56:24.0691525Z Using cached plotly-6.3.1-py3-none-any.whl (9.8 MB)
test (3.12)	Install dependencies	2025-10-21T14:56:24.0772213Z Using cached narwhals-2.9.0-py3-none-any.whl (422 kB)
test (3.12)	Install dependencies	2025-10-21T14:56:24.0786138Z Using cached ptyprocess-0.7.0-py2.py3-none-any.whl (13 kB)
test (3.12)	Install dependencies	2025-10-21T14:56:24.0796933Z Using cached pygments-2.19.2-py3-none-any.whl (1.2 MB)
test (3.12)	Install dependencies	2025-10-21T14:56:24.0816515Z Using cached pyparsing-3.2.5-py3-none-any.whl (113 kB)
test (3.12)	Install dependencies	2025-10-21T14:56:24.0827907Z Using cached python_dateutil-2.9.0.post0-py2.py3-none-any.whl (229 kB)
test (3.12)	Install dependencies	2025-10-21T14:56:24.0840102Z Using cached pytz-2025.2-py2.py3-none-any.whl (509 kB)
test (3.12)	Install dependencies	2025-10-21T14:56:24.0854753Z Using cached pyyaml-6.0.3-cp312-cp312-manylinux2014_x86_64.manylinux_2_17_x86_64.manylinux_2_28_x86_64.whl (807 kB)
test (3.12)	Install dependencies	2025-10-21T14:56:24.0893220Z Downloading regex-2025.10.22-cp312-cp312-manylinux2014_x86_64.manylinux_2_17_x86_64.manylinux_2_28_x86_64.whl (803 kB)
test (3.12)	Install dependencies	2025-10-21T14:56:24.1083893Z    ââââââââââââââââââââââââââââââââââââââââ 803.4/803.4 kB 61.6 MB/s  0:00:00
test (3.12)	Install dependencies	2025-10-21T14:56:24.1095355Z Using cached rich-14.2.0-py3-none-any.whl (243 kB)
test (3.12)	Install dependencies	2025-10-21T14:56:24.1108123Z Using cached markdown_it_py-4.0.0-py3-none-any.whl (87 kB)
test (3.12)	Install dependencies	2025-10-21T14:56:24.1119967Z Using cached mdurl-0.1.2-py3-none-any.whl (10.0 kB)
test (3.12)	Install dependencies	2025-10-21T14:56:24.1131728Z Using cached safetensors-0.6.2-cp38-abi3-manylinux_2_17_x86_64.manylinux2014_x86_64.whl (485 kB)
test (3.12)	Install dependencies	2025-10-21T14:56:24.1146239Z Using cached shellingham-1.5.4-py2.py3-none-any.whl (9.8 kB)
test (3.12)	Install dependencies	2025-10-21T14:56:24.1157453Z Using cached six-1.17.0-py2.py3-none-any.whl (11 kB)
test (3.12)	Install dependencies	2025-10-21T14:56:24.1168885Z Using cached spacy_transformers-1.3.9-cp312-cp312-manylinux_2_17_x86_64.manylinux2014_x86_64.whl (795 kB)
test (3.12)	Install dependencies	2025-10-21T14:56:24.1185883Z Using cached spacy_alignments-0.9.2-cp312-cp312-manylinux_2_17_x86_64.manylinux2014_x86_64.whl (313 kB)
test (3.12)	Install dependencies	2025-10-21T14:56:24.1198930Z Using cached transformers-4.49.0-py3-none-any.whl (10.0 MB)
test (3.12)	Install dependencies	2025-10-21T14:56:24.1280730Z Using cached tokenizers-0.21.4-cp39-abi3-manylinux_2_17_x86_64.manylinux2014_x86_64.whl (3.1 MB)
test (3.12)	Install dependencies	2025-10-21T14:56:24.1313049Z Using cached texttable-1.7.0-py2.py3-none-any.whl (10 kB)
test (3.12)	Install dependencies	2025-10-21T14:56:24.1324060Z Using cached threadpoolctl-3.6.0-py3-none-any.whl (18 kB)
test (3.12)	Install dependencies	2025-10-21T14:56:24.1335568Z Using cached torch-2.9.0-cp312-cp312-manylinux_2_28_x86_64.whl (899.7 MB)
test (3.12)	Install dependencies	2025-10-21T14:56:24.7692150Z Using cached nvidia_cublas_cu12-12.8.4.1-py3-none-manylinux_2_27_x86_64.whl (594.3 MB)
test (3.12)	Install dependencies	2025-10-21T14:56:25.1897848Z Using cached nvidia_cuda_cupti_cu12-12.8.90-py3-none-manylinux2014_x86_64.manylinux_2_17_x86_64.whl (10.2 MB)
test (3.12)	Install dependencies	2025-10-21T14:56:25.1982653Z Using cached nvidia_cuda_nvrtc_cu12-12.8.93-py3-none-manylinux2010_x86_64.manylinux_2_12_x86_64.whl (88.0 MB)
test (3.12)	Install dependencies	2025-10-21T14:56:25.2622280Z Using cached nvidia_cuda_runtime_cu12-12.8.90-py3-none-manylinux2014_x86_64.manylinux_2_17_x86_64.whl (954 kB)
test (3.12)	Install dependencies	2025-10-21T14:56:25.2640830Z Using cached nvidia_cudnn_cu12-9.10.2.21-py3-none-manylinux_2_27_x86_64.whl (706.8 MB)
test (3.12)	Install dependencies	2025-10-21T14:56:26.3384279Z Using cached nvidia_cufft_cu12-11.3.3.83-py3-none-manylinux2014_x86_64.manylinux_2_17_x86_64.whl (193.1 MB)
test (3.12)	Install dependencies	2025-10-21T14:56:26.7662402Z Using cached nvidia_cufile_cu12-1.13.1.3-py3-none-manylinux2014_x86_64.manylinux_2_17_x86_64.whl (1.2 MB)
test (3.12)	Install dependencies	2025-10-21T14:56:26.7683079Z Using cached nvidia_curand_cu12-10.3.9.90-py3-none-manylinux_2_27_x86_64.whl (63.6 MB)
test (3.12)	Install dependencies	2025-10-21T14:56:26.9193940Z Using cached nvidia_cusolver_cu12-11.7.3.90-py3-none-manylinux_2_27_x86_64.whl (267.5 MB)
test (3.12)	Install dependencies	2025-10-21T14:56:27.5725723Z Using cached nvidia_cusparse_cu12-12.5.8.93-py3-none-manylinux2014_x86_64.manylinux_2_17_x86_64.whl (288.2 MB)
test (3.12)	Install dependencies	2025-10-21T14:56:28.2811583Z Using cached nvidia_cusparselt_cu12-0.7.1-py3-none-manylinux2014_x86_64.whl (287.2 MB)
test (3.12)	Install dependencies	2025-10-21T14:56:29.0097894Z Using cached nvidia_nccl_cu12-2.27.5-py3-none-manylinux2014_x86_64.manylinux_2_17_x86_64.whl (322.3 MB)
test (3.12)	Install dependencies	2025-10-21T14:56:29.8393867Z Using cached nvidia_nvjitlink_cu12-12.8.93-py3-none-manylinux2010_x86_64.manylinux_2_12_x86_64.whl (39.3 MB)
test (3.12)	Install dependencies	2025-10-21T14:56:29.9367861Z Using cached nvidia_nvshmem_cu12-3.3.20-py3-none-manylinux2014_x86_64.manylinux_2_17_x86_64.whl (124.7 MB)
test (3.12)	Install dependencies	2025-10-21T14:56:30.2444512Z Using cached nvidia_nvtx_cu12-12.8.90-py3-none-manylinux2014_x86_64.manylinux_2_17_x86_64.whl (89 kB)
test (3.12)	Install dependencies	2025-10-21T14:56:30.2457159Z Using cached triton-3.5.0-cp312-cp312-manylinux_2_27_x86_64.manylinux_2_28_x86_64.whl (170.5 MB)
test (3.12)	Install dependencies	2025-10-21T14:56:30.6641722Z Using cached sympy-1.14.0-py3-none-any.whl (6.3 MB)
test (3.12)	Install dependencies	2025-10-21T14:56:30.6783748Z Using cached mpmath-1.3.0-py3-none-any.whl (536 kB)
test (3.12)	Install dependencies	2025-10-21T14:56:30.6799035Z Using cached traitlets-5.14.3-py3-none-any.whl (85 kB)
test (3.12)	Install dependencies	2025-10-21T14:56:30.6810918Z Using cached typing_extensions-4.15.0-py3-none-any.whl (44 kB)
test (3.12)	Install dependencies	2025-10-21T14:56:30.6822059Z Using cached typing_inspection-0.4.2-py3-none-any.whl (14 kB)
test (3.12)	Install dependencies	2025-10-21T14:56:30.6832964Z Using cached tzdata-2025.2-py2.py3-none-any.whl (347 kB)
test (3.12)	Install dependencies	2025-10-21T14:56:30.6846235Z Using cached umap_learn-0.5.9.post2-py3-none-any.whl (90 kB)
test (3.12)	Install dependencies	2025-10-21T14:56:30.6858405Z Using cached numba-0.62.1-cp312-cp312-manylinux2014_x86_64.manylinux_2_17_x86_64.whl (3.8 MB)
test (3.12)	Install dependencies	2025-10-21T14:56:30.6965338Z Using cached pynndescent-0.5.13-py3-none-any.whl (56 kB)
test (3.12)	Install dependencies	2025-10-21T14:56:30.6976707Z Using cached decorator-5.2.1-py3-none-any.whl (9.2 kB)
test (3.12)	Install dependencies	2025-10-21T14:56:30.6988053Z Using cached filelock-3.20.0-py3-none-any.whl (16 kB)
test (3.12)	Install dependencies	2025-10-21T14:56:30.6999307Z Using cached ipython_pygments_lexers-1.1.1-py3-none-any.whl (8.1 kB)
test (3.12)	Install dependencies	2025-10-21T14:56:30.7010317Z Using cached matplotlib_inline-0.1.7-py3-none-any.whl (9.9 kB)
test (3.12)	Install dependencies	2025-10-21T14:56:30.7021412Z Using cached setuptools-80.9.0-py3-none-any.whl (1.2 MB)
test (3.12)	Install dependencies	2025-10-21T14:56:30.7041298Z Using cached stack_data-0.6.3-py3-none-any.whl (24 kB)
test (3.12)	Install dependencies	2025-10-21T14:56:30.7052900Z Using cached asttokens-3.0.0-py3-none-any.whl (26 kB)
test (3.12)	Install dependencies	2025-10-21T14:56:30.7064126Z Using cached executing-2.2.1-py2.py3-none-any.whl (28 kB)
test (3.12)	Install dependencies	2025-10-21T14:56:30.7075514Z Using cached pure_eval-0.2.3-py3-none-any.whl (11 kB)
test (3.12)	Install dependencies	2025-10-21T14:56:30.7086618Z Using cached wcwidth-0.2.14-py2.py3-none-any.whl (37 kB)
test (3.12)	Install dependencies	2025-10-21T14:56:30.7097545Z Using cached wrapt-2.0.0-cp312-cp312-manylinux1_x86_64.manylinux_2_28_x86_64.manylinux_2_5_x86_64.whl (121 kB)
test (3.12)	Install dependencies	2025-10-21T14:56:34.4565307Z Installing collected packages: texttable, pytz, pure-eval, ptyprocess, nvidia-cusparselt-cu12, mpmath, fastrlock, cymem, wrapt, wcwidth, wasabi, urllib3, tzdata, typing-extensions, triton, traitlets, tqdm, threadpoolctl, sympy, spacy-loggers, spacy-legacy, spacy-alignments, six, shellingham, setuptools, safetensors, regex, pyyaml, pyparsing, pygments, polars-runtime-32, pillow, pexpect, parso, packaging, nvidia-nvtx-cu12, nvidia-nvshmem-cu12, nvidia-nvjitlink-cu12, nvidia-nccl-cu12, nvidia-curand-cu12, nvidia-cufile-cu12, nvidia-cuda-runtime-cu12, nvidia-cuda-nvrtc-cu12, nvidia-cuda-cupti-cu12, nvidia-cublas-cu12, numpy, networkx, narwhals, murmurhash, mdurl, MarkupSafe, marisa-trie, llvmlite, kiwisolver, jsonpickle, joblib, igraph, idna, hf-xet, fsspec, fonttools, filelock, executing, decorator, cycler, cloudpathlib, click, charset_normalizer, certifi, catalogue, asttokens, annotated-types, typing-inspection, stack_data, srsly, smart-open, scipy, requests, python-louvain, python-igraph, python-dateutil, pydantic-core, prompt_toolkit, preshed, polars, plotly, nvidia-cusparse-cu12, nvidia-cufft-cu12, nvidia-cudnn-cu12, numba, matplotlib-inline, markdown-it-py, language-data, jinja2, jedi, ipython-pygments-lexers, cupy-cuda12x, contourpy, blis, scikit-learn, rich, pydantic, pandas, nvidia-cusolver-cu12, matplotlib, langcodes, ipython, huggingface-hub, typer, torch, tokenizers, seaborn, pyvis, pynndescent, hdbscan, confection, weasel, umap-learn, transformers, thinc, spacy, sentence-transformers, spacy_transformers, bertopic
test (3.12)	Install dependencies	2025-10-21T14:58:03.5174803Z 
test (3.12)	Install dependencies	2025-10-21T14:58:03.5285424Z Successfully installed MarkupSafe-3.0.3 annotated-types-0.7.0 asttokens-3.0.0 bertopic-0.17.3 blis-1.3.0 catalogue-2.0.10 certifi-2025.10.5 charset_normalizer-3.4.4 click-8.3.0 cloudpathlib-0.23.0 confection-0.1.5 contourpy-1.3.3 cupy-cuda12x-13.6.0 cycler-0.12.1 cymem-2.0.11 decorator-5.2.1 executing-2.2.1 fastrlock-0.8.3 filelock-3.20.0 fonttools-4.60.1 fsspec-2025.9.0 hdbscan-0.8.40 hf-xet-1.1.10 huggingface-hub-0.35.3 idna-3.11 igraph-0.11.9 ipython-9.6.0 ipython-pygments-lexers-1.1.1 jedi-0.19.2 jinja2-3.1.6 joblib-1.5.2 jsonpickle-4.1.1 kiwisolver-1.4.9 langcodes-3.5.0 language-data-1.3.0 llvmlite-0.45.1 marisa-trie-1.3.1 markdown-it-py-4.0.0 matplotlib-3.10.7 matplotlib-inline-0.1.7 mdurl-0.1.2 mpmath-1.3.0 murmurhash-1.0.13 narwhals-2.9.0 networkx-3.5 numba-0.62.1 numpy-2.3.4 nvidia-cublas-cu12-12.8.4.1 nvidia-cuda-cupti-cu12-12.8.90 nvidia-cuda-nvrtc-cu12-12.8.93 nvidia-cuda-runtime-cu12-12.8.90 nvidia-cudnn-cu12-9.10.2.21 nvidia-cufft-cu12-11.3.3.83 nvidia-cufile-cu12-1.13.1.3 nvidia-curand-cu12-10.3.9.90 nvidia-cusolver-cu12-11.7.3.90 nvidia-cusparse-cu12-12.5.8.93 nvidia-cusparselt-cu12-0.7.1 nvidia-nccl-cu12-2.27.5 nvidia-nvjitlink-cu12-12.8.93 nvidia-nvshmem-cu12-3.3.20 nvidia-nvtx-cu12-12.8.90 packaging-25.0 pandas-2.3.3 parso-0.8.5 pexpect-4.9.0 pillow-12.0.0 plotly-6.3.1 polars-1.34.0 polars-runtime-32-1.34.0 preshed-3.0.10 prompt_toolkit-3.0.52 ptyprocess-0.7.0 pure-eval-0.2.3 pydantic-2.12.3 pydantic-core-2.41.4 pygments-2.19.2 pynndescent-0.5.13 pyparsing-3.2.5 python-dateutil-2.9.0.post0 python-igraph-0.11.9 python-louvain-0.16 pytz-2025.2 pyvis-0.3.2 pyyaml-6.0.3 regex-2025.10.22 requests-2.32.5 rich-14.2.0 safetensors-0.6.2 scikit-learn-1.7.2 scipy-1.16.2 seaborn-0.13.2 sentence-transformers-5.1.1 setuptools-80.9.0 shellingham-1.5.4 six-1.17.0 smart-open-7.4.0 spacy-3.8.7 spacy-alignments-0.9.2 spacy-legacy-3.0.12 spacy-loggers-1.0.5 spacy_transformers-1.3.9 srsly-2.5.1 stack_data-0.6.3 sympy-1.14.0 texttable-1.7.0 thinc-8.3.6 threadpoolctl-3.6.0 tokenizers-0.21.4 torch-2.9.0 tqdm-4.67.1 traitlets-5.14.3 transformers-4.49.0 triton-3.5.0 typer-0.20.0 typing-extensions-4.15.0 typing-inspection-0.4.2 tzdata-2025.2 umap-learn-0.5.9.post2 urllib3-2.5.0 wasabi-1.1.3 wcwidth-0.2.14 weasel-0.4.1 wrapt-2.0.0
test (3.12)	Install dependencies	2025-10-21T14:58:08.4484945Z Collecting en-core-web-sm==3.8.0
test (3.12)	Install dependencies	2025-10-21T14:58:08.5693943Z   Downloading https://github.com/explosion/spacy-models/releases/download/en_core_web_sm-3.8.0/en_core_web_sm-3.8.0-py3-none-any.whl (12.8 MB)
test (3.12)	Install dependencies	2025-10-21T14:58:08.6689867Z      ââââââââââââââââââââââââââââââââââââââââ 12.8/12.8 MB 156.5 MB/s  0:00:00
test (3.12)	Install dependencies	2025-10-21T14:58:08.9176725Z Installing collected packages: en-core-web-sm
test (3.12)	Install dependencies	2025-10-21T14:58:09.0172122Z Successfully installed en-core-web-sm-3.8.0
test (3.12)	Install dependencies	2025-10-21T14:58:09.0791735Z [38;5;2mâ Download and installation successful[0m
test (3.12)	Install dependencies	2025-10-21T14:58:09.0792441Z You can now load the package via spacy.load('en_core_web_sm')
test (3.12)	Run unit tests	ï»¿2025-10-21T14:58:09.4519840Z ##[group]Run python -m unittest discover tests -v
test (3.12)	Run unit tests	2025-10-21T14:58:09.4520280Z [36;1mpython -m unittest discover tests -v[0m
test (3.12)	Run unit tests	2025-10-21T14:58:09.4520648Z [36;1mecho "All tests passed including contagion module"[0m
test (3.12)	Run unit tests	2025-10-21T14:58:09.5149871Z shell: /usr/bin/bash -e {0}
test (3.12)	Run unit tests	2025-10-21T14:58:09.5150126Z env:
test (3.12)	Run unit tests	2025-10-21T14:58:09.5150397Z   pythonLocation: /opt/hostedtoolcache/Python/3.12.11/x64
test (3.12)	Run unit tests	2025-10-21T14:58:09.5150842Z   PKG_CONFIG_PATH: /opt/hostedtoolcache/Python/3.12.11/x64/lib/pkgconfig
test (3.12)	Run unit tests	2025-10-21T14:58:09.5151264Z   Python_ROOT_DIR: /opt/hostedtoolcache/Python/3.12.11/x64
test (3.12)	Run unit tests	2025-10-21T14:58:09.5151656Z   Python2_ROOT_DIR: /opt/hostedtoolcache/Python/3.12.11/x64
test (3.12)	Run unit tests	2025-10-21T14:58:09.5152046Z   Python3_ROOT_DIR: /opt/hostedtoolcache/Python/3.12.11/x64
test (3.12)	Run unit tests	2025-10-21T14:58:09.5152431Z   LD_LIBRARY_PATH: /opt/hostedtoolcache/Python/3.12.11/x64/lib
test (3.12)	Run unit tests	2025-10-21T14:58:09.5152776Z   TOKENIZERS_PARALLELISM: false
test (3.12)	Run unit tests	2025-10-21T14:58:09.5153024Z ##[endgroup]
test (3.12)	Run unit tests	2025-10-21T14:58:10.4507115Z test_adoption_curve (test_analysis.TestAnalysis.test_adoption_curve) ... ok
test (3.12)	Run unit tests	2025-10-21T14:58:10.4512961Z test_cascade_metrics (test_analysis.TestAnalysis.test_cascade_metrics) ... ok
test (3.12)	Run unit tests	2025-10-21T14:58:10.4521206Z test_events_to_dataframe (test_analysis.TestAnalysis.test_events_to_dataframe) ... ok
test (3.12)	Run unit tests	2025-10-21T14:58:10.4526438Z test_rt_computation (test_analysis.TestAnalysis.test_rt_computation) ... ok
test (3.12)	Run unit tests	2025-10-21T14:58:10.4535530Z test_sir_curves (test_analysis.TestAnalysis.test_sir_curves) ... ok
test (3.12)	Run unit tests	2025-10-21T14:58:10.4536501Z test_import_build_semantic_network (test_basic.TestImports.test_import_build_semantic_network)
test (3.12)	Run unit tests	2025-10-21T14:58:10.4537231Z Test importing core semantic network module. ... ok
test (3.12)	Run unit tests	2025-10-21T14:58:10.4537778Z test_import_transformers_enhanced (test_basic.TestImports.test_import_transformers_enhanced)
test (3.12)	Run unit tests	2025-10-21T14:58:10.4538309Z Test importing transformer modules. ... ok
test (3.12)	Run unit tests	2025-10-21T14:58:15.8660414Z test_encode_returns_correct_shape (test_basic.TestTransformerEmbeddings.test_encode_returns_correct_shape)
test (3.12)	Run unit tests	2025-10-21T14:58:15.8852889Z Test that encoding returns expected shape. ... ok
test (3.12)	Run unit tests	2025-10-21T14:58:15.8854197Z test_similarity_matrix_properties (test_basic.TestTransformerEmbeddings.test_similarity_matrix_properties)
test (3.12)	Run unit tests	2025-10-21T14:58:15.8992764Z Test basic properties of similarity matrix. ... ok
test (3.12)	Run unit tests	2025-10-21T14:58:15.8993966Z test_similarity_matrix_shape (test_basic.TestTransformerEmbeddings.test_similarity_matrix_shape)
test (3.12)	Run unit tests	2025-10-21T14:58:15.9124263Z Test similarity matrix dimensions. ... ok
test (3.12)	Run unit tests	2025-10-21T14:58:16.9020372Z test_build_document_network_basic (test_basic.TestTransformerSemanticNetwork.test_build_document_network_basic)
test (3.12)	Run unit tests	2025-10-21T14:58:16.9040221Z Encoding documents...
test (3.12)	Run unit tests	2025-10-21T14:58:16.9041133Z Test basic document network creation. ... 
test (3.12)	Run unit tests	2025-10-21T14:58:16.9206057Z Batches:   0%|          | 0/1 [00:00<?, ?it/s]
test (3.12)	Run unit tests	2025-10-21T14:58:16.9206999Z Batches: 100%|ââââââââââ| 1/1 [00:00<00:00, 61.61it/s]
test (3.12)	Run unit tests	2025-10-21T14:58:16.9213911Z ok
test (3.12)	Run unit tests	2025-10-21T14:58:16.9214754Z test_build_document_network_threshold (test_basic.TestTransformerSemanticNetwork.test_build_document_network_threshold)
test (3.12)	Run unit tests	2025-10-21T14:58:16.9230512Z Computing similarity matrix...
test (3.12)	Run unit tests	2025-10-21T14:58:16.9230988Z Test that threshold parameter works. ... 
test (3.12)	Run unit tests	2025-10-21T14:58:16.9231417Z Encoding documents...
test (3.12)	Run unit tests	2025-10-21T14:58:16.9357559Z Batches:   0%|          | 0/1 [00:00<?, ?it/s]
test (3.12)	Run unit tests	2025-10-21T14:58:16.9358506Z Batches: 100%|ââââââââââ| 1/1 [00:00<00:00, 80.63it/s]
test (3.12)	Run unit tests	2025-10-21T14:58:16.9377861Z Computing similarity matrix...
test (3.12)	Run unit tests	2025-10-21T14:58:16.9378170Z 
test (3.12)	Run unit tests	2025-10-21T14:58:16.9378499Z Encoding documents...
test (3.12)	Run unit tests	2025-10-21T14:58:16.9499079Z Batches:   0%|          | 0/1 [00:00<?, ?it/s]
test (3.12)	Run unit tests	2025-10-21T14:58:16.9499896Z Batches: 100%|ââââââââââ| 1/1 [00:00<00:00, 84.37it/s]
test (3.12)	Run unit tests	2025-10-21T14:58:16.9509971Z ok
test (3.12)	Run unit tests	2025-10-21T14:58:16.9510505Z test_build_term_network (test_basic.TestTransformerSemanticNetwork.test_build_term_network)
test (3.12)	Run unit tests	2025-10-21T14:58:16.9525568Z Computing similarity matrix...
test (3.12)	Run unit tests	2025-10-21T14:58:16.9525913Z Encoding terms...
test (3.12)	Run unit tests	2025-10-21T14:58:16.9526202Z Test term network creation. ... 
test (3.12)	Run unit tests	2025-10-21T14:58:16.9614858Z Batches:   0%|          | 0/1 [00:00<?, ?it/s]
test (3.12)	Run unit tests	2025-10-21T14:58:16.9615719Z Batches: 100%|ââââââââââ| 1/1 [00:00<00:00, 115.78it/s]
test (3.12)	Run unit tests	2025-10-21T14:58:16.9620425Z ok
test (3.12)	Run unit tests	2025-10-21T14:58:16.9620995Z test_no_self_loops (test_basic.TestTransformerSemanticNetwork.test_no_self_loops)
test (3.12)	Run unit tests	2025-10-21T14:58:16.9636487Z Computing similarity matrix...
test (3.12)	Run unit tests	2025-10-21T14:58:16.9636924Z Test that network doesn't contain self-loops. ... 
test (3.12)	Run unit tests	2025-10-21T14:58:16.9637370Z Encoding documents...
test (3.12)	Run unit tests	2025-10-21T14:58:16.9769435Z Batches:   0%|          | 0/1 [00:00<?, ?it/s]
test (3.12)	Run unit tests	2025-10-21T14:58:16.9770267Z Batches: 100%|ââââââââââ| 1/1 [00:00<00:00, 76.96it/s]
test (3.12)	Run unit tests	2025-10-21T14:58:16.9777648Z ok
test (3.12)	Run unit tests	2025-10-21T14:58:16.9794717Z test_simulate_from_edges_df (test_contagion_cli.TestContagionCLI.test_simulate_from_edges_df) ... ok
test (3.12)	Run unit tests	2025-10-21T14:58:16.9799105Z test_k_reinforcement_complete_graph_cascade (test_contagion_complex.TestComplexContagion.test_k_reinforcement_complete_graph_cascade) ... ok
test (3.12)	Run unit tests	2025-10-21T14:58:16.9806047Z test_k_reinforcement_needs_multiple (test_contagion_complex.TestComplexContagion.test_k_reinforcement_needs_multiple) ... ok
test (3.12)	Run unit tests	2025-10-21T14:58:16.9811556Z test_watts_threshold_adoption_on_star (test_contagion_complex.TestComplexContagion.test_watts_threshold_adoption_on_star) ... ok
test (3.12)	Run unit tests	2025-10-21T14:58:16.9816613Z test_watts_threshold_cascades_on_line (test_contagion_complex.TestComplexContagion.test_watts_threshold_cascades_on_line) ... ok
test (3.12)	Run unit tests	2025-10-21T14:58:16.9821174Z test_si_runs_and_infects_monotonic (test_contagion_minimal.TestContagionMinimal.test_si_runs_and_infects_monotonic) ... ok
test (3.12)	Run unit tests	2025-10-21T14:58:16.9825635Z test_sir_recovery (test_contagion_minimal.TestContagionMinimal.test_sir_recovery) ... ok
test (3.12)	Run unit tests	2025-10-21T14:58:16.9830375Z test_sis_churns (test_contagion_minimal.TestContagionMinimal.test_sis_churns) ... ok
test (3.12)	Run unit tests	2025-10-21T14:58:16.9862136Z test_gpu_adjacency_counts (test_gpu_backend.TestGPUBackend.test_gpu_adjacency_counts) ... ERROR
test (3.12)	Run unit tests	2025-10-21T14:58:16.9868821Z test_gpu_degrees (test_gpu_backend.TestGPUBackend.test_gpu_degrees) ... ERROR
test (3.12)	Run unit tests	2025-10-21T14:58:16.9897589Z test_infer_si_parameters (test_inference.TestInference.test_infer_si_parameters) ... ok
test (3.12)	Run unit tests	2025-10-21T14:58:16.9950195Z test_infer_sir_parameters (test_inference.TestInference.test_infer_sir_parameters) ... ok
test (3.12)	Run unit tests	2025-10-21T14:58:16.9953942Z test_mp_adjacency_same_as_csr (test_mp_backend.TestMPBackend.test_mp_adjacency_same_as_csr) ... ok
test (3.12)	Run unit tests	2025-10-21T14:58:16.9981848Z Computing similarity matrix...
test (3.12)	Run unit tests	2025-10-21T14:58:17.0066745Z test_mp_matches_serial (test_mp_backend.TestMPBackend.test_mp_matches_serial) ... /opt/hostedtoolcache/Python/3.12.11/x64/lib/python3.12/multiprocessing/popen_fork.py:66: DeprecationWarning: This process (pid=2238) is multi-threaded, use of fork() may lead to deadlocks in the child.
test (3.12)	Run unit tests	2025-10-21T14:58:17.0069608Z   self.pid = os.fork()
test (3.12)	Run unit tests	2025-10-21T14:58:17.3040189Z ok
test (3.12)	Run unit tests	2025-10-21T14:58:17.4558512Z test_mp_simulation_deterministic (test_mp_backend.TestMPBackend.test_mp_simulation_deterministic) ... ok
test (3.12)	Run unit tests	2025-10-21T14:58:17.4559439Z test_embedding_consistency (test_transformers.TestIntegration.test_embedding_consistency)
test (3.12)	Run unit tests	2025-10-21T14:58:18.6481900Z Test that embeddings are consistent across calls. ... 
test (3.12)	Run unit tests	2025-10-21T14:58:18.6618960Z Batches:   0%|          | 0/1 [00:00<?, ?it/s]
test (3.12)	Run unit tests	2025-10-21T14:58:18.6619915Z Batches: 100%|ââââââââââ| 1/1 [00:00<00:00, 73.64it/s]
test (3.12)	Run unit tests	2025-10-21T14:58:18.6635243Z 
test (3.12)	Run unit tests	2025-10-21T14:58:18.6720056Z Batches:   0%|          | 0/1 [00:00<?, ?it/s]
test (3.12)	Run unit tests	2025-10-21T14:58:18.6720960Z Batches: 100%|ââââââââââ| 1/1 [00:00<00:00, 120.60it/s]
test (3.12)	Run unit tests	2025-10-21T14:58:18.6723896Z ok
test (3.12)	Run unit tests	2025-10-21T14:58:18.6724619Z test_full_pipeline_document_network (test_transformers.TestIntegration.test_full_pipeline_document_network)
test (3.12)	Run unit tests	2025-10-21T14:58:19.8881410Z Encoding documents...
test (3.12)	Run unit tests	2025-10-21T14:58:19.8881979Z Test complete pipeline from texts to network. ... 
test (3.12)	Run unit tests	2025-10-21T14:58:19.9042386Z Batches:   0%|          | 0/1 [00:00<?, ?it/s]
test (3.12)	Run unit tests	2025-10-21T14:58:19.9043263Z Batches: 100%|ââââââââââ| 1/1 [00:00<00:00, 62.89it/s]
test (3.12)	Run unit tests	2025-10-21T14:58:19.9056163Z ok
test (3.12)	Run unit tests	2025-10-21T14:58:19.9056928Z test_encode_empty_list (test_transformers.TestTransformerEmbeddings.test_encode_empty_list)
test (3.12)	Run unit tests	2025-10-21T14:58:20.9148582Z Test encoding empty list. ... ok
test (3.12)	Run unit tests	2025-10-21T14:58:20.9149282Z test_encode_multiple_texts (test_transformers.TestTransformerEmbeddings.test_encode_multiple_texts)
test (3.12)	Run unit tests	2025-10-21T14:58:21.9579993Z Computing similarity matrix...
test (3.12)	Run unit tests	2025-10-21T14:58:21.9580622Z Test encoding multiple texts. ... 
test (3.12)	Run unit tests	2025-10-21T14:58:21.9726643Z Batches:   0%|          | 0/1 [00:00<?, ?it/s]
test (3.12)	Run unit tests	2025-10-21T14:58:21.9727497Z Batches: 100%|ââââââââââ| 1/1 [00:00<00:00, 69.09it/s]
test (3.12)	Run unit tests	2025-10-21T14:58:21.9728934Z ok
test (3.12)	Run unit tests	2025-10-21T14:58:21.9729620Z test_encode_single_text (test_transformers.TestTransformerEmbeddings.test_encode_single_text)
test (3.12)	Run unit tests	2025-10-21T14:58:23.0750770Z Test encoding a single text. ... 
test (3.12)	Run unit tests	2025-10-21T14:58:23.0853793Z Batches:   0%|          | 0/1 [00:00<?, ?it/s]
test (3.12)	Run unit tests	2025-10-21T14:58:23.0854804Z Batches: 100%|ââââââââââ| 1/1 [00:00<00:00, 98.13it/s]
test (3.12)	Run unit tests	2025-10-21T14:58:23.0855284Z ok
test (3.12)	Run unit tests	2025-10-21T14:58:23.0855899Z test_semantic_similarity (test_transformers.TestTransformerEmbeddings.test_semantic_similarity)
test (3.12)	Run unit tests	2025-10-21T14:58:24.1023894Z Test that semantically similar sentences have higher similarity. ... ok
test (3.12)	Run unit tests	2025-10-21T14:58:24.1025171Z test_similarity_matrix_diagonal (test_transformers.TestTransformerEmbeddings.test_similarity_matrix_diagonal)
test (3.12)	Run unit tests	2025-10-21T14:58:25.1291354Z Test that diagonal values are 1.0 (self-similarity). ... ok
test (3.12)	Run unit tests	2025-10-21T14:58:25.1292519Z test_similarity_matrix_shape (test_transformers.TestTransformerEmbeddings.test_similarity_matrix_shape)
test (3.12)	Run unit tests	2025-10-21T14:58:26.1452259Z Test similarity matrix has correct shape. ... ok
test (3.12)	Run unit tests	2025-10-21T14:58:26.1453263Z test_similarity_matrix_symmetric (test_transformers.TestTransformerEmbeddings.test_similarity_matrix_symmetric)
test (3.12)	Run unit tests	2025-10-21T14:58:27.2909251Z Test that similarity matrix is symmetric. ... ok
test (3.12)	Run unit tests	2025-10-21T14:58:27.2910368Z test_similarity_range (test_transformers.TestTransformerEmbeddings.test_similarity_range)
test (3.12)	Run unit tests	2025-10-21T14:58:28.3153123Z Test that similarities are in valid range [0, 1]. ... ok
test (3.12)	Run unit tests	2025-10-21T14:58:28.3154096Z test_empty_text (test_transformers.TestTransformerNER.test_empty_text)
test (3.12)	Run unit tests	2025-10-21T14:58:28.6255754Z Test handling of empty text. ... /opt/hostedtoolcache/Python/3.12.11/x64/lib/python3.12/site-packages/spacy/cli/_util.py:23: DeprecationWarning: Importing 'parser.split_arg_string' is deprecated, it will only be available in 'shell_completion' in Click 9.0.
test (3.12)	Run unit tests	2025-10-21T14:58:28.6257682Z   from click.parser import split_arg_string
test (3.12)	Run unit tests	2025-10-21T14:58:28.6271669Z /opt/hostedtoolcache/Python/3.12.11/x64/lib/python3.12/site-packages/weasel/util/config.py:8: DeprecationWarning: Importing 'parser.split_arg_string' is deprecated, it will only be available in 'shell_completion' in Click 9.0.
test (3.12)	Run unit tests	2025-10-21T14:58:28.6273338Z   from click.parser import split_arg_string
test (3.12)	Run unit tests	2025-10-21T14:58:29.3062942Z ok
test (3.12)	Run unit tests	2025-10-21T14:58:29.3080619Z test_extract_entities_columns (test_transformers.TestTransformerNER.test_extract_entities_columns)
test (3.12)	Run unit tests	2025-10-21T14:58:29.7309881Z Test that entities DataFrame has required columns. ... ok
test (3.12)	Run unit tests	2025-10-21T14:58:29.7329256Z test_extract_entities_finds_locations (test_transformers.TestTransformerNER.test_extract_entities_finds_locations)
test (3.12)	Run unit tests	2025-10-21T14:58:30.1555845Z Test that NER finds location entities. ... ok
test (3.12)	Run unit tests	2025-10-21T14:58:30.1573732Z test_extract_entities_finds_organizations (test_transformers.TestTransformerNER.test_extract_entities_finds_organizations)
test (3.12)	Run unit tests	2025-10-21T14:58:30.5790334Z Test that NER finds organization entities. ... ok
test (3.12)	Run unit tests	2025-10-21T14:58:30.5809481Z test_extract_entities_finds_persons (test_transformers.TestTransformerNER.test_extract_entities_finds_persons)
test (3.12)	Run unit tests	2025-10-21T14:58:31.0014839Z Test that NER finds person entities. ... ok
test (3.12)	Run unit tests	2025-10-21T14:58:31.0032328Z test_extract_entities_returns_dataframe (test_transformers.TestTransformerNER.test_extract_entities_returns_dataframe)
test (3.12)	Run unit tests	2025-10-21T14:58:31.4247134Z Test that entity extraction returns a DataFrame. ... ok
test (3.12)	Run unit tests	2025-10-21T14:58:31.4264914Z test_text_without_entities (test_transformers.TestTransformerNER.test_text_without_entities)
test (3.12)	Run unit tests	2025-10-21T14:58:31.8442808Z Test text with no named entities. ... ok
test (3.12)	Run unit tests	2025-10-21T14:58:31.8462101Z test_build_document_network_columns (test_transformers.TestTransformerSemanticNetwork.test_build_document_network_columns)
test (3.12)	Run unit tests	2025-10-21T14:58:32.9597814Z Encoding documents...
test (3.12)	Run unit tests	2025-10-21T14:58:32.9598362Z Test that edges DataFrame has required columns. ... 
test (3.12)	Run unit tests	2025-10-21T14:58:32.9763794Z Batches:   0%|          | 0/1 [00:00<?, ?it/s]
test (3.12)	Run unit tests	2025-10-21T14:58:32.9764896Z Batches: 100%|ââââââââââ| 1/1 [00:00<00:00, 61.09it/s]
test (3.12)	Run unit tests	2025-10-21T14:58:32.9769883Z ok
test (3.12)	Run unit tests	2025-10-21T14:58:32.9770829Z test_build_document_network_returns_dataframe (test_transformers.TestTransformerSemanticNetwork.test_build_document_network_returns_dataframe)
test (3.12)	Run unit tests	2025-10-21T14:58:34.0294389Z Test that document network returns a DataFrame. ... 
test (3.12)	Run unit tests	2025-10-21T14:58:34.0294994Z Computing similarity matrix...
test (3.12)	Run unit tests	2025-10-21T14:58:34.0295368Z Encoding documents...
test (3.12)	Run unit tests	2025-10-21T14:58:34.0454905Z Batches:   0%|          | 0/1 [00:00<?, ?it/s]
test (3.12)	Run unit tests	2025-10-21T14:58:34.0455846Z Batches: 100%|ââââââââââ| 1/1 [00:00<00:00, 62.95it/s]
test (3.12)	Run unit tests	2025-10-21T14:58:34.0460635Z ok
test (3.12)	Run unit tests	2025-10-21T14:58:34.0461320Z test_build_term_network (test_transformers.TestTransformerSemanticNetwork.test_build_term_network)
test (3.12)	Run unit tests	2025-10-21T14:58:35.0812656Z Computing similarity matrix...
test (3.12)	Run unit tests	2025-10-21T14:58:35.0813166Z Encoding terms...
test (3.12)	Run unit tests	2025-10-21T14:58:35.0813759Z Test building term network. ... 
test (3.12)	Run unit tests	2025-10-21T14:58:35.0930803Z Batches:   0%|          | 0/1 [00:00<?, ?it/s]
test (3.12)	Run unit tests	2025-10-21T14:58:35.0931658Z Batches: 100%|ââââââââââ| 1/1 [00:00<00:00, 86.00it/s]
test (3.12)	Run unit tests	2025-10-21T14:58:35.0936930Z ok
test (3.12)	Run unit tests	2025-10-21T14:58:35.0937903Z test_document_network_no_self_loops (test_transformers.TestTransformerSemanticNetwork.test_document_network_no_self_loops)
test (3.12)	Run unit tests	2025-10-21T14:58:36.0780564Z Computing similarity matrix...
test (3.12)	Run unit tests	2025-10-21T14:58:36.0781014Z Test that network has no self-loops. ... 
test (3.12)	Run unit tests	2025-10-21T14:58:36.0781344Z Encoding documents...
test (3.12)	Run unit tests	2025-10-21T14:58:36.0941403Z Batches:   0%|          | 0/1 [00:00<?, ?it/s]
test (3.12)	Run unit tests	2025-10-21T14:58:36.0942360Z Batches: 100%|ââââââââââ| 1/1 [00:00<00:00, 63.05it/s]
test (3.12)	Run unit tests	2025-10-21T14:58:36.0950280Z ok
test (3.12)	Run unit tests	2025-10-21T14:58:36.0951091Z test_document_network_threshold (test_transformers.TestTransformerSemanticNetwork.test_document_network_threshold)
test (3.12)	Run unit tests	2025-10-21T14:58:37.0949147Z Test that threshold filters edges correctly. ... 
test (3.12)	Run unit tests	2025-10-21T14:58:37.0949812Z Computing similarity matrix...
test (3.12)	Run unit tests	2025-10-21T14:58:37.0950261Z Encoding documents...
test (3.12)	Run unit tests	2025-10-21T14:58:37.1123974Z Batches:   0%|          | 0/1 [00:00<?, ?it/s]
test (3.12)	Run unit tests	2025-10-21T14:58:37.1124941Z Batches: 100%|ââââââââââ| 1/1 [00:00<00:00, 57.97it/s]
test (3.12)	Run unit tests	2025-10-21T14:58:37.1144087Z Computing similarity matrix...
test (3.12)	Run unit tests	2025-10-21T14:58:37.1144458Z Encoding documents...
test (3.12)	Run unit tests	2025-10-21T14:58:37.1144962Z 
test (3.12)	Run unit tests	2025-10-21T14:58:37.1285761Z Batches:   0%|          | 0/1 [00:00<?, ?it/s]
test (3.12)	Run unit tests	2025-10-21T14:58:37.1292342Z Batches: 100%|ââââââââââ| 1/1 [00:00<00:00, 71.99it/s]
test (3.12)	Run unit tests	2025-10-21T14:58:37.1292751Z ok
test (3.12)	Run unit tests	2025-10-21T14:58:37.1293376Z test_document_network_topk (test_transformers.TestTransformerSemanticNetwork.test_document_network_topk)
test (3.12)	Run unit tests	2025-10-21T14:58:38.2114859Z Computing similarity matrix...
test (3.12)	Run unit tests	2025-10-21T14:58:38.2115445Z Encoding documents...
test (3.12)	Run unit tests	2025-10-21T14:58:38.2115985Z Test that top_k limits edges per document. ... 
test (3.12)	Run unit tests	2025-10-21T14:58:38.2278614Z Batches:   0%|          | 0/1 [00:00<?, ?it/s]
test (3.12)	Run unit tests	2025-10-21T14:58:38.2280729Z Batches: 100%|ââââââââââ| 1/1 [00:00<00:00, 62.04it/s]
test (3.12)	Run unit tests	2025-10-21T14:58:38.2289832Z ok
test (3.12)	Run unit tests	2025-10-21T14:58:38.2290568Z test_empty_document_list (test_transformers.TestTransformerSemanticNetwork.test_empty_document_list)
test (3.12)	Run unit tests	2025-10-21T14:58:39.2545812Z Test handling of empty document list. ... ok
test (3.12)	Run unit tests	2025-10-21T14:58:39.2546506Z test_single_document (test_transformers.TestTransformerSemanticNetwork.test_single_document)
test (3.12)	Run unit tests	2025-10-21T14:58:40.2707639Z Test handling of single document. ... ok
test (3.12)	Run unit tests	2025-10-21T14:58:40.2708693Z test_term_network_uses_term_names (test_transformers.TestTransformerSemanticNetwork.test_term_network_uses_term_names)
test (3.12)	Run unit tests	2025-10-21T14:58:41.2851872Z Computing similarity matrix...
test (3.12)	Run unit tests	2025-10-21T14:58:41.2852960Z Encoding terms...
test (3.12)	Run unit tests	2025-10-21T14:58:41.2853797Z Test that term network uses actual term strings. ... 
test (3.12)	Run unit tests	2025-10-21T14:58:41.2954015Z Batches:   0%|          | 0/1 [00:00<?, ?it/s]
test (3.12)	Run unit tests	2025-10-21T14:58:41.2954877Z Batches: 100%|ââââââââââ| 1/1 [00:00<00:00, 99.97it/s]
test (3.12)	Run unit tests	2025-10-21T14:58:41.2962445Z ok
test (3.12)	Run unit tests	2025-10-21T14:58:41.2962693Z 
test (3.12)	Run unit tests	2025-10-21T14:58:41.2964155Z ======================================================================
test (3.12)	Run unit tests	2025-10-21T14:58:41.2964824Z ERROR: test_gpu_adjacency_counts (test_gpu_backend.TestGPUBackend.test_gpu_adjacency_counts)
test (3.12)	Run unit tests	2025-10-21T14:58:41.2965601Z ----------------------------------------------------------------------
test (3.12)	Run unit tests	2025-10-21T14:58:41.2966104Z Traceback (most recent call last):
test (3.12)	Run unit tests	2025-10-21T14:58:41.2973854Z   File "/home/runner/work/network-inference/network-inference/tests/test_gpu_backend.py", line 21, in test_gpu_adjacency_counts
test (3.12)	Run unit tests	2025-10-21T14:58:41.2974840Z     gpu_adj = to_gpu_adjacency(cpu_adj.mat)
test (3.12)	Run unit tests	2025-10-21T14:58:41.2975229Z               ^^^^^^^^^^^^^^^^^^^^^^^^^^^^^
test (3.12)	Run unit tests	2025-10-21T14:58:41.2976154Z   File "/home/runner/work/network-inference/network-inference/src/contagion/gpu_backend.py", line 66, in to_gpu_adjacency
test (3.12)	Run unit tests	2025-10-21T14:58:41.2977000Z     return GPUAdjacency(mat_cpu=mat_cpu)
test (3.12)	Run unit tests	2025-10-21T14:58:41.2977374Z            ^^^^^^^^^^^^^^^^^^^^^^^^^^^^^
test (3.12)	Run unit tests	2025-10-21T14:58:41.2977776Z   File "<string>", line 5, in __init__
test (3.12)	Run unit tests	2025-10-21T14:58:41.2978625Z   File "/home/runner/work/network-inference/network-inference/src/contagion/gpu_backend.py", line 36, in __post_init__
test (3.12)	Run unit tests	2025-10-21T14:58:41.2979493Z     mat_gpu = cpsp.csr_matrix(self.mat_cpu)  # type: ignore
test (3.12)	Run unit tests	2025-10-21T14:58:41.2980241Z               ^^^^^^^^^^^^^^^^^^^^^^^^^^^^^
test (3.12)	Run unit tests	2025-10-21T14:58:41.3002342Z   File "/opt/hostedtoolcache/Python/3.12.11/x64/lib/python3.12/site-packages/cupyx/scipy/sparse/_compressed.py", line 228, in __init__
test (3.12)	Run unit tests	2025-10-21T14:58:41.3003255Z     data = cupy.array(x.data)
test (3.12)	Run unit tests	2025-10-21T14:58:41.3003736Z            ^^^^^^^^^^^^^^^^^^
test (3.12)	Run unit tests	2025-10-21T14:58:41.3004524Z   File "/opt/hostedtoolcache/Python/3.12.11/x64/lib/python3.12/site-packages/cupy/_creation/from_data.py", line 53, in array
test (3.12)	Run unit tests	2025-10-21T14:58:41.3005502Z     return _core.array(obj, dtype, copy, order, subok, ndmin, blocking)
test (3.12)	Run unit tests	2025-10-21T14:58:41.3006023Z            ^^^^^^^^^^^^^^^^^^^^^^^^^^^^^^^^^^^^^^^^^^^^^^^^^^^^^^^^^^^^
test (3.12)	Run unit tests	2025-10-21T14:58:41.3006560Z   File "cupy/_core/core.pyx", line 2502, in cupy._core.core.array
test (3.12)	Run unit tests	2025-10-21T14:58:41.3007178Z   File "cupy/_core/core.pyx", line 2529, in cupy._core.core.array
test (3.12)	Run unit tests	2025-10-21T14:58:41.3007825Z   File "cupy/_core/core.pyx", line 2740, in cupy._core.core._array_default
test (3.12)	Run unit tests	2025-10-21T14:58:41.3008533Z   File "cupy/_core/core.pyx", line 167, in cupy._core.core.ndarray.__new__
test (3.12)	Run unit tests	2025-10-21T14:58:41.3009235Z   File "cupy/_core/core.pyx", line 254, in cupy._core.core._ndarray_base._init
test (3.12)	Run unit tests	2025-10-21T14:58:41.3009917Z   File "cupy/cuda/memory.pyx", line 875, in cupy.cuda.memory.alloc
test (3.12)	Run unit tests	2025-10-21T14:58:41.3010638Z   File "cupy/cuda/memory.pyx", line 1579, in cupy.cuda.memory.MemoryPool.malloc
test (3.12)	Run unit tests	2025-10-21T14:58:41.3011427Z   File "cupy/cuda/memory.pyx", line 1599, in cupy.cuda.memory.MemoryPool.malloc
test (3.12)	Run unit tests	2025-10-21T14:58:41.3012563Z   File "cupy/cuda/device.pyx", line 40, in cupy.cuda.device.get_device_id
test (3.12)	Run unit tests	2025-10-21T14:58:41.3013556Z   File "cupy_backends/cuda/api/runtime.pyx", line 202, in cupy_backends.cuda.api.runtime.getDevice
test (3.12)	Run unit tests	2025-10-21T14:58:41.3014548Z   File "cupy_backends/cuda/api/runtime.pyx", line 146, in cupy_backends.cuda.api.runtime.check_status
test (3.12)	Run unit tests	2025-10-21T14:58:41.3015746Z cupy_backends.cuda.api.runtime.CUDARuntimeError: cudaErrorInsufficientDriver: CUDA driver version is insufficient for CUDA runtime version
test (3.12)	Run unit tests	2025-10-21T14:58:41.3016558Z 
test (3.12)	Run unit tests	2025-10-21T14:58:41.3016695Z ======================================================================
test (3.12)	Run unit tests	2025-10-21T14:58:41.3017252Z ERROR: test_gpu_degrees (test_gpu_backend.TestGPUBackend.test_gpu_degrees)
test (3.12)	Run unit tests	2025-10-21T14:58:41.3017846Z ----------------------------------------------------------------------
test (3.12)	Run unit tests	2025-10-21T14:58:41.3018288Z Traceback (most recent call last):
test (3.12)	Run unit tests	2025-10-21T14:58:41.3019288Z   File "/home/runner/work/network-inference/network-inference/tests/test_gpu_backend.py", line 31, in test_gpu_degrees
test (3.12)	Run unit tests	2025-10-21T14:58:41.3020114Z     gpu_adj = to_gpu_adjacency(cpu_adj.mat)
test (3.12)	Run unit tests	2025-10-21T14:58:41.3020487Z               ^^^^^^^^^^^^^^^^^^^^^^^^^^^^^
test (3.12)	Run unit tests	2025-10-21T14:58:41.3021301Z   File "/home/runner/work/network-inference/network-inference/src/contagion/gpu_backend.py", line 66, in to_gpu_adjacency
test (3.12)	Run unit tests	2025-10-21T14:58:41.3022145Z     return GPUAdjacency(mat_cpu=mat_cpu)
test (3.12)	Run unit tests	2025-10-21T14:58:41.3022513Z            ^^^^^^^^^^^^^^^^^^^^^^^^^^^^^
test (3.12)	Run unit tests	2025-10-21T14:58:41.3022904Z   File "<string>", line 5, in __init__
test (3.12)	Run unit tests	2025-10-21T14:58:41.3023846Z   File "/home/runner/work/network-inference/network-inference/src/contagion/gpu_backend.py", line 36, in __post_init__
test (3.12)	Run unit tests	2025-10-21T14:58:41.3024709Z     mat_gpu = cpsp.csr_matrix(self.mat_cpu)  # type: ignore
test (3.12)	Run unit tests	2025-10-21T14:58:41.3025137Z               ^^^^^^^^^^^^^^^^^^^^^^^^^^^^^
test (3.12)	Run unit tests	2025-10-21T14:58:41.3026002Z   File "/opt/hostedtoolcache/Python/3.12.11/x64/lib/python3.12/site-packages/cupyx/scipy/sparse/_compressed.py", line 228, in __init__
test (3.12)	Run unit tests	2025-10-21T14:58:41.3026865Z     data = cupy.array(x.data)
test (3.12)	Run unit tests	2025-10-21T14:58:41.3027182Z            ^^^^^^^^^^^^^^^^^^
test (3.12)	Run unit tests	2025-10-21T14:58:41.3027937Z   File "/opt/hostedtoolcache/Python/3.12.11/x64/lib/python3.12/site-packages/cupy/_creation/from_data.py", line 53, in array
test (3.12)	Run unit tests	2025-10-21T14:58:41.3028852Z     return _core.array(obj, dtype, copy, order, subok, ndmin, blocking)
test (3.12)	Run unit tests	2025-10-21T14:58:41.3029354Z            ^^^^^^^^^^^^^^^^^^^^^^^^^^^^^^^^^^^^^^^^^^^^^^^^^^^^^^^^^^^^
test (3.12)	Run unit tests	2025-10-21T14:58:41.3029884Z   File "cupy/_core/core.pyx", line 2502, in cupy._core.core.array
test (3.12)	Run unit tests	2025-10-21T14:58:41.3030502Z   File "cupy/_core/core.pyx", line 2529, in cupy._core.core.array
test (3.12)	Run unit tests	2025-10-21T14:58:41.3031143Z   File "cupy/_core/core.pyx", line 2740, in cupy._core.core._array_default
test (3.12)	Run unit tests	2025-10-21T14:58:41.3031826Z   File "cupy/_core/core.pyx", line 167, in cupy._core.core.ndarray.__new__
test (3.12)	Run unit tests	2025-10-21T14:58:41.3032544Z   File "cupy/_core/core.pyx", line 254, in cupy._core.core._ndarray_base._init
test (3.12)	Run unit tests	2025-10-21T14:58:41.3033049Z   File "cupy/cuda/memory.pyx", line 875, in cupy.cuda.memory.alloc
test (3.12)	Run unit tests	2025-10-21T14:58:41.3033762Z   File "cupy/cuda/memory.pyx", line 1579, in cupy.cuda.memory.MemoryPool.malloc
test (3.12)	Run unit tests	2025-10-21T14:58:41.3034280Z   File "cupy/cuda/memory.pyx", line 1599, in cupy.cuda.memory.MemoryPool.malloc
test (3.12)	Run unit tests	2025-10-21T14:58:41.3034754Z   File "cupy/cuda/device.pyx", line 40, in cupy.cuda.device.get_device_id
test (3.12)	Run unit tests	2025-10-21T14:58:41.3035297Z   File "cupy_backends/cuda/api/runtime.pyx", line 202, in cupy_backends.cuda.api.runtime.getDevice
test (3.12)	Run unit tests	2025-10-21T14:58:41.3035925Z   File "cupy_backends/cuda/api/runtime.pyx", line 146, in cupy_backends.cuda.api.runtime.check_status
test (3.12)	Run unit tests	2025-10-21T14:58:41.3036697Z cupy_backends.cuda.api.runtime.CUDARuntimeError: cudaErrorInsufficientDriver: CUDA driver version is insufficient for CUDA runtime version
test (3.12)	Run unit tests	2025-10-21T14:58:41.3037197Z 
test (3.12)	Run unit tests	2025-10-21T14:58:41.3037322Z ----------------------------------------------------------------------
test (3.12)	Run unit tests	2025-10-21T14:58:41.3037610Z Ran 55 tests in 30.847s
test (3.12)	Run unit tests	2025-10-21T14:58:41.3037891Z 
test (3.12)	Run unit tests	2025-10-21T14:58:41.3037963Z FAILED (errors=2)
test (3.12)	Run unit tests	2025-10-21T14:58:41.3081821Z Computing similarity matrix...
test (3.12)	Run unit tests	2025-10-21T14:58:42.0440069Z ##[error]The operation was canceled.
test (3.12)	Post Checkout	ï»¿2025-10-21T14:58:42.0525898Z Post job cleanup.
test (3.12)	Post Checkout	2025-10-21T14:58:42.1488723Z [command]/usr/bin/git version
test (3.12)	Post Checkout	2025-10-21T14:58:42.1523971Z git version 2.51.0
test (3.12)	Post Checkout	2025-10-21T14:58:42.1566856Z Temporarily overriding HOME='/home/runner/work/_temp/b32a3ad0-3e49-4c72-8a4f-d27507e903f8' before making global git config changes
test (3.12)	Post Checkout	2025-10-21T14:58:42.1568201Z Adding repository directory to the temporary git global config as a safe directory
test (3.12)	Post Checkout	2025-10-21T14:58:42.1573231Z [command]/usr/bin/git config --global --add safe.directory /home/runner/work/network-inference/network-inference
test (3.12)	Post Checkout	2025-10-21T14:58:42.1614062Z [command]/usr/bin/git config --local --name-only --get-regexp core\.sshCommand
test (3.12)	Post Checkout	2025-10-21T14:58:42.1645803Z [command]/usr/bin/git submodule foreach --recursive sh -c "git config --local --name-only --get-regexp 'core\.sshCommand' && git config --local --unset-all 'core.sshCommand' || :"
test (3.12)	Post Checkout	2025-10-21T14:58:42.1898146Z [command]/usr/bin/git config --local --name-only --get-regexp http\.https\:\/\/github\.com\/\.extraheader
test (3.12)	Post Checkout	2025-10-21T14:58:42.1921106Z http.https://github.com/.extraheader
test (3.12)	Post Checkout	2025-10-21T14:58:42.1934398Z [command]/usr/bin/git config --local --unset-all http.https://github.com/.extraheader
test (3.12)	Post Checkout	2025-10-21T14:58:42.1964329Z [command]/usr/bin/git submodule foreach --recursive sh -c "git config --local --name-only --get-regexp 'http\.https\:\/\/github\.com\/\.extraheader' && git config --local --unset-all 'http.https://github.com/.extraheader' || :"
test (3.12)	Complete job	ï»¿2025-10-21T14:58:42.2298777Z Cleaning up orphan processes
test (3.13)	Set up job	ï»¿2025-10-21T14:55:18.6833839Z Current runner version: '2.329.0'
test (3.13)	Set up job	2025-10-21T14:55:18.6864946Z ##[group]Runner Image Provisioner
test (3.13)	Set up job	2025-10-21T14:55:18.6865785Z Hosted Compute Agent
test (3.13)	Set up job	2025-10-21T14:55:18.6866425Z Version: 20250912.392
test (3.13)	Set up job	2025-10-21T14:55:18.6867023Z Commit: d921fda672a98b64f4f82364647e2f10b2267d0b
test (3.13)	Set up job	2025-10-21T14:55:18.6867711Z Build Date: 2025-09-12T15:23:14Z
test (3.13)	Set up job	2025-10-21T14:55:18.6868250Z ##[endgroup]
test (3.13)	Set up job	2025-10-21T14:55:18.6868884Z ##[group]Operating System
test (3.13)	Set up job	2025-10-21T14:55:18.6869412Z Ubuntu
test (3.13)	Set up job	2025-10-21T14:55:18.6869879Z 24.04.3
test (3.13)	Set up job	2025-10-21T14:55:18.6870415Z LTS
test (3.13)	Set up job	2025-10-21T14:55:18.6870834Z ##[endgroup]
test (3.13)	Set up job	2025-10-21T14:55:18.6871382Z ##[group]Runner Image
test (3.13)	Set up job	2025-10-21T14:55:18.6871948Z Image: ubuntu-24.04
test (3.13)	Set up job	2025-10-21T14:55:18.6872457Z Version: 20250929.60.1
test (3.13)	Set up job	2025-10-21T14:55:18.6873911Z Included Software: https://github.com/actions/runner-images/blob/ubuntu24/20250929.60/images/ubuntu/Ubuntu2404-Readme.md
test (3.13)	Set up job	2025-10-21T14:55:18.6875401Z Image Release: https://github.com/actions/runner-images/releases/tag/ubuntu24%2F20250929.60
test (3.13)	Set up job	2025-10-21T14:55:18.6876589Z ##[endgroup]
test (3.13)	Set up job	2025-10-21T14:55:18.6877753Z ##[group]GITHUB_TOKEN Permissions
test (3.13)	Set up job	2025-10-21T14:55:18.6879938Z Contents: read
test (3.13)	Set up job	2025-10-21T14:55:18.6880537Z Metadata: read
test (3.13)	Set up job	2025-10-21T14:55:18.6881060Z Packages: read
test (3.13)	Set up job	2025-10-21T14:55:18.6881524Z ##[endgroup]
test (3.13)	Set up job	2025-10-21T14:55:18.6884146Z Secret source: Actions
test (3.13)	Set up job	2025-10-21T14:55:18.6885167Z Prepare workflow directory
test (3.13)	Set up job	2025-10-21T14:55:18.7212875Z Prepare all required actions
test (3.13)	Set up job	2025-10-21T14:55:18.7253053Z Getting action download info
test (3.13)	Set up job	2025-10-21T14:55:19.1131047Z Download action repository 'actions/checkout@v4' (SHA:08eba0b27e820071cde6df949e0beb9ba4906955)
test (3.13)	Set up job	2025-10-21T14:55:19.3039123Z Download action repository 'actions/setup-python@v5' (SHA:a26af69be951a213d495a4c3e4e4022e16d87065)
test (3.13)	Set up job	2025-10-21T14:55:19.4627029Z Complete job name: test (3.13)
test (3.13)	Checkout	ï»¿2025-10-21T14:55:19.5321021Z ##[group]Run actions/checkout@v4
test (3.13)	Checkout	2025-10-21T14:55:19.5321927Z with:
test (3.13)	Checkout	2025-10-21T14:55:19.5322406Z   repository: alexbnewhouse/network-inference
test (3.13)	Checkout	2025-10-21T14:55:19.5323360Z   token: ***
test (3.13)	Checkout	2025-10-21T14:55:19.5323821Z   ssh-strict: true
test (3.13)	Checkout	2025-10-21T14:55:19.5324257Z   ssh-user: git
test (3.13)	Checkout	2025-10-21T14:55:19.5324686Z   persist-credentials: true
test (3.13)	Checkout	2025-10-21T14:55:19.5325167Z   clean: true
test (3.13)	Checkout	2025-10-21T14:55:19.5325593Z   sparse-checkout-cone-mode: true
test (3.13)	Checkout	2025-10-21T14:55:19.5326132Z   fetch-depth: 1
test (3.13)	Checkout	2025-10-21T14:55:19.5326549Z   fetch-tags: false
test (3.13)	Checkout	2025-10-21T14:55:19.5326999Z   show-progress: true
test (3.13)	Checkout	2025-10-21T14:55:19.5327449Z   lfs: false
test (3.13)	Checkout	2025-10-21T14:55:19.5327847Z   submodules: false
test (3.13)	Checkout	2025-10-21T14:55:19.5328288Z   set-safe-directory: true
test (3.13)	Checkout	2025-10-21T14:55:19.5328999Z ##[endgroup]
test (3.13)	Checkout	2025-10-21T14:55:19.6410994Z Syncing repository: alexbnewhouse/network-inference
test (3.13)	Checkout	2025-10-21T14:55:19.6413345Z ##[group]Getting Git version info
test (3.13)	Checkout	2025-10-21T14:55:19.6414236Z Working directory is '/home/runner/work/network-inference/network-inference'
test (3.13)	Checkout	2025-10-21T14:55:19.6415486Z [command]/usr/bin/git version
test (3.13)	Checkout	2025-10-21T14:55:19.6478531Z git version 2.51.0
test (3.13)	Checkout	2025-10-21T14:55:19.6504511Z ##[endgroup]
test (3.13)	Checkout	2025-10-21T14:55:19.6518043Z Temporarily overriding HOME='/home/runner/work/_temp/52b0b44f-3112-473c-a264-817813ea9f15' before making global git config changes
test (3.13)	Checkout	2025-10-21T14:55:19.6530794Z Adding repository directory to the temporary git global config as a safe directory
test (3.13)	Checkout	2025-10-21T14:55:19.6532132Z [command]/usr/bin/git config --global --add safe.directory /home/runner/work/network-inference/network-inference
test (3.13)	Checkout	2025-10-21T14:55:19.6571590Z Deleting the contents of '/home/runner/work/network-inference/network-inference'
test (3.13)	Checkout	2025-10-21T14:55:19.6575964Z ##[group]Initializing the repository
test (3.13)	Checkout	2025-10-21T14:55:19.6580086Z [command]/usr/bin/git init /home/runner/work/network-inference/network-inference
test (3.13)	Checkout	2025-10-21T14:55:19.6678775Z hint: Using 'master' as the name for the initial branch. This default branch name
test (3.13)	Checkout	2025-10-21T14:55:19.6679846Z hint: is subject to change. To configure the initial branch name to use in all
test (3.13)	Checkout	2025-10-21T14:55:19.6680801Z hint: of your new repositories, which will suppress this warning, call:
test (3.13)	Checkout	2025-10-21T14:55:19.6681505Z hint:
test (3.13)	Checkout	2025-10-21T14:55:19.6682431Z hint: 	git config --global init.defaultBranch <name>
test (3.13)	Checkout	2025-10-21T14:55:19.6683710Z hint:
test (3.13)	Checkout	2025-10-21T14:55:19.6684602Z hint: Names commonly chosen instead of 'master' are 'main', 'trunk' and
test (3.13)	Checkout	2025-10-21T14:55:19.6685544Z hint: 'development'. The just-created branch can be renamed via this command:
test (3.13)	Checkout	2025-10-21T14:55:19.6686268Z hint:
test (3.13)	Checkout	2025-10-21T14:55:19.6686665Z hint: 	git branch -m <name>
test (3.13)	Checkout	2025-10-21T14:55:19.6687126Z hint:
test (3.13)	Checkout	2025-10-21T14:55:19.6687733Z hint: Disable this message with "git config set advice.defaultBranchName false"
test (3.13)	Checkout	2025-10-21T14:55:19.6689243Z Initialized empty Git repository in /home/runner/work/network-inference/network-inference/.git/
test (3.13)	Checkout	2025-10-21T14:55:19.6695422Z [command]/usr/bin/git remote add origin https://github.com/alexbnewhouse/network-inference
test (3.13)	Checkout	2025-10-21T14:55:19.6733446Z ##[endgroup]
test (3.13)	Checkout	2025-10-21T14:55:19.6734283Z ##[group]Disabling automatic garbage collection
test (3.13)	Checkout	2025-10-21T14:55:19.6737409Z [command]/usr/bin/git config --local gc.auto 0
test (3.13)	Checkout	2025-10-21T14:55:19.6766915Z ##[endgroup]
test (3.13)	Checkout	2025-10-21T14:55:19.6768324Z ##[group]Setting up auth
test (3.13)	Checkout	2025-10-21T14:55:19.6774585Z [command]/usr/bin/git config --local --name-only --get-regexp core\.sshCommand
test (3.13)	Checkout	2025-10-21T14:55:19.6805402Z [command]/usr/bin/git submodule foreach --recursive sh -c "git config --local --name-only --get-regexp 'core\.sshCommand' && git config --local --unset-all 'core.sshCommand' || :"
test (3.13)	Checkout	2025-10-21T14:55:19.7137011Z [command]/usr/bin/git config --local --name-only --get-regexp http\.https\:\/\/github\.com\/\.extraheader
test (3.13)	Checkout	2025-10-21T14:55:19.7170238Z [command]/usr/bin/git submodule foreach --recursive sh -c "git config --local --name-only --get-regexp 'http\.https\:\/\/github\.com\/\.extraheader' && git config --local --unset-all 'http.https://github.com/.extraheader' || :"
test (3.13)	Checkout	2025-10-21T14:55:19.7414843Z [command]/usr/bin/git config --local http.https://github.com/.extraheader AUTHORIZATION: basic ***
test (3.13)	Checkout	2025-10-21T14:55:19.7452226Z ##[endgroup]
test (3.13)	Checkout	2025-10-21T14:55:19.7453887Z ##[group]Fetching the repository
test (3.13)	Checkout	2025-10-21T14:55:19.7470575Z [command]/usr/bin/git -c protocol.version=2 fetch --no-tags --prune --no-recurse-submodules --depth=1 origin +fdb3781e1672add1272e9bdd8904e018674ccdcc:refs/remotes/origin/main
test (3.13)	Checkout	2025-10-21T14:55:20.1639398Z From https://github.com/alexbnewhouse/network-inference
test (3.13)	Checkout	2025-10-21T14:55:20.1640516Z  * [new ref]         fdb3781e1672add1272e9bdd8904e018674ccdcc -> origin/main
test (3.13)	Checkout	2025-10-21T14:55:20.1670480Z ##[endgroup]
test (3.13)	Checkout	2025-10-21T14:55:20.1671246Z ##[group]Determining the checkout info
test (3.13)	Checkout	2025-10-21T14:55:20.1673090Z ##[endgroup]
test (3.13)	Checkout	2025-10-21T14:55:20.1678371Z [command]/usr/bin/git sparse-checkout disable
test (3.13)	Checkout	2025-10-21T14:55:20.1718864Z [command]/usr/bin/git config --local --unset-all extensions.worktreeConfig
test (3.13)	Checkout	2025-10-21T14:55:20.1748151Z ##[group]Checking out the ref
test (3.13)	Checkout	2025-10-21T14:55:20.1752480Z [command]/usr/bin/git checkout --progress --force -B main refs/remotes/origin/main
test (3.13)	Checkout	2025-10-21T14:55:20.1852166Z Switched to a new branch 'main'
test (3.13)	Checkout	2025-10-21T14:55:20.1854618Z branch 'main' set up to track 'origin/main'.
test (3.13)	Checkout	2025-10-21T14:55:20.1861457Z ##[endgroup]
test (3.13)	Checkout	2025-10-21T14:55:20.1899451Z [command]/usr/bin/git log -1 --format=%H
test (3.13)	Checkout	2025-10-21T14:55:20.1921740Z fdb3781e1672add1272e9bdd8904e018674ccdcc
test (3.13)	Setup Python	ï»¿2025-10-21T14:55:20.2169088Z ##[group]Run actions/setup-python@v5
test (3.13)	Setup Python	2025-10-21T14:55:20.2169718Z with:
test (3.13)	Setup Python	2025-10-21T14:55:20.2170103Z   python-version: 3.13
test (3.13)	Setup Python	2025-10-21T14:55:20.2170583Z   cache: pip
test (3.13)	Setup Python	2025-10-21T14:55:20.2171027Z   check-latest: false
test (3.13)	Setup Python	2025-10-21T14:55:20.2171611Z   token: ***
test (3.13)	Setup Python	2025-10-21T14:55:20.2172025Z   update-environment: true
test (3.13)	Setup Python	2025-10-21T14:55:20.2172659Z   allow-prereleases: false
test (3.13)	Setup Python	2025-10-21T14:55:20.2173145Z   freethreaded: false
test (3.13)	Setup Python	2025-10-21T14:55:20.2173567Z ##[endgroup]
test (3.13)	Setup Python	2025-10-21T14:55:20.3849769Z ##[group]Installed versions
test (3.13)	Setup Python	2025-10-21T14:55:20.3982453Z Successfully set up CPython (3.13.7)
test (3.13)	Setup Python	2025-10-21T14:55:20.3983841Z ##[endgroup]
test (3.13)	Setup Python	2025-10-21T14:55:20.4575439Z [command]/opt/hostedtoolcache/Python/3.13.7/x64/bin/pip cache dir
test (3.13)	Setup Python	2025-10-21T14:55:20.9415340Z /home/runner/.cache/pip
test (3.13)	Setup Python	2025-10-21T14:55:21.1700363Z Cache hit for: setup-python-Linux-x64-24.04-Ubuntu-python-3.13.7-pip-15d01214fdabf41dafc8f1649a2029b2b82fd6b2dc9da730c5450be92715da74
test (3.13)	Setup Python	2025-10-21T14:55:22.3300905Z Received 100663296 of 4497222761 (2.2%), 96.1 MBs/sec
test (3.13)	Setup Python	2025-10-21T14:55:23.3501484Z Received 268435456 of 4497222761 (6.0%), 126.8 MBs/sec
test (3.13)	Setup Python	2025-10-21T14:55:24.3563543Z Received 402653184 of 4497222761 (9.0%), 126.9 MBs/sec
test (3.13)	Setup Python	2025-10-21T14:55:25.3793924Z Received 536870912 of 4497222761 (11.9%), 126.5 MBs/sec
test (3.13)	Setup Python	2025-10-21T14:55:26.4096765Z Received 671088640 of 4497222761 (14.9%), 126.0 MBs/sec
test (3.13)	Setup Python	2025-10-21T14:55:27.4094485Z Received 805306368 of 4497222761 (17.9%), 126.3 MBs/sec
test (3.13)	Setup Python	2025-10-21T14:55:28.4099394Z Received 939524096 of 4497222761 (20.9%), 126.6 MBs/sec
test (3.13)	Setup Python	2025-10-21T14:55:29.4138152Z Received 1098907648 of 4497222761 (24.4%), 129.7 MBs/sec
test (3.13)	Setup Python	2025-10-21T14:55:30.4190143Z Received 1258291200 of 4497222761 (28.0%), 132.0 MBs/sec
test (3.13)	Setup Python	2025-10-21T14:55:31.4193647Z Received 1396703232 of 4497222761 (31.1%), 132.0 MBs/sec
test (3.13)	Setup Python	2025-10-21T14:55:32.4254027Z Received 1514143744 of 4497222761 (33.7%), 130.2 MBs/sec
test (3.13)	Setup Python	2025-10-21T14:55:33.4201765Z Received 1610612736 of 4497222761 (35.8%), 127.1 MBs/sec
test (3.13)	Setup Python	2025-10-21T14:55:34.4198728Z Received 1744830464 of 4497222761 (38.8%), 127.1 MBs/sec
test (3.13)	Setup Python	2025-10-21T14:55:35.4209521Z Received 1874853888 of 4497222761 (41.7%), 126.9 MBs/sec
test (3.13)	Setup Python	2025-10-21T14:55:36.4216289Z Received 2000683008 of 4497222761 (44.5%), 126.4 MBs/sec
test (3.13)	Setup Python	2025-10-21T14:55:37.4225208Z Received 2134900736 of 4497222761 (47.5%), 126.5 MBs/sec
test (3.13)	Setup Python	2025-10-21T14:55:38.4234849Z Received 2273312768 of 4497222761 (50.5%), 126.8 MBs/sec
test (3.13)	Setup Python	2025-10-21T14:55:39.4241218Z Received 2407530496 of 4497222761 (53.5%), 126.9 MBs/sec
test (3.13)	Setup Python	2025-10-21T14:55:40.4241644Z Received 2524971008 of 4497222761 (56.1%), 126.1 MBs/sec
test (3.13)	Setup Python	2025-10-21T14:55:41.4239761Z Received 2646605824 of 4497222761 (58.8%), 125.6 MBs/sec
test (3.13)	Setup Python	2025-10-21T14:55:42.4294006Z Received 2751463424 of 4497222761 (61.2%), 124.4 MBs/sec
test (3.13)	Setup Python	2025-10-21T14:55:43.4257420Z Received 2881486848 of 4497222761 (64.1%), 124.4 MBs/sec
test (3.13)	Setup Python	2025-10-21T14:55:44.4258240Z Received 3011510272 of 4497222761 (67.0%), 124.4 MBs/sec
test (3.13)	Setup Python	2025-10-21T14:55:45.4266982Z Received 3141533696 of 4497222761 (69.9%), 124.3 MBs/sec
test (3.13)	Setup Python	2025-10-21T14:55:46.4323603Z Received 3258974208 of 4497222761 (72.5%), 123.8 MBs/sec
test (3.13)	Setup Python	2025-10-21T14:55:47.4301356Z Received 3401580544 of 4497222761 (75.6%), 124.3 MBs/sec
test (3.13)	Setup Python	2025-10-21T14:55:48.4314711Z Received 3527409664 of 4497222761 (78.4%), 124.1 MBs/sec
test (3.13)	Setup Python	2025-10-21T14:55:49.4333484Z Received 3636461568 of 4497222761 (80.9%), 123.4 MBs/sec
test (3.13)	Setup Python	2025-10-21T14:55:50.4359710Z Received 3758096384 of 4497222761 (83.6%), 123.1 MBs/sec
test (3.13)	Setup Python	2025-10-21T14:55:51.4345422Z Received 3888119808 of 4497222761 (86.5%), 123.2 MBs/sec
test (3.13)	Setup Python	2025-10-21T14:55:52.4342252Z Received 4018143232 of 4497222761 (89.3%), 123.2 MBs/sec
test (3.13)	Setup Python	2025-10-21T14:55:53.4349303Z Received 4148166656 of 4497222761 (92.2%), 123.2 MBs/sec
test (3.13)	Setup Python	2025-10-21T14:55:54.4348260Z Received 4273995776 of 4497222761 (95.0%), 123.1 MBs/sec
test (3.13)	Setup Python	2025-10-21T14:55:55.4356030Z Received 4383047680 of 4497222761 (97.5%), 122.6 MBs/sec
test (3.13)	Setup Python	2025-10-21T14:55:56.4465555Z Received 4497222761 of 4497222761 (100.0%), 122.1 MBs/sec
test (3.13)	Setup Python	2025-10-21T14:55:56.4467025Z Cache Size: ~4289 MB (4497222761 B)
test (3.13)	Setup Python	2025-10-21T14:55:56.4620501Z [command]/usr/bin/tar -xf /home/runner/work/_temp/6c991017-70d6-498c-8ec3-cae320d4a5d2/cache.tzst -P -C /home/runner/work/network-inference/network-inference --use-compress-program unzstd
test (3.13)	Setup Python	2025-10-21T14:56:05.1506428Z Cache restored successfully
test (3.13)	Setup Python	2025-10-21T14:56:05.9013748Z Cache restored from key: setup-python-Linux-x64-24.04-Ubuntu-python-3.13.7-pip-15d01214fdabf41dafc8f1649a2029b2b82fd6b2dc9da730c5450be92715da74
test (3.13)	Install dependencies	ï»¿2025-10-21T14:56:05.9188909Z ##[group]Run python -m pip install --upgrade pip
test (3.13)	Install dependencies	2025-10-21T14:56:05.9189389Z [36;1mpython -m pip install --upgrade pip[0m
test (3.13)	Install dependencies	2025-10-21T14:56:05.9189700Z [36;1mpip install -r requirements.txt[0m
test (3.13)	Install dependencies	2025-10-21T14:56:05.9189997Z [36;1mpython -m spacy download en_core_web_sm[0m
test (3.13)	Install dependencies	2025-10-21T14:56:05.9230480Z shell: /usr/bin/bash -e {0}
test (3.13)	Install dependencies	2025-10-21T14:56:05.9230740Z env:
test (3.13)	Install dependencies	2025-10-21T14:56:05.9230988Z   pythonLocation: /opt/hostedtoolcache/Python/3.13.7/x64
test (3.13)	Install dependencies	2025-10-21T14:56:05.9231630Z   PKG_CONFIG_PATH: /opt/hostedtoolcache/Python/3.13.7/x64/lib/pkgconfig
test (3.13)	Install dependencies	2025-10-21T14:56:05.9232042Z   Python_ROOT_DIR: /opt/hostedtoolcache/Python/3.13.7/x64
test (3.13)	Install dependencies	2025-10-21T14:56:05.9232399Z   Python2_ROOT_DIR: /opt/hostedtoolcache/Python/3.13.7/x64
test (3.13)	Install dependencies	2025-10-21T14:56:05.9233061Z   Python3_ROOT_DIR: /opt/hostedtoolcache/Python/3.13.7/x64
test (3.13)	Install dependencies	2025-10-21T14:56:05.9233409Z   LD_LIBRARY_PATH: /opt/hostedtoolcache/Python/3.13.7/x64/lib
test (3.13)	Install dependencies	2025-10-21T14:56:05.9233705Z ##[endgroup]
test (3.13)	Install dependencies	2025-10-21T14:56:08.3739273Z Requirement already satisfied: pip in /opt/hostedtoolcache/Python/3.13.7/x64/lib/python3.13/site-packages (25.2)
test (3.13)	Install dependencies	2025-10-21T14:56:09.2007109Z Collecting numpy>=1.26 (from -r requirements.txt (line 1))
test (3.13)	Install dependencies	2025-10-21T14:56:09.2023253Z   Using cached numpy-2.3.4-cp313-cp313-manylinux_2_27_x86_64.manylinux_2_28_x86_64.whl.metadata (62 kB)
test (3.13)	Install dependencies	2025-10-21T14:56:09.3288123Z Collecting pandas>=2.2 (from -r requirements.txt (line 2))
test (3.13)	Install dependencies	2025-10-21T14:56:09.3301968Z   Using cached pandas-2.3.3-cp313-cp313-manylinux_2_24_x86_64.manylinux_2_28_x86_64.whl.metadata (91 kB)
test (3.13)	Install dependencies	2025-10-21T14:56:09.3965062Z Collecting networkx>=3.2 (from -r requirements.txt (line 3))
test (3.13)	Install dependencies	2025-10-21T14:56:09.3977793Z   Using cached networkx-3.5-py3-none-any.whl.metadata (6.3 kB)
test (3.13)	Install dependencies	2025-10-21T14:56:09.4428062Z Collecting tqdm>=4.66 (from -r requirements.txt (line 4))
test (3.13)	Install dependencies	2025-10-21T14:56:09.4439612Z   Using cached tqdm-4.67.1-py3-none-any.whl.metadata (57 kB)
test (3.13)	Install dependencies	2025-10-21T14:56:09.5973382Z Collecting matplotlib>=3.8 (from -r requirements.txt (line 5))
test (3.13)	Install dependencies	2025-10-21T14:56:09.5986724Z   Using cached matplotlib-3.10.7-cp313-cp313-manylinux2014_x86_64.manylinux_2_17_x86_64.whl.metadata (11 kB)
test (3.13)	Install dependencies	2025-10-21T14:56:09.6293341Z Collecting seaborn>=0.13 (from -r requirements.txt (line 6))
test (3.13)	Install dependencies	2025-10-21T14:56:09.6305478Z   Using cached seaborn-0.13.2-py3-none-any.whl.metadata (5.4 kB)
test (3.13)	Install dependencies	2025-10-21T14:56:09.6592918Z Collecting pyvis>=0.3.2 (from -r requirements.txt (line 7))
test (3.13)	Install dependencies	2025-10-21T14:56:09.6605277Z   Using cached pyvis-0.3.2-py3-none-any.whl.metadata (1.7 kB)
test (3.13)	Install dependencies	2025-10-21T14:56:09.7833866Z Collecting scipy>=1.12 (from -r requirements.txt (line 8))
test (3.13)	Install dependencies	2025-10-21T14:56:09.7848510Z   Using cached scipy-1.16.2-cp313-cp313-manylinux2014_x86_64.manylinux_2_17_x86_64.whl.metadata (62 kB)
test (3.13)	Install dependencies	2025-10-21T14:56:09.9431301Z Collecting polars>=0.20 (from -r requirements.txt (line 9))
test (3.13)	Install dependencies	2025-10-21T14:56:09.9443778Z   Using cached polars-1.34.0-py3-none-any.whl.metadata (10 kB)
test (3.13)	Install dependencies	2025-10-21T14:56:09.9908301Z Collecting python-igraph>=0.11 (from -r requirements.txt (line 10))
test (3.13)	Install dependencies	2025-10-21T14:56:09.9920607Z   Using cached python_igraph-0.11.9-py3-none-any.whl.metadata (3.1 kB)
test (3.13)	Install dependencies	2025-10-21T14:56:10.1068383Z Collecting spacy>=3.7 (from spacy[transformers]>=3.7->-r requirements.txt (line 11))
test (3.13)	Install dependencies	2025-10-21T14:56:10.1081564Z   Using cached spacy-3.8.7-cp313-cp313-manylinux_2_17_x86_64.manylinux2014_x86_64.whl.metadata (27 kB)
test (3.13)	Install dependencies	2025-10-21T14:56:10.1750099Z Collecting python-louvain>=0.16 (from -r requirements.txt (line 12))
test (3.13)	Install dependencies	2025-10-21T14:56:10.1751298Z   Using cached python_louvain-0.16-py3-none-any.whl
test (3.13)	Install dependencies	2025-10-21T14:56:10.2097028Z Collecting sentence-transformers>=2.2.0 (from -r requirements.txt (line 13))
test (3.13)	Install dependencies	2025-10-21T14:56:10.2109593Z   Using cached sentence_transformers-5.1.1-py3-none-any.whl.metadata (16 kB)
test (3.13)	Install dependencies	2025-10-21T14:56:10.3046504Z Collecting scikit-learn>=1.3.0 (from -r requirements.txt (line 14))
test (3.13)	Install dependencies	2025-10-21T14:56:10.3061001Z   Using cached scikit_learn-1.7.2-cp313-cp313-manylinux2014_x86_64.manylinux_2_17_x86_64.whl.metadata (11 kB)
test (3.13)	Install dependencies	2025-10-21T14:56:10.3424480Z Collecting bertopic>=0.16 (from -r requirements.txt (line 15))
test (3.13)	Install dependencies	2025-10-21T14:56:10.3437935Z   Using cached bertopic-0.17.3-py3-none-any.whl.metadata (24 kB)
test (3.13)	Install dependencies	2025-10-21T14:56:10.3805286Z Collecting cupy-cuda12x (from -r requirements.txt (line 16))
test (3.13)	Install dependencies	2025-10-21T14:56:10.3817761Z   Using cached cupy_cuda12x-13.6.0-cp313-cp313-manylinux2014_x86_64.whl.metadata (2.4 kB)
test (3.13)	Install dependencies	2025-10-21T14:56:10.4083168Z Collecting python-dateutil>=2.8.2 (from pandas>=2.2->-r requirements.txt (line 2))
test (3.13)	Install dependencies	2025-10-21T14:56:10.4094807Z   Using cached python_dateutil-2.9.0.post0-py2.py3-none-any.whl.metadata (8.4 kB)
test (3.13)	Install dependencies	2025-10-21T14:56:10.4553691Z Collecting pytz>=2020.1 (from pandas>=2.2->-r requirements.txt (line 2))
test (3.13)	Install dependencies	2025-10-21T14:56:10.4565324Z   Using cached pytz-2025.2-py2.py3-none-any.whl.metadata (22 kB)
test (3.13)	Install dependencies	2025-10-21T14:56:10.4823730Z Collecting tzdata>=2022.7 (from pandas>=2.2->-r requirements.txt (line 2))
test (3.13)	Install dependencies	2025-10-21T14:56:10.4835556Z   Using cached tzdata-2025.2-py2.py3-none-any.whl.metadata (1.4 kB)
test (3.13)	Install dependencies	2025-10-21T14:56:10.5591915Z Collecting contourpy>=1.0.1 (from matplotlib>=3.8->-r requirements.txt (line 5))
test (3.13)	Install dependencies	2025-10-21T14:56:10.5605188Z   Using cached contourpy-1.3.3-cp313-cp313-manylinux_2_27_x86_64.manylinux_2_28_x86_64.whl.metadata (5.5 kB)
test (3.13)	Install dependencies	2025-10-21T14:56:10.5842399Z Collecting cycler>=0.10 (from matplotlib>=3.8->-r requirements.txt (line 5))
test (3.13)	Install dependencies	2025-10-21T14:56:10.5853993Z   Using cached cycler-0.12.1-py3-none-any.whl.metadata (3.8 kB)
test (3.13)	Install dependencies	2025-10-21T14:56:10.7407724Z Collecting fonttools>=4.22.0 (from matplotlib>=3.8->-r requirements.txt (line 5))
test (3.13)	Install dependencies	2025-10-21T14:56:10.7421719Z   Using cached fonttools-4.60.1-cp313-cp313-manylinux1_x86_64.manylinux2014_x86_64.manylinux_2_17_x86_64.manylinux_2_5_x86_64.whl.metadata (112 kB)
test (3.13)	Install dependencies	2025-10-21T14:56:10.8229660Z Collecting kiwisolver>=1.3.1 (from matplotlib>=3.8->-r requirements.txt (line 5))
test (3.13)	Install dependencies	2025-10-21T14:56:10.8242228Z   Using cached kiwisolver-1.4.9-cp313-cp313-manylinux2014_x86_64.manylinux_2_17_x86_64.whl.metadata (6.3 kB)
test (3.13)	Install dependencies	2025-10-21T14:56:10.8586629Z Collecting packaging>=20.0 (from matplotlib>=3.8->-r requirements.txt (line 5))
test (3.13)	Install dependencies	2025-10-21T14:56:10.8599123Z   Using cached packaging-25.0-py3-none-any.whl.metadata (3.3 kB)
test (3.13)	Install dependencies	2025-10-21T14:56:11.0634004Z Collecting pillow>=8 (from matplotlib>=3.8->-r requirements.txt (line 5))
test (3.13)	Install dependencies	2025-10-21T14:56:11.0647828Z   Using cached pillow-12.0.0-cp313-cp313-manylinux_2_27_x86_64.manylinux_2_28_x86_64.whl.metadata (8.8 kB)
test (3.13)	Install dependencies	2025-10-21T14:56:11.1041019Z Collecting pyparsing>=3 (from matplotlib>=3.8->-r requirements.txt (line 5))
test (3.13)	Install dependencies	2025-10-21T14:56:11.1053191Z   Using cached pyparsing-3.2.5-py3-none-any.whl.metadata (5.0 kB)
test (3.13)	Install dependencies	2025-10-21T14:56:11.1802789Z Collecting ipython>=5.3.0 (from pyvis>=0.3.2->-r requirements.txt (line 7))
test (3.13)	Install dependencies	2025-10-21T14:56:11.1902472Z   Using cached ipython-9.6.0-py3-none-any.whl.metadata (4.4 kB)
test (3.13)	Install dependencies	2025-10-21T14:56:11.2142769Z Collecting jinja2>=2.9.6 (from pyvis>=0.3.2->-r requirements.txt (line 7))
test (3.13)	Install dependencies	2025-10-21T14:56:11.2154483Z   Using cached jinja2-3.1.6-py3-none-any.whl.metadata (2.9 kB)
test (3.13)	Install dependencies	2025-10-21T14:56:11.2436649Z Collecting jsonpickle>=1.4.1 (from pyvis>=0.3.2->-r requirements.txt (line 7))
test (3.13)	Install dependencies	2025-10-21T14:56:11.2448756Z   Using cached jsonpickle-4.1.1-py3-none-any.whl.metadata (8.1 kB)
test (3.13)	Install dependencies	2025-10-21T14:56:11.2886037Z Collecting polars-runtime-32==1.34.0 (from polars>=0.20->-r requirements.txt (line 9))
test (3.13)	Install dependencies	2025-10-21T14:56:11.2897758Z   Using cached polars_runtime_32-1.34.0-cp39-abi3-manylinux_2_17_x86_64.manylinux2014_x86_64.whl.metadata (1.5 kB)
test (3.13)	Install dependencies	2025-10-21T14:56:11.3525098Z Collecting igraph==0.11.9 (from python-igraph>=0.11->-r requirements.txt (line 10))
test (3.13)	Install dependencies	2025-10-21T14:56:11.3537406Z   Using cached igraph-0.11.9-cp39-abi3-manylinux_2_17_x86_64.manylinux2014_x86_64.whl.metadata (4.4 kB)
test (3.13)	Install dependencies	2025-10-21T14:56:11.3827116Z Collecting texttable>=1.6.2 (from igraph==0.11.9->python-igraph>=0.11->-r requirements.txt (line 10))
test (3.13)	Install dependencies	2025-10-21T14:56:11.3838728Z   Using cached texttable-1.7.0-py2.py3-none-any.whl.metadata (9.8 kB)
test (3.13)	Install dependencies	2025-10-21T14:56:11.4096915Z Collecting spacy-legacy<3.1.0,>=3.0.11 (from spacy>=3.7->spacy[transformers]>=3.7->-r requirements.txt (line 11))
test (3.13)	Install dependencies	2025-10-21T14:56:11.4108284Z   Using cached spacy_legacy-3.0.12-py2.py3-none-any.whl.metadata (2.8 kB)
test (3.13)	Install dependencies	2025-10-21T14:56:11.4312087Z Collecting spacy-loggers<2.0.0,>=1.0.0 (from spacy>=3.7->spacy[transformers]>=3.7->-r requirements.txt (line 11))
test (3.13)	Install dependencies	2025-10-21T14:56:11.4323546Z   Using cached spacy_loggers-1.0.5-py3-none-any.whl.metadata (23 kB)
test (3.13)	Install dependencies	2025-10-21T14:56:11.4759017Z Collecting murmurhash<1.1.0,>=0.28.0 (from spacy>=3.7->spacy[transformers]>=3.7->-r requirements.txt (line 11))
test (3.13)	Install dependencies	2025-10-21T14:56:11.4771183Z   Using cached murmurhash-1.0.13-cp313-cp313-manylinux_2_5_x86_64.manylinux1_x86_64.manylinux_2_17_x86_64.manylinux2014_x86_64.whl.metadata (2.2 kB)
test (3.13)	Install dependencies	2025-10-21T14:56:11.5156472Z Collecting cymem<2.1.0,>=2.0.2 (from spacy>=3.7->spacy[transformers]>=3.7->-r requirements.txt (line 11))
test (3.13)	Install dependencies	2025-10-21T14:56:11.5168368Z   Using cached cymem-2.0.11-cp313-cp313-manylinux_2_17_x86_64.manylinux2014_x86_64.whl.metadata (8.5 kB)
test (3.13)	Install dependencies	2025-10-21T14:56:11.5593725Z Collecting preshed<3.1.0,>=3.0.2 (from spacy>=3.7->spacy[transformers]>=3.7->-r requirements.txt (line 11))
test (3.13)	Install dependencies	2025-10-21T14:56:11.5606457Z   Using cached preshed-3.0.10-cp313-cp313-manylinux_2_5_x86_64.manylinux1_x86_64.manylinux_2_17_x86_64.manylinux2014_x86_64.whl.metadata (2.4 kB)
test (3.13)	Install dependencies	2025-10-21T14:56:11.6973354Z Collecting thinc<8.4.0,>=8.3.4 (from spacy>=3.7->spacy[transformers]>=3.7->-r requirements.txt (line 11))
test (3.13)	Install dependencies	2025-10-21T14:56:11.6986897Z   Using cached thinc-8.3.6-cp313-cp313-manylinux_2_17_x86_64.manylinux2014_x86_64.whl.metadata (15 kB)
test (3.13)	Install dependencies	2025-10-21T14:56:11.7331614Z Collecting wasabi<1.2.0,>=0.9.1 (from spacy>=3.7->spacy[transformers]>=3.7->-r requirements.txt (line 11))
test (3.13)	Install dependencies	2025-10-21T14:56:11.7344310Z   Using cached wasabi-1.1.3-py3-none-any.whl.metadata (28 kB)
test (3.13)	Install dependencies	2025-10-21T14:56:11.7885280Z Collecting srsly<3.0.0,>=2.4.3 (from spacy>=3.7->spacy[transformers]>=3.7->-r requirements.txt (line 11))
test (3.13)	Install dependencies	2025-10-21T14:56:11.7898240Z   Using cached srsly-2.5.1-cp313-cp313-manylinux_2_17_x86_64.manylinux2014_x86_64.whl.metadata (19 kB)
test (3.13)	Install dependencies	2025-10-21T14:56:11.8148777Z Collecting catalogue<2.1.0,>=2.0.6 (from spacy>=3.7->spacy[transformers]>=3.7->-r requirements.txt (line 11))
test (3.13)	Install dependencies	2025-10-21T14:56:11.8161198Z   Using cached catalogue-2.0.10-py3-none-any.whl.metadata (14 kB)
test (3.13)	Install dependencies	2025-10-21T14:56:11.8390664Z Collecting weasel<0.5.0,>=0.1.0 (from spacy>=3.7->spacy[transformers]>=3.7->-r requirements.txt (line 11))
test (3.13)	Install dependencies	2025-10-21T14:56:11.8405930Z   Using cached weasel-0.4.1-py3-none-any.whl.metadata (4.6 kB)
test (3.13)	Install dependencies	2025-10-21T14:56:11.8737215Z Collecting typer<1.0.0,>=0.3.0 (from spacy>=3.7->spacy[transformers]>=3.7->-r requirements.txt (line 11))
test (3.13)	Install dependencies	2025-10-21T14:56:11.8749241Z   Using cached typer-0.20.0-py3-none-any.whl.metadata (16 kB)
test (3.13)	Install dependencies	2025-10-21T14:56:11.9372121Z Collecting requests<3.0.0,>=2.13.0 (from spacy>=3.7->spacy[transformers]>=3.7->-r requirements.txt (line 11))
test (3.13)	Install dependencies	2025-10-21T14:56:11.9384047Z   Using cached requests-2.32.5-py3-none-any.whl.metadata (4.9 kB)
test (3.13)	Install dependencies	2025-10-21T14:56:12.0777687Z Collecting pydantic!=1.8,!=1.8.1,<3.0.0,>=1.7.4 (from spacy>=3.7->spacy[transformers]>=3.7->-r requirements.txt (line 11))
test (3.13)	Install dependencies	2025-10-21T14:56:12.0791134Z   Using cached pydantic-2.12.3-py3-none-any.whl.metadata (87 kB)
test (3.13)	Install dependencies	2025-10-21T14:56:12.2071383Z Collecting setuptools (from spacy>=3.7->spacy[transformers]>=3.7->-r requirements.txt (line 11))
test (3.13)	Install dependencies	2025-10-21T14:56:12.2084921Z   Using cached setuptools-80.9.0-py3-none-any.whl.metadata (6.6 kB)
test (3.13)	Install dependencies	2025-10-21T14:56:12.2389804Z Collecting langcodes<4.0.0,>=3.2.0 (from spacy>=3.7->spacy[transformers]>=3.7->-r requirements.txt (line 11))
test (3.13)	Install dependencies	2025-10-21T14:56:12.2401714Z   Using cached langcodes-3.5.0-py3-none-any.whl.metadata (29 kB)
test (3.13)	Install dependencies	2025-10-21T14:56:12.2656329Z Collecting language-data>=1.2 (from langcodes<4.0.0,>=3.2.0->spacy>=3.7->spacy[transformers]>=3.7->-r requirements.txt (line 11))
test (3.13)	Install dependencies	2025-10-21T14:56:12.2668404Z   Using cached language_data-1.3.0-py3-none-any.whl.metadata (4.3 kB)
test (3.13)	Install dependencies	2025-10-21T14:56:12.2913157Z Collecting annotated-types>=0.6.0 (from pydantic!=1.8,!=1.8.1,<3.0.0,>=1.7.4->spacy>=3.7->spacy[transformers]>=3.7->-r requirements.txt (line 11))
test (3.13)	Install dependencies	2025-10-21T14:56:12.2926353Z   Using cached annotated_types-0.7.0-py3-none-any.whl.metadata (15 kB)
test (3.13)	Install dependencies	2025-10-21T14:56:12.9430557Z Collecting pydantic-core==2.41.4 (from pydantic!=1.8,!=1.8.1,<3.0.0,>=1.7.4->spacy>=3.7->spacy[transformers]>=3.7->-r requirements.txt (line 11))
test (3.13)	Install dependencies	2025-10-21T14:56:12.9448332Z   Using cached pydantic_core-2.41.4-cp313-cp313-manylinux_2_17_x86_64.manylinux2014_x86_64.whl.metadata (7.3 kB)
test (3.13)	Install dependencies	2025-10-21T14:56:12.9730436Z Collecting typing-extensions>=4.14.1 (from pydantic!=1.8,!=1.8.1,<3.0.0,>=1.7.4->spacy>=3.7->spacy[transformers]>=3.7->-r requirements.txt (line 11))
test (3.13)	Install dependencies	2025-10-21T14:56:12.9742169Z   Using cached typing_extensions-4.15.0-py3-none-any.whl.metadata (3.3 kB)
test (3.13)	Install dependencies	2025-10-21T14:56:12.9943048Z Collecting typing-inspection>=0.4.2 (from pydantic!=1.8,!=1.8.1,<3.0.0,>=1.7.4->spacy>=3.7->spacy[transformers]>=3.7->-r requirements.txt (line 11))
test (3.13)	Install dependencies	2025-10-21T14:56:12.9953773Z   Using cached typing_inspection-0.4.2-py3-none-any.whl.metadata (2.6 kB)
test (3.13)	Install dependencies	2025-10-21T14:56:13.0981355Z Collecting charset_normalizer<4,>=2 (from requests<3.0.0,>=2.13.0->spacy>=3.7->spacy[transformers]>=3.7->-r requirements.txt (line 11))
test (3.13)	Install dependencies	2025-10-21T14:56:13.0994215Z   Using cached charset_normalizer-3.4.4-cp313-cp313-manylinux2014_x86_64.manylinux_2_17_x86_64.manylinux_2_28_x86_64.whl.metadata (37 kB)
test (3.13)	Install dependencies	2025-10-21T14:56:13.5756158Z Collecting idna<4,>=2.5 (from requests<3.0.0,>=2.13.0->spacy>=3.7->spacy[transformers]>=3.7->-r requirements.txt (line 11))
test (3.13)	Install dependencies	2025-10-21T14:56:13.5768856Z   Using cached idna-3.11-py3-none-any.whl.metadata (8.4 kB)
test (3.13)	Install dependencies	2025-10-21T14:56:13.6148015Z Collecting urllib3<3,>=1.21.1 (from requests<3.0.0,>=2.13.0->spacy>=3.7->spacy[transformers]>=3.7->-r requirements.txt (line 11))
test (3.13)	Install dependencies	2025-10-21T14:56:13.6159234Z   Using cached urllib3-2.5.0-py3-none-any.whl.metadata (6.5 kB)
test (3.13)	Install dependencies	2025-10-21T14:56:13.6486498Z Collecting certifi>=2017.4.17 (from requests<3.0.0,>=2.13.0->spacy>=3.7->spacy[transformers]>=3.7->-r requirements.txt (line 11))
test (3.13)	Install dependencies	2025-10-21T14:56:13.6498291Z   Using cached certifi-2025.10.5-py3-none-any.whl.metadata (2.5 kB)
test (3.13)	Install dependencies	2025-10-21T14:56:13.7162980Z Collecting blis<1.4.0,>=1.3.0 (from thinc<8.4.0,>=8.3.4->spacy>=3.7->spacy[transformers]>=3.7->-r requirements.txt (line 11))
test (3.13)	Install dependencies	2025-10-21T14:56:13.7175296Z   Using cached blis-1.3.0-cp313-cp313-manylinux_2_17_x86_64.manylinux2014_x86_64.whl.metadata (7.4 kB)
test (3.13)	Install dependencies	2025-10-21T14:56:13.7497807Z Collecting confection<1.0.0,>=0.0.1 (from thinc<8.4.0,>=8.3.4->spacy>=3.7->spacy[transformers]>=3.7->-r requirements.txt (line 11))
test (3.13)	Install dependencies	2025-10-21T14:56:13.7509626Z   Using cached confection-0.1.5-py3-none-any.whl.metadata (19 kB)
test (3.13)	Install dependencies	2025-10-21T14:56:13.8176283Z Collecting click>=8.0.0 (from typer<1.0.0,>=0.3.0->spacy>=3.7->spacy[transformers]>=3.7->-r requirements.txt (line 11))
test (3.13)	Install dependencies	2025-10-21T14:56:13.8187889Z   Using cached click-8.3.0-py3-none-any.whl.metadata (2.6 kB)
test (3.13)	Install dependencies	2025-10-21T14:56:13.8464229Z Collecting shellingham>=1.3.0 (from typer<1.0.0,>=0.3.0->spacy>=3.7->spacy[transformers]>=3.7->-r requirements.txt (line 11))
test (3.13)	Install dependencies	2025-10-21T14:56:13.8476387Z   Using cached shellingham-1.5.4-py2.py3-none-any.whl.metadata (3.5 kB)
test (3.13)	Install dependencies	2025-10-21T14:56:13.8980102Z Collecting rich>=10.11.0 (from typer<1.0.0,>=0.3.0->spacy>=3.7->spacy[transformers]>=3.7->-r requirements.txt (line 11))
test (3.13)	Install dependencies	2025-10-21T14:56:13.8991063Z   Using cached rich-14.2.0-py3-none-any.whl.metadata (18 kB)
test (3.13)	Install dependencies	2025-10-21T14:56:13.9353640Z Collecting cloudpathlib<1.0.0,>=0.7.0 (from weasel<0.5.0,>=0.1.0->spacy>=3.7->spacy[transformers]>=3.7->-r requirements.txt (line 11))
test (3.13)	Install dependencies	2025-10-21T14:56:13.9364913Z   Using cached cloudpathlib-0.23.0-py3-none-any.whl.metadata (16 kB)
test (3.13)	Install dependencies	2025-10-21T14:56:13.9665664Z Collecting smart-open<8.0.0,>=5.2.1 (from weasel<0.5.0,>=0.1.0->spacy>=3.7->spacy[transformers]>=3.7->-r requirements.txt (line 11))
test (3.13)	Install dependencies	2025-10-21T14:56:13.9676599Z   Using cached smart_open-7.4.0-py3-none-any.whl.metadata (24 kB)
test (3.13)	Install dependencies	2025-10-21T14:56:14.1054492Z Collecting wrapt (from smart-open<8.0.0,>=5.2.1->weasel<0.5.0,>=0.1.0->spacy>=3.7->spacy[transformers]>=3.7->-r requirements.txt (line 11))
test (3.13)	Install dependencies	2025-10-21T14:56:14.1067988Z   Using cached wrapt-2.0.0-cp313-cp313-manylinux1_x86_64.manylinux_2_28_x86_64.manylinux_2_5_x86_64.whl.metadata (8.8 kB)
test (3.13)	Install dependencies	2025-10-21T14:56:14.1697065Z Collecting transformers<5.0.0,>=4.41.0 (from sentence-transformers>=2.2.0->-r requirements.txt (line 13))
test (3.13)	Install dependencies	2025-10-21T14:56:14.1708514Z   Using cached transformers-4.57.1-py3-none-any.whl.metadata (43 kB)
test (3.13)	Install dependencies	2025-10-21T14:56:14.4714610Z Collecting torch>=1.11.0 (from sentence-transformers>=2.2.0->-r requirements.txt (line 13))
test (3.13)	Install dependencies	2025-10-21T14:56:14.4726738Z   Using cached torch-2.9.0-cp313-cp313-manylinux_2_28_x86_64.whl.metadata (30 kB)
test (3.13)	Install dependencies	2025-10-21T14:56:14.5293061Z Collecting huggingface-hub>=0.20.0 (from sentence-transformers>=2.2.0->-r requirements.txt (line 13))
test (3.13)	Install dependencies	2025-10-21T14:56:14.5304916Z   Using cached huggingface_hub-0.35.3-py3-none-any.whl.metadata (14 kB)
test (3.13)	Install dependencies	2025-10-21T14:56:14.5855118Z Collecting filelock (from transformers<5.0.0,>=4.41.0->sentence-transformers>=2.2.0->-r requirements.txt (line 13))
test (3.13)	Install dependencies	2025-10-21T14:56:14.5866326Z   Using cached filelock-3.20.0-py3-none-any.whl.metadata (2.1 kB)
test (3.13)	Install dependencies	2025-10-21T14:56:14.6566006Z Collecting pyyaml>=5.1 (from transformers<5.0.0,>=4.41.0->sentence-transformers>=2.2.0->-r requirements.txt (line 13))
test (3.13)	Install dependencies	2025-10-21T14:56:14.6578796Z   Using cached pyyaml-6.0.3-cp313-cp313-manylinux2014_x86_64.manylinux_2_17_x86_64.manylinux_2_28_x86_64.whl.metadata (2.4 kB)
test (3.13)	Install dependencies	2025-10-21T14:56:15.0063912Z Collecting regex!=2019.12.17 (from transformers<5.0.0,>=4.41.0->sentence-transformers>=2.2.0->-r requirements.txt (line 13))
test (3.13)	Install dependencies	2025-10-21T14:56:15.1253818Z   Downloading regex-2025.10.22-cp313-cp313-manylinux2014_x86_64.manylinux_2_17_x86_64.manylinux_2_28_x86_64.whl.metadata (40 kB)
test (3.13)	Install dependencies	2025-10-21T14:56:15.3043894Z Collecting tokenizers<=0.23.0,>=0.22.0 (from transformers<5.0.0,>=4.41.0->sentence-transformers>=2.2.0->-r requirements.txt (line 13))
test (3.13)	Install dependencies	2025-10-21T14:56:15.3057771Z   Using cached tokenizers-0.22.1-cp39-abi3-manylinux_2_17_x86_64.manylinux2014_x86_64.whl.metadata (6.8 kB)
test (3.13)	Install dependencies	2025-10-21T14:56:15.4316091Z Collecting safetensors>=0.4.3 (from transformers<5.0.0,>=4.41.0->sentence-transformers>=2.2.0->-r requirements.txt (line 13))
test (3.13)	Install dependencies	2025-10-21T14:56:15.4329424Z   Using cached safetensors-0.6.2-cp38-abi3-manylinux_2_17_x86_64.manylinux2014_x86_64.whl.metadata (4.1 kB)
test (3.13)	Install dependencies	2025-10-21T14:56:15.4894025Z Collecting fsspec>=2023.5.0 (from huggingface-hub>=0.20.0->sentence-transformers>=2.2.0->-r requirements.txt (line 13))
test (3.13)	Install dependencies	2025-10-21T14:56:15.4906132Z   Using cached fsspec-2025.9.0-py3-none-any.whl.metadata (10 kB)
test (3.13)	Install dependencies	2025-10-21T14:56:15.5774686Z Collecting hf-xet<2.0.0,>=1.1.3 (from huggingface-hub>=0.20.0->sentence-transformers>=2.2.0->-r requirements.txt (line 13))
test (3.13)	Install dependencies	2025-10-21T14:56:15.5788040Z   Using cached hf_xet-1.1.10-cp37-abi3-manylinux_2_17_x86_64.manylinux2014_x86_64.whl.metadata (4.7 kB)
test (3.13)	Install dependencies	2025-10-21T14:56:15.6432858Z Collecting joblib>=1.2.0 (from scikit-learn>=1.3.0->-r requirements.txt (line 14))
test (3.13)	Install dependencies	2025-10-21T14:56:15.6444498Z   Using cached joblib-1.5.2-py3-none-any.whl.metadata (5.6 kB)
test (3.13)	Install dependencies	2025-10-21T14:56:15.6671088Z Collecting threadpoolctl>=3.1.0 (from scikit-learn>=1.3.0->-r requirements.txt (line 14))
test (3.13)	Install dependencies	2025-10-21T14:56:15.6682779Z   Using cached threadpoolctl-3.6.0-py3-none-any.whl.metadata (13 kB)
test (3.13)	Install dependencies	2025-10-21T14:56:15.7019475Z Collecting hdbscan>=0.8.29 (from bertopic>=0.16->-r requirements.txt (line 15))
test (3.13)	Install dependencies	2025-10-21T14:56:15.7031209Z   Using cached hdbscan-0.8.40-cp313-cp313-manylinux2014_x86_64.manylinux_2_17_x86_64.whl.metadata (15 kB)
test (3.13)	Install dependencies	2025-10-21T14:56:15.7279326Z Collecting umap-learn>=0.5.0 (from bertopic>=0.16->-r requirements.txt (line 15))
test (3.13)	Install dependencies	2025-10-21T14:56:15.7290812Z   Using cached umap_learn-0.5.9.post2-py3-none-any.whl.metadata (25 kB)
test (3.13)	Install dependencies	2025-10-21T14:56:15.7909933Z Collecting plotly>=4.7.0 (from bertopic>=0.16->-r requirements.txt (line 15))
test (3.13)	Install dependencies	2025-10-21T14:56:15.7921855Z   Using cached plotly-6.3.1-py3-none-any.whl.metadata (8.5 kB)
test (3.13)	Install dependencies	2025-10-21T14:56:15.8954820Z Collecting llvmlite>0.36.0 (from bertopic>=0.16->-r requirements.txt (line 15))
test (3.13)	Install dependencies	2025-10-21T14:56:15.8967590Z   Using cached llvmlite-0.45.1-cp313-cp313-manylinux2014_x86_64.manylinux_2_17_x86_64.whl.metadata (4.9 kB)
test (3.13)	Install dependencies	2025-10-21T14:56:15.9371226Z Collecting fastrlock>=0.5 (from cupy-cuda12x->-r requirements.txt (line 16))
test (3.13)	Install dependencies	2025-10-21T14:56:15.9383380Z   Using cached fastrlock-0.8.3-cp313-cp313-manylinux_2_5_x86_64.manylinux1_x86_64.manylinux_2_28_x86_64.whl.metadata (7.7 kB)
test (3.13)	Install dependencies	2025-10-21T14:56:16.0015782Z Collecting decorator (from ipython>=5.3.0->pyvis>=0.3.2->-r requirements.txt (line 7))
test (3.13)	Install dependencies	2025-10-21T14:56:16.0026841Z   Using cached decorator-5.2.1-py3-none-any.whl.metadata (3.9 kB)
test (3.13)	Install dependencies	2025-10-21T14:56:16.0224450Z Collecting ipython-pygments-lexers (from ipython>=5.3.0->pyvis>=0.3.2->-r requirements.txt (line 7))
test (3.13)	Install dependencies	2025-10-21T14:56:16.0235499Z   Using cached ipython_pygments_lexers-1.1.1-py3-none-any.whl.metadata (1.1 kB)
test (3.13)	Install dependencies	2025-10-21T14:56:16.0479786Z Collecting jedi>=0.16 (from ipython>=5.3.0->pyvis>=0.3.2->-r requirements.txt (line 7))
test (3.13)	Install dependencies	2025-10-21T14:56:16.0490562Z   Using cached jedi-0.19.2-py2.py3-none-any.whl.metadata (22 kB)
test (3.13)	Install dependencies	2025-10-21T14:56:16.0749277Z Collecting matplotlib-inline (from ipython>=5.3.0->pyvis>=0.3.2->-r requirements.txt (line 7))
test (3.13)	Install dependencies	2025-10-21T14:56:16.0760614Z   Using cached matplotlib_inline-0.1.7-py3-none-any.whl.metadata (3.9 kB)
test (3.13)	Install dependencies	2025-10-21T14:56:16.0979592Z Collecting pexpect>4.3 (from ipython>=5.3.0->pyvis>=0.3.2->-r requirements.txt (line 7))
test (3.13)	Install dependencies	2025-10-21T14:56:16.0990379Z   Using cached pexpect-4.9.0-py2.py3-none-any.whl.metadata (2.5 kB)
test (3.13)	Install dependencies	2025-10-21T14:56:16.1413925Z Collecting prompt_toolkit<3.1.0,>=3.0.41 (from ipython>=5.3.0->pyvis>=0.3.2->-r requirements.txt (line 7))
test (3.13)	Install dependencies	2025-10-21T14:56:16.1425078Z   Using cached prompt_toolkit-3.0.52-py3-none-any.whl.metadata (6.4 kB)
test (3.13)	Install dependencies	2025-10-21T14:56:16.1748279Z Collecting pygments>=2.4.0 (from ipython>=5.3.0->pyvis>=0.3.2->-r requirements.txt (line 7))
test (3.13)	Install dependencies	2025-10-21T14:56:16.1759743Z   Using cached pygments-2.19.2-py3-none-any.whl.metadata (2.5 kB)
test (3.13)	Install dependencies	2025-10-21T14:56:16.1992972Z Collecting stack_data (from ipython>=5.3.0->pyvis>=0.3.2->-r requirements.txt (line 7))
test (3.13)	Install dependencies	2025-10-21T14:56:16.2003793Z   Using cached stack_data-0.6.3-py3-none-any.whl.metadata (18 kB)
test (3.13)	Install dependencies	2025-10-21T14:56:16.2301429Z Collecting traitlets>=5.13.0 (from ipython>=5.3.0->pyvis>=0.3.2->-r requirements.txt (line 7))
test (3.13)	Install dependencies	2025-10-21T14:56:16.2312905Z   Using cached traitlets-5.14.3-py3-none-any.whl.metadata (10 kB)
test (3.13)	Install dependencies	2025-10-21T14:56:16.2586859Z Collecting wcwidth (from prompt_toolkit<3.1.0,>=3.0.41->ipython>=5.3.0->pyvis>=0.3.2->-r requirements.txt (line 7))
test (3.13)	Install dependencies	2025-10-21T14:56:16.2600264Z   Using cached wcwidth-0.2.14-py2.py3-none-any.whl.metadata (15 kB)
test (3.13)	Install dependencies	2025-10-21T14:56:16.2883422Z Collecting parso<0.9.0,>=0.8.4 (from jedi>=0.16->ipython>=5.3.0->pyvis>=0.3.2->-r requirements.txt (line 7))
test (3.13)	Install dependencies	2025-10-21T14:56:16.2894125Z   Using cached parso-0.8.5-py2.py3-none-any.whl.metadata (8.3 kB)
test (3.13)	Install dependencies	2025-10-21T14:56:16.3565363Z Collecting MarkupSafe>=2.0 (from jinja2>=2.9.6->pyvis>=0.3.2->-r requirements.txt (line 7))
test (3.13)	Install dependencies	2025-10-21T14:56:16.3578259Z   Using cached markupsafe-3.0.3-cp313-cp313-manylinux2014_x86_64.manylinux_2_17_x86_64.manylinux_2_28_x86_64.whl.metadata (2.7 kB)
test (3.13)	Install dependencies	2025-10-21T14:56:16.4246245Z Collecting marisa-trie>=1.1.0 (from language-data>=1.2->langcodes<4.0.0,>=3.2.0->spacy>=3.7->spacy[transformers]>=3.7->-r requirements.txt (line 11))
test (3.13)	Install dependencies	2025-10-21T14:56:16.4259620Z   Using cached marisa_trie-1.3.1-cp313-cp313-manylinux_2_24_x86_64.manylinux_2_28_x86_64.whl.metadata (10 kB)
test (3.13)	Install dependencies	2025-10-21T14:56:16.4554031Z Collecting ptyprocess>=0.5 (from pexpect>4.3->ipython>=5.3.0->pyvis>=0.3.2->-r requirements.txt (line 7))
test (3.13)	Install dependencies	2025-10-21T14:56:16.4566215Z   Using cached ptyprocess-0.7.0-py2.py3-none-any.whl.metadata (1.3 kB)
test (3.13)	Install dependencies	2025-10-21T14:56:16.5218052Z Collecting narwhals>=1.15.1 (from plotly>=4.7.0->bertopic>=0.16->-r requirements.txt (line 15))
test (3.13)	Install dependencies	2025-10-21T14:56:16.5230380Z   Using cached narwhals-2.9.0-py3-none-any.whl.metadata (11 kB)
test (3.13)	Install dependencies	2025-10-21T14:56:16.5606708Z Collecting six>=1.5 (from python-dateutil>=2.8.2->pandas>=2.2->-r requirements.txt (line 2))
test (3.13)	Install dependencies	2025-10-21T14:56:16.5618951Z   Using cached six-1.17.0-py2.py3-none-any.whl.metadata (1.7 kB)
test (3.13)	Install dependencies	2025-10-21T14:56:16.5948850Z Collecting markdown-it-py>=2.2.0 (from rich>=10.11.0->typer<1.0.0,>=0.3.0->spacy>=3.7->spacy[transformers]>=3.7->-r requirements.txt (line 11))
test (3.13)	Install dependencies	2025-10-21T14:56:16.5960645Z   Using cached markdown_it_py-4.0.0-py3-none-any.whl.metadata (7.3 kB)
test (3.13)	Install dependencies	2025-10-21T14:56:16.6278391Z Collecting mdurl~=0.1 (from markdown-it-py>=2.2.0->rich>=10.11.0->typer<1.0.0,>=0.3.0->spacy>=3.7->spacy[transformers]>=3.7->-r requirements.txt (line 11))
test (3.13)	Install dependencies	2025-10-21T14:56:16.6289633Z   Using cached mdurl-0.1.2-py3-none-any.whl.metadata (1.6 kB)
test (3.13)	Install dependencies	2025-10-21T14:56:16.6907680Z Collecting spacy_transformers<1.4.0,>=1.1.2 (from spacy[transformers]>=3.7->-r requirements.txt (line 11))
test (3.13)	Install dependencies	2025-10-21T14:56:16.6919587Z   Using cached spacy_transformers-1.3.9-cp313-cp313-manylinux_2_17_x86_64.manylinux2014_x86_64.whl.metadata (7.0 kB)
test (3.13)	Install dependencies	2025-10-21T14:56:16.7231334Z Collecting transformers<5.0.0,>=4.41.0 (from sentence-transformers>=2.2.0->-r requirements.txt (line 13))
test (3.13)	Install dependencies	2025-10-21T14:56:16.7243059Z   Using cached transformers-4.49.0-py3-none-any.whl.metadata (44 kB)
test (3.13)	Install dependencies	2025-10-21T14:56:16.8079105Z Collecting spacy-alignments<1.0.0,>=0.7.2 (from spacy_transformers<1.4.0,>=1.1.2->spacy[transformers]>=3.7->-r requirements.txt (line 11))
test (3.13)	Install dependencies	2025-10-21T14:56:16.8090228Z   Using cached spacy_alignments-0.9.2-cp313-cp313-manylinux_2_17_x86_64.manylinux2014_x86_64.whl.metadata (2.6 kB)
test (3.13)	Install dependencies	2025-10-21T14:56:16.8406923Z Collecting tokenizers<0.22,>=0.21 (from transformers<5.0.0,>=4.41.0->sentence-transformers>=2.2.0->-r requirements.txt (line 13))
test (3.13)	Install dependencies	2025-10-21T14:56:16.8418233Z   Using cached tokenizers-0.21.4-cp39-abi3-manylinux_2_17_x86_64.manylinux2014_x86_64.whl.metadata (6.7 kB)
test (3.13)	Install dependencies	2025-10-21T14:56:16.9088629Z Collecting sympy>=1.13.3 (from torch>=1.11.0->sentence-transformers>=2.2.0->-r requirements.txt (line 13))
test (3.13)	Install dependencies	2025-10-21T14:56:16.9102023Z   Using cached sympy-1.14.0-py3-none-any.whl.metadata (12 kB)
test (3.13)	Install dependencies	2025-10-21T14:56:16.9492775Z Collecting nvidia-cuda-nvrtc-cu12==12.8.93 (from torch>=1.11.0->sentence-transformers>=2.2.0->-r requirements.txt (line 13))
test (3.13)	Install dependencies	2025-10-21T14:56:16.9504769Z   Using cached nvidia_cuda_nvrtc_cu12-12.8.93-py3-none-manylinux2010_x86_64.manylinux_2_12_x86_64.whl.metadata (1.7 kB)
test (3.13)	Install dependencies	2025-10-21T14:56:16.9750362Z Collecting nvidia-cuda-runtime-cu12==12.8.90 (from torch>=1.11.0->sentence-transformers>=2.2.0->-r requirements.txt (line 13))
test (3.13)	Install dependencies	2025-10-21T14:56:16.9762069Z   Using cached nvidia_cuda_runtime_cu12-12.8.90-py3-none-manylinux2014_x86_64.manylinux_2_17_x86_64.whl.metadata (1.7 kB)
test (3.13)	Install dependencies	2025-10-21T14:56:17.0001487Z Collecting nvidia-cuda-cupti-cu12==12.8.90 (from torch>=1.11.0->sentence-transformers>=2.2.0->-r requirements.txt (line 13))
test (3.13)	Install dependencies	2025-10-21T14:56:17.0013277Z   Using cached nvidia_cuda_cupti_cu12-12.8.90-py3-none-manylinux2014_x86_64.manylinux_2_17_x86_64.whl.metadata (1.7 kB)
test (3.13)	Install dependencies	2025-10-21T14:56:17.0294059Z Collecting nvidia-cudnn-cu12==9.10.2.21 (from torch>=1.11.0->sentence-transformers>=2.2.0->-r requirements.txt (line 13))
test (3.13)	Install dependencies	2025-10-21T14:56:17.0304988Z   Using cached nvidia_cudnn_cu12-9.10.2.21-py3-none-manylinux_2_27_x86_64.whl.metadata (1.8 kB)
test (3.13)	Install dependencies	2025-10-21T14:56:17.0535833Z Collecting nvidia-cublas-cu12==12.8.4.1 (from torch>=1.11.0->sentence-transformers>=2.2.0->-r requirements.txt (line 13))
test (3.13)	Install dependencies	2025-10-21T14:56:17.0546573Z   Using cached nvidia_cublas_cu12-12.8.4.1-py3-none-manylinux_2_27_x86_64.whl.metadata (1.7 kB)
test (3.13)	Install dependencies	2025-10-21T14:56:17.0783345Z Collecting nvidia-cufft-cu12==11.3.3.83 (from torch>=1.11.0->sentence-transformers>=2.2.0->-r requirements.txt (line 13))
test (3.13)	Install dependencies	2025-10-21T14:56:17.0794429Z   Using cached nvidia_cufft_cu12-11.3.3.83-py3-none-manylinux2014_x86_64.manylinux_2_17_x86_64.whl.metadata (1.7 kB)
test (3.13)	Install dependencies	2025-10-21T14:56:17.1025614Z Collecting nvidia-curand-cu12==10.3.9.90 (from torch>=1.11.0->sentence-transformers>=2.2.0->-r requirements.txt (line 13))
test (3.13)	Install dependencies	2025-10-21T14:56:17.1036969Z   Using cached nvidia_curand_cu12-10.3.9.90-py3-none-manylinux_2_27_x86_64.whl.metadata (1.7 kB)
test (3.13)	Install dependencies	2025-10-21T14:56:17.1277147Z Collecting nvidia-cusolver-cu12==11.7.3.90 (from torch>=1.11.0->sentence-transformers>=2.2.0->-r requirements.txt (line 13))
test (3.13)	Install dependencies	2025-10-21T14:56:17.1289139Z   Using cached nvidia_cusolver_cu12-11.7.3.90-py3-none-manylinux_2_27_x86_64.whl.metadata (1.8 kB)
test (3.13)	Install dependencies	2025-10-21T14:56:17.1538691Z Collecting nvidia-cusparse-cu12==12.5.8.93 (from torch>=1.11.0->sentence-transformers>=2.2.0->-r requirements.txt (line 13))
test (3.13)	Install dependencies	2025-10-21T14:56:17.1549860Z   Using cached nvidia_cusparse_cu12-12.5.8.93-py3-none-manylinux2014_x86_64.manylinux_2_17_x86_64.whl.metadata (1.8 kB)
test (3.13)	Install dependencies	2025-10-21T14:56:17.1753285Z Collecting nvidia-cusparselt-cu12==0.7.1 (from torch>=1.11.0->sentence-transformers>=2.2.0->-r requirements.txt (line 13))
test (3.13)	Install dependencies	2025-10-21T14:56:17.1764551Z   Using cached nvidia_cusparselt_cu12-0.7.1-py3-none-manylinux2014_x86_64.whl.metadata (7.0 kB)
test (3.13)	Install dependencies	2025-10-21T14:56:17.1988226Z Collecting nvidia-nccl-cu12==2.27.5 (from torch>=1.11.0->sentence-transformers>=2.2.0->-r requirements.txt (line 13))
test (3.13)	Install dependencies	2025-10-21T14:56:17.1999413Z   Using cached nvidia_nccl_cu12-2.27.5-py3-none-manylinux2014_x86_64.manylinux_2_17_x86_64.whl.metadata (2.0 kB)
test (3.13)	Install dependencies	2025-10-21T14:56:17.2207767Z Collecting nvidia-nvshmem-cu12==3.3.20 (from torch>=1.11.0->sentence-transformers>=2.2.0->-r requirements.txt (line 13))
test (3.13)	Install dependencies	2025-10-21T14:56:17.2219870Z   Using cached nvidia_nvshmem_cu12-3.3.20-py3-none-manylinux2014_x86_64.manylinux_2_17_x86_64.whl.metadata (2.1 kB)
test (3.13)	Install dependencies	2025-10-21T14:56:17.2449534Z Collecting nvidia-nvtx-cu12==12.8.90 (from torch>=1.11.0->sentence-transformers>=2.2.0->-r requirements.txt (line 13))
test (3.13)	Install dependencies	2025-10-21T14:56:17.2460495Z   Using cached nvidia_nvtx_cu12-12.8.90-py3-none-manylinux2014_x86_64.manylinux_2_17_x86_64.whl.metadata (1.8 kB)
test (3.13)	Install dependencies	2025-10-21T14:56:17.2714867Z Collecting nvidia-nvjitlink-cu12==12.8.93 (from torch>=1.11.0->sentence-transformers>=2.2.0->-r requirements.txt (line 13))
test (3.13)	Install dependencies	2025-10-21T14:56:17.2726080Z   Using cached nvidia_nvjitlink_cu12-12.8.93-py3-none-manylinux2010_x86_64.manylinux_2_12_x86_64.whl.metadata (1.7 kB)
test (3.13)	Install dependencies	2025-10-21T14:56:17.2941446Z Collecting nvidia-cufile-cu12==1.13.1.3 (from torch>=1.11.0->sentence-transformers>=2.2.0->-r requirements.txt (line 13))
test (3.13)	Install dependencies	2025-10-21T14:56:17.2952398Z   Using cached nvidia_cufile_cu12-1.13.1.3-py3-none-manylinux2014_x86_64.manylinux_2_17_x86_64.whl.metadata (1.7 kB)
test (3.13)	Install dependencies	2025-10-21T14:56:17.3212041Z Collecting triton==3.5.0 (from torch>=1.11.0->sentence-transformers>=2.2.0->-r requirements.txt (line 13))
test (3.13)	Install dependencies	2025-10-21T14:56:17.3223738Z   Using cached triton-3.5.0-cp313-cp313-manylinux_2_27_x86_64.manylinux_2_28_x86_64.whl.metadata (1.7 kB)
test (3.13)	Install dependencies	2025-10-21T14:56:17.3913653Z Collecting mpmath<1.4,>=1.1.0 (from sympy>=1.13.3->torch>=1.11.0->sentence-transformers>=2.2.0->-r requirements.txt (line 13))
test (3.13)	Install dependencies	2025-10-21T14:56:17.3923661Z   Using cached mpmath-1.3.0-py3-none-any.whl.metadata (8.6 kB)
test (3.13)	Install dependencies	2025-10-21T14:56:17.5191685Z Collecting numba>=0.51.2 (from umap-learn>=0.5.0->bertopic>=0.16->-r requirements.txt (line 15))
test (3.13)	Install dependencies	2025-10-21T14:56:17.5203244Z   Using cached numba-0.62.1-cp313-cp313-manylinux2014_x86_64.manylinux_2_17_x86_64.whl.metadata (2.8 kB)
test (3.13)	Install dependencies	2025-10-21T14:56:17.5429524Z Collecting pynndescent>=0.5 (from umap-learn>=0.5.0->bertopic>=0.16->-r requirements.txt (line 15))
test (3.13)	Install dependencies	2025-10-21T14:56:17.5440705Z   Using cached pynndescent-0.5.13-py3-none-any.whl.metadata (6.8 kB)
test (3.13)	Install dependencies	2025-10-21T14:56:17.6175131Z Collecting executing>=1.2.0 (from stack_data->ipython>=5.3.0->pyvis>=0.3.2->-r requirements.txt (line 7))
test (3.13)	Install dependencies	2025-10-21T14:56:17.6186760Z   Using cached executing-2.2.1-py2.py3-none-any.whl.metadata (8.9 kB)
test (3.13)	Install dependencies	2025-10-21T14:56:17.6443785Z Collecting asttokens>=2.1.0 (from stack_data->ipython>=5.3.0->pyvis>=0.3.2->-r requirements.txt (line 7))
test (3.13)	Install dependencies	2025-10-21T14:56:17.6455762Z   Using cached asttokens-3.0.0-py3-none-any.whl.metadata (4.7 kB)
test (3.13)	Install dependencies	2025-10-21T14:56:17.6665089Z Collecting pure-eval (from stack_data->ipython>=5.3.0->pyvis>=0.3.2->-r requirements.txt (line 7))
test (3.13)	Install dependencies	2025-10-21T14:56:17.6676073Z   Using cached pure_eval-0.2.3-py3-none-any.whl.metadata (6.3 kB)
test (3.13)	Install dependencies	2025-10-21T14:56:17.6858540Z Using cached numpy-2.3.4-cp313-cp313-manylinux_2_27_x86_64.manylinux_2_28_x86_64.whl (16.6 MB)
test (3.13)	Install dependencies	2025-10-21T14:56:17.6991041Z Using cached pandas-2.3.3-cp313-cp313-manylinux_2_24_x86_64.manylinux_2_28_x86_64.whl (12.3 MB)
test (3.13)	Install dependencies	2025-10-21T14:56:17.7088888Z Using cached networkx-3.5-py3-none-any.whl (2.0 MB)
test (3.13)	Install dependencies	2025-10-21T14:56:17.7114513Z Using cached tqdm-4.67.1-py3-none-any.whl (78 kB)
test (3.13)	Install dependencies	2025-10-21T14:56:17.7126488Z Using cached matplotlib-3.10.7-cp313-cp313-manylinux2014_x86_64.manylinux_2_17_x86_64.whl (8.7 MB)
test (3.13)	Install dependencies	2025-10-21T14:56:17.7198853Z Using cached seaborn-0.13.2-py3-none-any.whl (294 kB)
test (3.13)	Install dependencies	2025-10-21T14:56:17.7211943Z Using cached pyvis-0.3.2-py3-none-any.whl (756 kB)
test (3.13)	Install dependencies	2025-10-21T14:56:17.7228726Z Using cached scipy-1.16.2-cp313-cp313-manylinux2014_x86_64.manylinux_2_17_x86_64.whl (35.7 MB)
test (3.13)	Install dependencies	2025-10-21T14:56:17.7491843Z Using cached polars-1.34.0-py3-none-any.whl (772 kB)
test (3.13)	Install dependencies	2025-10-21T14:56:17.7508956Z Using cached polars_runtime_32-1.34.0-cp39-abi3-manylinux_2_17_x86_64.manylinux2014_x86_64.whl (40.3 MB)
test (3.13)	Install dependencies	2025-10-21T14:56:17.7802328Z Using cached python_igraph-0.11.9-py3-none-any.whl (9.2 kB)
test (3.13)	Install dependencies	2025-10-21T14:56:17.7813494Z Using cached igraph-0.11.9-cp39-abi3-manylinux_2_17_x86_64.manylinux2014_x86_64.whl (4.4 MB)
test (3.13)	Install dependencies	2025-10-21T14:56:17.7855680Z Using cached spacy-3.8.7-cp313-cp313-manylinux_2_17_x86_64.manylinux2014_x86_64.whl (33.4 MB)
test (3.13)	Install dependencies	2025-10-21T14:56:17.8102498Z Using cached catalogue-2.0.10-py3-none-any.whl (17 kB)
test (3.13)	Install dependencies	2025-10-21T14:56:17.8113848Z Using cached cymem-2.0.11-cp313-cp313-manylinux_2_17_x86_64.manylinux2014_x86_64.whl (222 kB)
test (3.13)	Install dependencies	2025-10-21T14:56:17.8126401Z Using cached langcodes-3.5.0-py3-none-any.whl (182 kB)
test (3.13)	Install dependencies	2025-10-21T14:56:17.8138683Z Using cached murmurhash-1.0.13-cp313-cp313-manylinux_2_5_x86_64.manylinux1_x86_64.manylinux_2_17_x86_64.manylinux2014_x86_64.whl (130 kB)
test (3.13)	Install dependencies	2025-10-21T14:56:17.8150546Z Using cached preshed-3.0.10-cp313-cp313-manylinux_2_5_x86_64.manylinux1_x86_64.manylinux_2_17_x86_64.manylinux2014_x86_64.whl (831 kB)
test (3.13)	Install dependencies	2025-10-21T14:56:17.8167262Z Using cached pydantic-2.12.3-py3-none-any.whl (462 kB)
test (3.13)	Install dependencies	2025-10-21T14:56:17.8182755Z Using cached pydantic_core-2.41.4-cp313-cp313-manylinux_2_17_x86_64.manylinux2014_x86_64.whl (2.1 MB)
test (3.13)	Install dependencies	2025-10-21T14:56:17.8207961Z Using cached requests-2.32.5-py3-none-any.whl (64 kB)
test (3.13)	Install dependencies	2025-10-21T14:56:17.8219747Z Using cached charset_normalizer-3.4.4-cp313-cp313-manylinux2014_x86_64.manylinux_2_17_x86_64.manylinux_2_28_x86_64.whl (153 kB)
test (3.13)	Install dependencies	2025-10-21T14:56:17.8231416Z Using cached idna-3.11-py3-none-any.whl (71 kB)
test (3.13)	Install dependencies	2025-10-21T14:56:17.8242917Z Using cached spacy_legacy-3.0.12-py2.py3-none-any.whl (29 kB)
test (3.13)	Install dependencies	2025-10-21T14:56:17.8253943Z Using cached spacy_loggers-1.0.5-py3-none-any.whl (22 kB)
test (3.13)	Install dependencies	2025-10-21T14:56:17.8265026Z Using cached srsly-2.5.1-cp313-cp313-manylinux_2_17_x86_64.manylinux2014_x86_64.whl (1.1 MB)
test (3.13)	Install dependencies	2025-10-21T14:56:17.8284197Z Using cached thinc-8.3.6-cp313-cp313-manylinux_2_17_x86_64.manylinux2014_x86_64.whl (4.2 MB)
test (3.13)	Install dependencies	2025-10-21T14:56:17.8325018Z Using cached blis-1.3.0-cp313-cp313-manylinux_2_17_x86_64.manylinux2014_x86_64.whl (11.6 MB)
test (3.13)	Install dependencies	2025-10-21T14:56:17.8418328Z Using cached confection-0.1.5-py3-none-any.whl (35 kB)
test (3.13)	Install dependencies	2025-10-21T14:56:17.8429645Z Using cached typer-0.20.0-py3-none-any.whl (47 kB)
test (3.13)	Install dependencies	2025-10-21T14:56:17.8440767Z Using cached urllib3-2.5.0-py3-none-any.whl (129 kB)
test (3.13)	Install dependencies	2025-10-21T14:56:17.8452445Z Using cached wasabi-1.1.3-py3-none-any.whl (27 kB)
test (3.13)	Install dependencies	2025-10-21T14:56:17.8463555Z Using cached weasel-0.4.1-py3-none-any.whl (50 kB)
test (3.13)	Install dependencies	2025-10-21T14:56:17.8475188Z Using cached cloudpathlib-0.23.0-py3-none-any.whl (62 kB)
test (3.13)	Install dependencies	2025-10-21T14:56:17.8486888Z Using cached smart_open-7.4.0-py3-none-any.whl (63 kB)
test (3.13)	Install dependencies	2025-10-21T14:56:17.8498574Z Using cached sentence_transformers-5.1.1-py3-none-any.whl (486 kB)
test (3.13)	Install dependencies	2025-10-21T14:56:17.8513366Z Using cached huggingface_hub-0.35.3-py3-none-any.whl (564 kB)
test (3.13)	Install dependencies	2025-10-21T14:56:17.8528844Z Using cached hf_xet-1.1.10-cp37-abi3-manylinux_2_17_x86_64.manylinux2014_x86_64.whl (3.2 MB)
test (3.13)	Install dependencies	2025-10-21T14:56:17.8563050Z Using cached scikit_learn-1.7.2-cp313-cp313-manylinux2014_x86_64.manylinux_2_17_x86_64.whl (9.4 MB)
test (3.13)	Install dependencies	2025-10-21T14:56:17.8641303Z Using cached bertopic-0.17.3-py3-none-any.whl (153 kB)
test (3.13)	Install dependencies	2025-10-21T14:56:17.8654023Z Using cached cupy_cuda12x-13.6.0-cp313-cp313-manylinux2014_x86_64.whl (112.7 MB)
test (3.13)	Install dependencies	2025-10-21T14:56:17.9457300Z Using cached annotated_types-0.7.0-py3-none-any.whl (13 kB)
test (3.13)	Install dependencies	2025-10-21T14:56:17.9469205Z Using cached certifi-2025.10.5-py3-none-any.whl (163 kB)
test (3.13)	Install dependencies	2025-10-21T14:56:17.9481976Z Using cached click-8.3.0-py3-none-any.whl (107 kB)
test (3.13)	Install dependencies	2025-10-21T14:56:17.9494669Z Using cached contourpy-1.3.3-cp313-cp313-manylinux_2_27_x86_64.manylinux_2_28_x86_64.whl (362 kB)
test (3.13)	Install dependencies	2025-10-21T14:56:17.9508478Z Using cached cycler-0.12.1-py3-none-any.whl (8.3 kB)
test (3.13)	Install dependencies	2025-10-21T14:56:17.9520438Z Using cached fastrlock-0.8.3-cp313-cp313-manylinux_2_5_x86_64.manylinux1_x86_64.manylinux_2_28_x86_64.whl (52 kB)
test (3.13)	Install dependencies	2025-10-21T14:56:17.9532482Z Using cached fonttools-4.60.1-cp313-cp313-manylinux1_x86_64.manylinux2014_x86_64.manylinux_2_17_x86_64.manylinux_2_5_x86_64.whl (4.9 MB)
test (3.13)	Install dependencies	2025-10-21T14:56:17.9580991Z Using cached fsspec-2025.9.0-py3-none-any.whl (199 kB)
test (3.13)	Install dependencies	2025-10-21T14:56:17.9593062Z Using cached hdbscan-0.8.40-cp313-cp313-manylinux2014_x86_64.manylinux_2_17_x86_64.whl (4.3 MB)
test (3.13)	Install dependencies	2025-10-21T14:56:17.9634937Z Using cached ipython-9.6.0-py3-none-any.whl (616 kB)
test (3.13)	Install dependencies	2025-10-21T14:56:17.9649644Z Using cached prompt_toolkit-3.0.52-py3-none-any.whl (391 kB)
test (3.13)	Install dependencies	2025-10-21T14:56:17.9663220Z Using cached jedi-0.19.2-py2.py3-none-any.whl (1.6 MB)
test (3.13)	Install dependencies	2025-10-21T14:56:17.9685906Z Using cached parso-0.8.5-py2.py3-none-any.whl (106 kB)
test (3.13)	Install dependencies	2025-10-21T14:56:17.9696875Z Using cached jinja2-3.1.6-py3-none-any.whl (134 kB)
test (3.13)	Install dependencies	2025-10-21T14:56:17.9708262Z Using cached joblib-1.5.2-py3-none-any.whl (308 kB)
test (3.13)	Install dependencies	2025-10-21T14:56:17.9720794Z Using cached jsonpickle-4.1.1-py3-none-any.whl (47 kB)
test (3.13)	Install dependencies	2025-10-21T14:56:17.9731956Z Using cached kiwisolver-1.4.9-cp313-cp313-manylinux2014_x86_64.manylinux_2_17_x86_64.whl (1.5 MB)
test (3.13)	Install dependencies	2025-10-21T14:56:17.9752766Z Using cached language_data-1.3.0-py3-none-any.whl (5.4 MB)
test (3.13)	Install dependencies	2025-10-21T14:56:17.9801469Z Using cached llvmlite-0.45.1-cp313-cp313-manylinux2014_x86_64.manylinux_2_17_x86_64.whl (56.3 MB)
test (3.13)	Install dependencies	2025-10-21T14:56:18.0205557Z Using cached marisa_trie-1.3.1-cp313-cp313-manylinux_2_24_x86_64.manylinux_2_28_x86_64.whl (1.3 MB)
test (3.13)	Install dependencies	2025-10-21T14:56:18.0226725Z Using cached markupsafe-3.0.3-cp313-cp313-manylinux2014_x86_64.manylinux_2_17_x86_64.manylinux_2_28_x86_64.whl (22 kB)
test (3.13)	Install dependencies	2025-10-21T14:56:18.0236983Z Using cached packaging-25.0-py3-none-any.whl (66 kB)
test (3.13)	Install dependencies	2025-10-21T14:56:18.0247659Z Using cached pexpect-4.9.0-py2.py3-none-any.whl (63 kB)
test (3.13)	Install dependencies	2025-10-21T14:56:18.0258636Z Using cached pillow-12.0.0-cp313-cp313-manylinux_2_27_x86_64.manylinux_2_28_x86_64.whl (7.0 MB)
test (3.13)	Install dependencies	2025-10-21T14:56:18.0317763Z Using cached plotly-6.3.1-py3-none-any.whl (9.8 MB)
test (3.13)	Install dependencies	2025-10-21T14:56:18.0399154Z Using cached narwhals-2.9.0-py3-none-any.whl (422 kB)
test (3.13)	Install dependencies	2025-10-21T14:56:18.0412444Z Using cached ptyprocess-0.7.0-py2.py3-none-any.whl (13 kB)
test (3.13)	Install dependencies	2025-10-21T14:56:18.0423073Z Using cached pygments-2.19.2-py3-none-any.whl (1.2 MB)
test (3.13)	Install dependencies	2025-10-21T14:56:18.0441999Z Using cached pyparsing-3.2.5-py3-none-any.whl (113 kB)
test (3.13)	Install dependencies	2025-10-21T14:56:18.0453377Z Using cached python_dateutil-2.9.0.post0-py2.py3-none-any.whl (229 kB)
test (3.13)	Install dependencies	2025-10-21T14:56:18.0465276Z Using cached pytz-2025.2-py2.py3-none-any.whl (509 kB)
test (3.13)	Install dependencies	2025-10-21T14:56:18.0479701Z Using cached pyyaml-6.0.3-cp313-cp313-manylinux2014_x86_64.manylinux_2_17_x86_64.manylinux_2_28_x86_64.whl (801 kB)
test (3.13)	Install dependencies	2025-10-21T14:56:18.0772779Z Downloading regex-2025.10.22-cp313-cp313-manylinux2014_x86_64.manylinux_2_17_x86_64.manylinux_2_28_x86_64.whl (803 kB)
test (3.13)	Install dependencies	2025-10-21T14:56:18.1784860Z    ââââââââââââââââââââââââââââââââââââââââ 803.4/803.4 kB 12.3 MB/s  0:00:00
test (3.13)	Install dependencies	2025-10-21T14:56:18.1796470Z Using cached rich-14.2.0-py3-none-any.whl (243 kB)
test (3.13)	Install dependencies	2025-10-21T14:56:18.1808903Z Using cached markdown_it_py-4.0.0-py3-none-any.whl (87 kB)
test (3.13)	Install dependencies	2025-10-21T14:56:18.1819903Z Using cached mdurl-0.1.2-py3-none-any.whl (10.0 kB)
test (3.13)	Install dependencies	2025-10-21T14:56:18.1830847Z Using cached safetensors-0.6.2-cp38-abi3-manylinux_2_17_x86_64.manylinux2014_x86_64.whl (485 kB)
test (3.13)	Install dependencies	2025-10-21T14:56:18.1844686Z Using cached shellingham-1.5.4-py2.py3-none-any.whl (9.8 kB)
test (3.13)	Install dependencies	2025-10-21T14:56:18.1855087Z Using cached six-1.17.0-py2.py3-none-any.whl (11 kB)
test (3.13)	Install dependencies	2025-10-21T14:56:18.1865958Z Using cached spacy_transformers-1.3.9-cp313-cp313-manylinux_2_17_x86_64.manylinux2014_x86_64.whl (779 kB)
test (3.13)	Install dependencies	2025-10-21T14:56:18.1881869Z Using cached spacy_alignments-0.9.2-cp313-cp313-manylinux_2_17_x86_64.manylinux2014_x86_64.whl (313 kB)
test (3.13)	Install dependencies	2025-10-21T14:56:18.1894584Z Using cached transformers-4.49.0-py3-none-any.whl (10.0 MB)
test (3.13)	Install dependencies	2025-10-21T14:56:18.1976644Z Using cached tokenizers-0.21.4-cp39-abi3-manylinux_2_17_x86_64.manylinux2014_x86_64.whl (3.1 MB)
test (3.13)	Install dependencies	2025-10-21T14:56:18.2008416Z Using cached texttable-1.7.0-py2.py3-none-any.whl (10 kB)
test (3.13)	Install dependencies	2025-10-21T14:56:18.2018976Z Using cached threadpoolctl-3.6.0-py3-none-any.whl (18 kB)
test (3.13)	Install dependencies	2025-10-21T14:56:18.2029671Z Using cached torch-2.9.0-cp313-cp313-manylinux_2_28_x86_64.whl (899.8 MB)
test (3.13)	Install dependencies	2025-10-21T14:56:18.8556728Z Using cached nvidia_cublas_cu12-12.8.4.1-py3-none-manylinux_2_27_x86_64.whl (594.3 MB)
test (3.13)	Install dependencies	2025-10-21T14:56:19.2807297Z Using cached nvidia_cuda_cupti_cu12-12.8.90-py3-none-manylinux2014_x86_64.manylinux_2_17_x86_64.whl (10.2 MB)
test (3.13)	Install dependencies	2025-10-21T14:56:19.2891096Z Using cached nvidia_cuda_nvrtc_cu12-12.8.93-py3-none-manylinux2010_x86_64.manylinux_2_12_x86_64.whl (88.0 MB)
test (3.13)	Install dependencies	2025-10-21T14:56:19.3551675Z Using cached nvidia_cuda_runtime_cu12-12.8.90-py3-none-manylinux2014_x86_64.manylinux_2_17_x86_64.whl (954 kB)
test (3.13)	Install dependencies	2025-10-21T14:56:19.3569998Z Using cached nvidia_cudnn_cu12-9.10.2.21-py3-none-manylinux_2_27_x86_64.whl (706.8 MB)
test (3.13)	Install dependencies	2025-10-21T14:56:20.0932245Z Using cached nvidia_cufft_cu12-11.3.3.83-py3-none-manylinux2014_x86_64.manylinux_2_17_x86_64.whl (193.1 MB)
test (3.13)	Install dependencies	2025-10-21T14:56:20.4823347Z Using cached nvidia_cufile_cu12-1.13.1.3-py3-none-manylinux2014_x86_64.manylinux_2_17_x86_64.whl (1.2 MB)
test (3.13)	Install dependencies	2025-10-21T14:56:20.4909069Z Using cached nvidia_curand_cu12-10.3.9.90-py3-none-manylinux_2_27_x86_64.whl (63.6 MB)
test (3.13)	Install dependencies	2025-10-21T14:56:20.6240096Z Using cached nvidia_cusolver_cu12-11.7.3.90-py3-none-manylinux_2_27_x86_64.whl (267.5 MB)
test (3.13)	Install dependencies	2025-10-21T14:56:21.2414324Z Using cached nvidia_cusparse_cu12-12.5.8.93-py3-none-manylinux2014_x86_64.manylinux_2_17_x86_64.whl (288.2 MB)
test (3.13)	Install dependencies	2025-10-21T14:56:21.9506550Z Using cached nvidia_cusparselt_cu12-0.7.1-py3-none-manylinux2014_x86_64.whl (287.2 MB)
test (3.13)	Install dependencies	2025-10-21T14:56:22.6528511Z Using cached nvidia_nccl_cu12-2.27.5-py3-none-manylinux2014_x86_64.manylinux_2_17_x86_64.whl (322.3 MB)
test (3.13)	Install dependencies	2025-10-21T14:56:23.4510081Z Using cached nvidia_nvjitlink_cu12-12.8.93-py3-none-manylinux2010_x86_64.manylinux_2_12_x86_64.whl (39.3 MB)
test (3.13)	Install dependencies	2025-10-21T14:56:23.5483834Z Using cached nvidia_nvshmem_cu12-3.3.20-py3-none-manylinux2014_x86_64.manylinux_2_17_x86_64.whl (124.7 MB)
test (3.13)	Install dependencies	2025-10-21T14:56:23.8566061Z Using cached nvidia_nvtx_cu12-12.8.90-py3-none-manylinux2014_x86_64.manylinux_2_17_x86_64.whl (89 kB)
test (3.13)	Install dependencies	2025-10-21T14:56:23.8578302Z Using cached triton-3.5.0-cp313-cp313-manylinux_2_27_x86_64.manylinux_2_28_x86_64.whl (170.5 MB)
test (3.13)	Install dependencies	2025-10-21T14:56:24.2767309Z Using cached sympy-1.14.0-py3-none-any.whl (6.3 MB)
test (3.13)	Install dependencies	2025-10-21T14:56:24.2907525Z Using cached mpmath-1.3.0-py3-none-any.whl (536 kB)
test (3.13)	Install dependencies	2025-10-21T14:56:24.2922792Z Using cached traitlets-5.14.3-py3-none-any.whl (85 kB)
test (3.13)	Install dependencies	2025-10-21T14:56:24.2934035Z Using cached typing_extensions-4.15.0-py3-none-any.whl (44 kB)
test (3.13)	Install dependencies	2025-10-21T14:56:24.2945070Z Using cached typing_inspection-0.4.2-py3-none-any.whl (14 kB)
test (3.13)	Install dependencies	2025-10-21T14:56:24.2955798Z Using cached tzdata-2025.2-py2.py3-none-any.whl (347 kB)
test (3.13)	Install dependencies	2025-10-21T14:56:24.2969470Z Using cached umap_learn-0.5.9.post2-py3-none-any.whl (90 kB)
test (3.13)	Install dependencies	2025-10-21T14:56:24.2981287Z Using cached numba-0.62.1-cp313-cp313-manylinux2014_x86_64.manylinux_2_17_x86_64.whl (3.8 MB)
test (3.13)	Install dependencies	2025-10-21T14:56:24.3019054Z Using cached pynndescent-0.5.13-py3-none-any.whl (56 kB)
test (3.13)	Install dependencies	2025-10-21T14:56:24.3030383Z Using cached decorator-5.2.1-py3-none-any.whl (9.2 kB)
test (3.13)	Install dependencies	2025-10-21T14:56:24.3042856Z Using cached filelock-3.20.0-py3-none-any.whl (16 kB)
test (3.13)	Install dependencies	2025-10-21T14:56:24.3054062Z Using cached ipython_pygments_lexers-1.1.1-py3-none-any.whl (8.1 kB)
test (3.13)	Install dependencies	2025-10-21T14:56:24.3065005Z Using cached matplotlib_inline-0.1.7-py3-none-any.whl (9.9 kB)
test (3.13)	Install dependencies	2025-10-21T14:56:24.3076005Z Using cached setuptools-80.9.0-py3-none-any.whl (1.2 MB)
test (3.13)	Install dependencies	2025-10-21T14:56:24.3095520Z Using cached stack_data-0.6.3-py3-none-any.whl (24 kB)
test (3.13)	Install dependencies	2025-10-21T14:56:24.3106567Z Using cached asttokens-3.0.0-py3-none-any.whl (26 kB)
test (3.13)	Install dependencies	2025-10-21T14:56:24.3117865Z Using cached executing-2.2.1-py2.py3-none-any.whl (28 kB)
test (3.13)	Install dependencies	2025-10-21T14:56:24.3129196Z Using cached pure_eval-0.2.3-py3-none-any.whl (11 kB)
test (3.13)	Install dependencies	2025-10-21T14:56:24.3140164Z Using cached wcwidth-0.2.14-py2.py3-none-any.whl (37 kB)
test (3.13)	Install dependencies	2025-10-21T14:56:24.3151740Z Using cached wrapt-2.0.0-cp313-cp313-manylinux1_x86_64.manylinux_2_28_x86_64.manylinux_2_5_x86_64.whl (121 kB)
test (3.13)	Install dependencies	2025-10-21T14:56:28.1990468Z Installing collected packages: texttable, pytz, pure-eval, ptyprocess, nvidia-cusparselt-cu12, mpmath, fastrlock, cymem, wrapt, wcwidth, wasabi, urllib3, tzdata, typing-extensions, triton, traitlets, tqdm, threadpoolctl, sympy, spacy-loggers, spacy-legacy, spacy-alignments, six, shellingham, setuptools, safetensors, regex, pyyaml, pyparsing, pygments, polars-runtime-32, pillow, pexpect, parso, packaging, nvidia-nvtx-cu12, nvidia-nvshmem-cu12, nvidia-nvjitlink-cu12, nvidia-nccl-cu12, nvidia-curand-cu12, nvidia-cufile-cu12, nvidia-cuda-runtime-cu12, nvidia-cuda-nvrtc-cu12, nvidia-cuda-cupti-cu12, nvidia-cublas-cu12, numpy, networkx, narwhals, murmurhash, mdurl, MarkupSafe, marisa-trie, llvmlite, kiwisolver, jsonpickle, joblib, igraph, idna, hf-xet, fsspec, fonttools, filelock, executing, decorator, cycler, cloudpathlib, click, charset_normalizer, certifi, catalogue, asttokens, annotated-types, typing-inspection, stack_data, srsly, smart-open, scipy, requests, python-louvain, python-igraph, python-dateutil, pydantic-core, prompt_toolkit, preshed, polars, plotly, nvidia-cusparse-cu12, nvidia-cufft-cu12, nvidia-cudnn-cu12, numba, matplotlib-inline, markdown-it-py, language-data, jinja2, jedi, ipython-pygments-lexers, cupy-cuda12x, contourpy, blis, scikit-learn, rich, pydantic, pandas, nvidia-cusolver-cu12, matplotlib, langcodes, ipython, huggingface-hub, typer, torch, tokenizers, seaborn, pyvis, pynndescent, hdbscan, confection, weasel, umap-learn, transformers, thinc, spacy, sentence-transformers, spacy_transformers, bertopic
test (3.13)	Install dependencies	2025-10-21T14:57:59.7444657Z 
test (3.13)	Install dependencies	2025-10-21T14:57:59.7577293Z Successfully installed MarkupSafe-3.0.3 annotated-types-0.7.0 asttokens-3.0.0 bertopic-0.17.3 blis-1.3.0 catalogue-2.0.10 certifi-2025.10.5 charset_normalizer-3.4.4 click-8.3.0 cloudpathlib-0.23.0 confection-0.1.5 contourpy-1.3.3 cupy-cuda12x-13.6.0 cycler-0.12.1 cymem-2.0.11 decorator-5.2.1 executing-2.2.1 fastrlock-0.8.3 filelock-3.20.0 fonttools-4.60.1 fsspec-2025.9.0 hdbscan-0.8.40 hf-xet-1.1.10 huggingface-hub-0.35.3 idna-3.11 igraph-0.11.9 ipython-9.6.0 ipython-pygments-lexers-1.1.1 jedi-0.19.2 jinja2-3.1.6 joblib-1.5.2 jsonpickle-4.1.1 kiwisolver-1.4.9 langcodes-3.5.0 language-data-1.3.0 llvmlite-0.45.1 marisa-trie-1.3.1 markdown-it-py-4.0.0 matplotlib-3.10.7 matplotlib-inline-0.1.7 mdurl-0.1.2 mpmath-1.3.0 murmurhash-1.0.13 narwhals-2.9.0 networkx-3.5 numba-0.62.1 numpy-2.3.4 nvidia-cublas-cu12-12.8.4.1 nvidia-cuda-cupti-cu12-12.8.90 nvidia-cuda-nvrtc-cu12-12.8.93 nvidia-cuda-runtime-cu12-12.8.90 nvidia-cudnn-cu12-9.10.2.21 nvidia-cufft-cu12-11.3.3.83 nvidia-cufile-cu12-1.13.1.3 nvidia-curand-cu12-10.3.9.90 nvidia-cusolver-cu12-11.7.3.90 nvidia-cusparse-cu12-12.5.8.93 nvidia-cusparselt-cu12-0.7.1 nvidia-nccl-cu12-2.27.5 nvidia-nvjitlink-cu12-12.8.93 nvidia-nvshmem-cu12-3.3.20 nvidia-nvtx-cu12-12.8.90 packaging-25.0 pandas-2.3.3 parso-0.8.5 pexpect-4.9.0 pillow-12.0.0 plotly-6.3.1 polars-1.34.0 polars-runtime-32-1.34.0 preshed-3.0.10 prompt_toolkit-3.0.52 ptyprocess-0.7.0 pure-eval-0.2.3 pydantic-2.12.3 pydantic-core-2.41.4 pygments-2.19.2 pynndescent-0.5.13 pyparsing-3.2.5 python-dateutil-2.9.0.post0 python-igraph-0.11.9 python-louvain-0.16 pytz-2025.2 pyvis-0.3.2 pyyaml-6.0.3 regex-2025.10.22 requests-2.32.5 rich-14.2.0 safetensors-0.6.2 scikit-learn-1.7.2 scipy-1.16.2 seaborn-0.13.2 sentence-transformers-5.1.1 setuptools-80.9.0 shellingham-1.5.4 six-1.17.0 smart-open-7.4.0 spacy-3.8.7 spacy-alignments-0.9.2 spacy-legacy-3.0.12 spacy-loggers-1.0.5 spacy_transformers-1.3.9 srsly-2.5.1 stack_data-0.6.3 sympy-1.14.0 texttable-1.7.0 thinc-8.3.6 threadpoolctl-3.6.0 tokenizers-0.21.4 torch-2.9.0 tqdm-4.67.1 traitlets-5.14.3 transformers-4.49.0 triton-3.5.0 typer-0.20.0 typing-extensions-4.15.0 typing-inspection-0.4.2 tzdata-2025.2 umap-learn-0.5.9.post2 urllib3-2.5.0 wasabi-1.1.3 wcwidth-0.2.14 weasel-0.4.1 wrapt-2.0.0
test (3.13)	Install dependencies	2025-10-21T14:58:05.4358224Z Collecting en-core-web-sm==3.8.0
test (3.13)	Install dependencies	2025-10-21T14:58:05.6306059Z   Downloading https://github.com/explosion/spacy-models/releases/download/en_core_web_sm-3.8.0/en_core_web_sm-3.8.0-py3-none-any.whl (12.8 MB)
test (3.13)	Install dependencies	2025-10-21T14:58:05.7439145Z      ââââââââââââââââââââââââââââââââââââââââ 12.8/12.8 MB 152.7 MB/s  0:00:00
test (3.13)	Install dependencies	2025-10-21T14:58:05.9808538Z Installing collected packages: en-core-web-sm
test (3.13)	Install dependencies	2025-10-21T14:58:06.0820695Z Successfully installed en-core-web-sm-3.8.0
test (3.13)	Install dependencies	2025-10-21T14:58:06.1463908Z [38;5;2mâ Download and installation successful[0m
test (3.13)	Install dependencies	2025-10-21T14:58:06.1464582Z You can now load the package via spacy.load('en_core_web_sm')
test (3.13)	Run unit tests	ï»¿2025-10-21T14:58:06.6038022Z ##[group]Run python -m unittest discover tests -v
test (3.13)	Run unit tests	2025-10-21T14:58:06.6038430Z [36;1mpython -m unittest discover tests -v[0m
test (3.13)	Run unit tests	2025-10-21T14:58:06.6038780Z [36;1mecho "All tests passed including contagion module"[0m
test (3.13)	Run unit tests	2025-10-21T14:58:06.7045888Z shell: /usr/bin/bash -e {0}
test (3.13)	Run unit tests	2025-10-21T14:58:06.7046205Z env:
test (3.13)	Run unit tests	2025-10-21T14:58:06.7046514Z   pythonLocation: /opt/hostedtoolcache/Python/3.13.7/x64
test (3.13)	Run unit tests	2025-10-21T14:58:06.7047014Z   PKG_CONFIG_PATH: /opt/hostedtoolcache/Python/3.13.7/x64/lib/pkgconfig
test (3.13)	Run unit tests	2025-10-21T14:58:06.7047504Z   Python_ROOT_DIR: /opt/hostedtoolcache/Python/3.13.7/x64
test (3.13)	Run unit tests	2025-10-21T14:58:06.7047926Z   Python2_ROOT_DIR: /opt/hostedtoolcache/Python/3.13.7/x64
test (3.13)	Run unit tests	2025-10-21T14:58:06.7048355Z   Python3_ROOT_DIR: /opt/hostedtoolcache/Python/3.13.7/x64
test (3.13)	Run unit tests	2025-10-21T14:58:06.7048795Z   LD_LIBRARY_PATH: /opt/hostedtoolcache/Python/3.13.7/x64/lib
test (3.13)	Run unit tests	2025-10-21T14:58:06.7049182Z   TOKENIZERS_PARALLELISM: false
test (3.13)	Run unit tests	2025-10-21T14:58:06.7049456Z ##[endgroup]
test (3.13)	Run unit tests	2025-10-21T14:58:07.6861472Z test_adoption_curve (test_analysis.TestAnalysis.test_adoption_curve) ... ok
test (3.13)	Run unit tests	2025-10-21T14:58:07.6867396Z test_cascade_metrics (test_analysis.TestAnalysis.test_cascade_metrics) ... ok
test (3.13)	Run unit tests	2025-10-21T14:58:07.6875850Z test_events_to_dataframe (test_analysis.TestAnalysis.test_events_to_dataframe) ... ok
test (3.13)	Run unit tests	2025-10-21T14:58:07.6880797Z test_rt_computation (test_analysis.TestAnalysis.test_rt_computation) ... ok
test (3.13)	Run unit tests	2025-10-21T14:58:07.6890101Z test_sir_curves (test_analysis.TestAnalysis.test_sir_curves) ... ok
test (3.13)	Run unit tests	2025-10-21T14:58:07.6891018Z test_import_build_semantic_network (test_basic.TestImports.test_import_build_semantic_network)
test (3.13)	Run unit tests	2025-10-21T14:58:07.6891684Z Test importing core semantic network module. ... ok
test (3.13)	Run unit tests	2025-10-21T14:58:07.6892220Z test_import_transformers_enhanced (test_basic.TestImports.test_import_transformers_enhanced)
test (3.13)	Run unit tests	2025-10-21T14:58:07.6892958Z Test importing transformer modules. ... ok
test (3.13)	Run unit tests	2025-10-21T14:58:12.5450395Z test_encode_returns_correct_shape (test_basic.TestTransformerEmbeddings.test_encode_returns_correct_shape)
test (3.13)	Run unit tests	2025-10-21T14:58:12.5642387Z Test that encoding returns expected shape. ... ok
test (3.13)	Run unit tests	2025-10-21T14:58:12.5643528Z test_similarity_matrix_properties (test_basic.TestTransformerEmbeddings.test_similarity_matrix_properties)
test (3.13)	Run unit tests	2025-10-21T14:58:12.5782750Z Test basic properties of similarity matrix. ... ok
test (3.13)	Run unit tests	2025-10-21T14:58:12.5783619Z test_similarity_matrix_shape (test_basic.TestTransformerEmbeddings.test_similarity_matrix_shape)
test (3.13)	Run unit tests	2025-10-21T14:58:12.5916131Z Test similarity matrix dimensions. ... ok
test (3.13)	Run unit tests	2025-10-21T14:58:13.4737346Z test_build_document_network_basic (test_basic.TestTransformerSemanticNetwork.test_build_document_network_basic)
test (3.13)	Run unit tests	2025-10-21T14:58:13.4757632Z Encoding documents...
test (3.13)	Run unit tests	2025-10-21T14:58:13.4758227Z Test basic document network creation. ... 
test (3.13)	Run unit tests	2025-10-21T14:58:13.4919122Z Batches:   0%|          | 0/1 [00:00<?, ?it/s]
test (3.13)	Run unit tests	2025-10-21T14:58:13.4920097Z Batches: 100%|ââââââââââ| 1/1 [00:00<00:00, 63.00it/s]
test (3.13)	Run unit tests	2025-10-21T14:58:13.4927122Z ok
test (3.13)	Run unit tests	2025-10-21T14:58:13.4927973Z test_build_document_network_threshold (test_basic.TestTransformerSemanticNetwork.test_build_document_network_threshold)
test (3.13)	Run unit tests	2025-10-21T14:58:13.4943594Z Computing similarity matrix...
test (3.13)	Run unit tests	2025-10-21T14:58:13.4944256Z Encoding documents...
test (3.13)	Run unit tests	2025-10-21T14:58:13.4945252Z Test that threshold parameter works. ... 
test (3.13)	Run unit tests	2025-10-21T14:58:13.5068346Z Batches:   0%|          | 0/1 [00:00<?, ?it/s]
test (3.13)	Run unit tests	2025-10-21T14:58:13.5069167Z Batches: 100%|ââââââââââ| 1/1 [00:00<00:00, 81.92it/s]
test (3.13)	Run unit tests	2025-10-21T14:58:13.5089792Z Computing similarity matrix...
test (3.13)	Run unit tests	2025-10-21T14:58:13.5090156Z Encoding documents...
test (3.13)	Run unit tests	2025-10-21T14:58:13.5093409Z 
test (3.13)	Run unit tests	2025-10-21T14:58:13.5215614Z Batches:   0%|          | 0/1 [00:00<?, ?it/s]
test (3.13)	Run unit tests	2025-10-21T14:58:13.5216394Z Batches: 100%|ââââââââââ| 1/1 [00:00<00:00, 81.21it/s]
test (3.13)	Run unit tests	2025-10-21T14:58:13.5226976Z ok
test (3.13)	Run unit tests	2025-10-21T14:58:13.5227854Z test_build_term_network (test_basic.TestTransformerSemanticNetwork.test_build_term_network)
test (3.13)	Run unit tests	2025-10-21T14:58:13.5244093Z Computing similarity matrix...
test (3.13)	Run unit tests	2025-10-21T14:58:13.5244586Z Test term network creation. ... 
test (3.13)	Run unit tests	2025-10-21T14:58:13.5245180Z Encoding terms...
test (3.13)	Run unit tests	2025-10-21T14:58:13.5334583Z Batches:   0%|          | 0/1 [00:00<?, ?it/s]
test (3.13)	Run unit tests	2025-10-21T14:58:13.5335363Z Batches: 100%|ââââââââââ| 1/1 [00:00<00:00, 114.44it/s]
test (3.13)	Run unit tests	2025-10-21T14:58:13.5340449Z ok
test (3.13)	Run unit tests	2025-10-21T14:58:13.5341145Z test_no_self_loops (test_basic.TestTransformerSemanticNetwork.test_no_self_loops)
test (3.13)	Run unit tests	2025-10-21T14:58:13.5357157Z Computing similarity matrix...
test (3.13)	Run unit tests	2025-10-21T14:58:13.5357518Z Encoding documents...
test (3.13)	Run unit tests	2025-10-21T14:58:13.5358647Z Test that network doesn't contain self-loops. ... 
test (3.13)	Run unit tests	2025-10-21T14:58:13.5479812Z Batches:   0%|          | 0/1 [00:00<?, ?it/s]
test (3.13)	Run unit tests	2025-10-21T14:58:13.5480604Z Batches: 100%|ââââââââââ| 1/1 [00:00<00:00, 83.44it/s]
test (3.13)	Run unit tests	2025-10-21T14:58:13.5489183Z ok
test (3.13)	Run unit tests	2025-10-21T14:58:13.5507310Z test_simulate_from_edges_df (test_contagion_cli.TestContagionCLI.test_simulate_from_edges_df) ... ok
test (3.13)	Run unit tests	2025-10-21T14:58:13.5512144Z test_k_reinforcement_complete_graph_cascade (test_contagion_complex.TestComplexContagion.test_k_reinforcement_complete_graph_cascade) ... ok
test (3.13)	Run unit tests	2025-10-21T14:58:13.5516554Z test_k_reinforcement_needs_multiple (test_contagion_complex.TestComplexContagion.test_k_reinforcement_needs_multiple) ... ok
test (3.13)	Run unit tests	2025-10-21T14:58:13.5524893Z test_watts_threshold_adoption_on_star (test_contagion_complex.TestComplexContagion.test_watts_threshold_adoption_on_star) ... ok
test (3.13)	Run unit tests	2025-10-21T14:58:13.5527582Z test_watts_threshold_cascades_on_line (test_contagion_complex.TestComplexContagion.test_watts_threshold_cascades_on_line) ... ok
test (3.13)	Run unit tests	2025-10-21T14:58:13.5532469Z test_si_runs_and_infects_monotonic (test_contagion_minimal.TestContagionMinimal.test_si_runs_and_infects_monotonic) ... ok
test (3.13)	Run unit tests	2025-10-21T14:58:13.5537002Z test_sir_recovery (test_contagion_minimal.TestContagionMinimal.test_sir_recovery) ... ok
test (3.13)	Run unit tests	2025-10-21T14:58:13.5541951Z test_sis_churns (test_contagion_minimal.TestContagionMinimal.test_sis_churns) ... ok
test (3.13)	Run unit tests	2025-10-21T14:58:13.5686288Z test_gpu_adjacency_counts (test_gpu_backend.TestGPUBackend.test_gpu_adjacency_counts) ... ERROR
test (3.13)	Run unit tests	2025-10-21T14:58:13.5696474Z test_gpu_degrees (test_gpu_backend.TestGPUBackend.test_gpu_degrees) ... ERROR
test (3.13)	Run unit tests	2025-10-21T14:58:13.5727067Z test_infer_si_parameters (test_inference.TestInference.test_infer_si_parameters) ... ok
test (3.13)	Run unit tests	2025-10-21T14:58:13.5780730Z test_infer_sir_parameters (test_inference.TestInference.test_infer_sir_parameters) ... ok
test (3.13)	Run unit tests	2025-10-21T14:58:13.5784719Z test_mp_adjacency_same_as_csr (test_mp_backend.TestMPBackend.test_mp_adjacency_same_as_csr) ... ok
test (3.13)	Run unit tests	2025-10-21T14:58:13.5889611Z Computing similarity matrix...
test (3.13)	Run unit tests	2025-10-21T14:58:13.5988680Z test_mp_matches_serial (test_mp_backend.TestMPBackend.test_mp_matches_serial) ... /opt/hostedtoolcache/Python/3.13.7/x64/lib/python3.13/multiprocessing/popen_fork.py:67: DeprecationWarning: This process (pid=2199) is multi-threaded, use of fork() may lead to deadlocks in the child.
test (3.13)	Run unit tests	2025-10-21T14:58:13.5990867Z   self.pid = os.fork()
test (3.13)	Run unit tests	2025-10-21T14:58:13.9135949Z ok
test (3.13)	Run unit tests	2025-10-21T14:58:14.0675028Z test_mp_simulation_deterministic (test_mp_backend.TestMPBackend.test_mp_simulation_deterministic) ... ok
test (3.13)	Run unit tests	2025-10-21T14:58:14.0676159Z test_embedding_consistency (test_transformers.TestIntegration.test_embedding_consistency)
test (3.13)	Run unit tests	2025-10-21T14:58:14.8218206Z Test that embeddings are consistent across calls. ... 
test (3.13)	Run unit tests	2025-10-21T14:58:14.8324767Z Batches:   0%|          | 0/1 [00:00<?, ?it/s]
test (3.13)	Run unit tests	2025-10-21T14:58:14.8326804Z Batches: 100%|ââââââââââ| 1/1 [00:00<00:00, 94.84it/s]
test (3.13)	Run unit tests	2025-10-21T14:58:14.8341893Z 
test (3.13)	Run unit tests	2025-10-21T14:58:14.8427489Z Batches:   0%|          | 0/1 [00:00<?, ?it/s]
test (3.13)	Run unit tests	2025-10-21T14:58:14.8428346Z Batches: 100%|ââââââââââ| 1/1 [00:00<00:00, 119.78it/s]
test (3.13)	Run unit tests	2025-10-21T14:58:14.8430945Z ok
test (3.13)	Run unit tests	2025-10-21T14:58:14.8431579Z test_full_pipeline_document_network (test_transformers.TestIntegration.test_full_pipeline_document_network)
test (3.13)	Run unit tests	2025-10-21T14:58:15.6128338Z Test complete pipeline from texts to network. ... 
test (3.13)	Run unit tests	2025-10-21T14:58:15.6129048Z Encoding documents...
test (3.13)	Run unit tests	2025-10-21T14:58:15.6302294Z Batches:   0%|          | 0/1 [00:00<?, ?it/s]
test (3.13)	Run unit tests	2025-10-21T14:58:15.6303333Z Batches: 100%|ââââââââââ| 1/1 [00:00<00:00, 58.07it/s]
test (3.13)	Run unit tests	2025-10-21T14:58:15.6315902Z ok
test (3.13)	Run unit tests	2025-10-21T14:58:15.6316684Z test_encode_empty_list (test_transformers.TestTransformerEmbeddings.test_encode_empty_list)
test (3.13)	Run unit tests	2025-10-21T14:58:16.3813806Z Test encoding empty list. ... ok
test (3.13)	Run unit tests	2025-10-21T14:58:16.3814838Z test_encode_multiple_texts (test_transformers.TestTransformerEmbeddings.test_encode_multiple_texts)
test (3.13)	Run unit tests	2025-10-21T14:58:17.1266872Z Test encoding multiple texts. ... 
test (3.13)	Run unit tests	2025-10-21T14:58:17.1267527Z Computing similarity matrix...
test (3.13)	Run unit tests	2025-10-21T14:58:17.1416693Z Batches:   0%|          | 0/1 [00:00<?, ?it/s]
test (3.13)	Run unit tests	2025-10-21T14:58:17.1417553Z Batches: 100%|ââââââââââ| 1/1 [00:00<00:00, 67.51it/s]
test (3.13)	Run unit tests	2025-10-21T14:58:17.1417989Z ok
test (3.13)	Run unit tests	2025-10-21T14:58:17.1418568Z test_encode_single_text (test_transformers.TestTransformerEmbeddings.test_encode_single_text)
test (3.13)	Run unit tests	2025-10-21T14:58:17.8838531Z Test encoding a single text. ... 
test (3.13)	Run unit tests	2025-10-21T14:58:17.8939189Z Batches:   0%|          | 0/1 [00:00<?, ?it/s]
test (3.13)	Run unit tests	2025-10-21T14:58:17.8940024Z Batches: 100%|ââââââââââ| 1/1 [00:00<00:00, 100.43it/s]
test (3.13)	Run unit tests	2025-10-21T14:58:17.8940444Z ok
test (3.13)	Run unit tests	2025-10-21T14:58:17.8941025Z test_semantic_similarity (test_transformers.TestTransformerEmbeddings.test_semantic_similarity)
test (3.13)	Run unit tests	2025-10-21T14:58:19.0960138Z Test that semantically similar sentences have higher similarity. ... ok
test (3.13)	Run unit tests	2025-10-21T14:58:19.0961179Z test_similarity_matrix_diagonal (test_transformers.TestTransformerEmbeddings.test_similarity_matrix_diagonal)
test (3.13)	Run unit tests	2025-10-21T14:58:20.0547460Z Test that diagonal values are 1.0 (self-similarity). ... ok
test (3.13)	Run unit tests	2025-10-21T14:58:20.0548436Z test_similarity_matrix_shape (test_transformers.TestTransformerEmbeddings.test_similarity_matrix_shape)
test (3.13)	Run unit tests	2025-10-21T14:58:20.8735299Z Test similarity matrix has correct shape. ... ok
test (3.13)	Run unit tests	2025-10-21T14:58:20.8736241Z test_similarity_matrix_symmetric (test_transformers.TestTransformerEmbeddings.test_similarity_matrix_symmetric)
test (3.13)	Run unit tests	2025-10-21T14:58:21.7300893Z Test that similarity matrix is symmetric. ... ok
test (3.13)	Run unit tests	2025-10-21T14:58:21.7301789Z test_similarity_range (test_transformers.TestTransformerEmbeddings.test_similarity_range)
test (3.13)	Run unit tests	2025-10-21T14:58:22.7329978Z Test that similarities are in valid range [0, 1]. ... ok
test (3.13)	Run unit tests	2025-10-21T14:58:22.7331769Z test_empty_text (test_transformers.TestTransformerNER.test_empty_text)
test (3.13)	Run unit tests	2025-10-21T14:58:23.0532919Z Test handling of empty text. ... /opt/hostedtoolcache/Python/3.13.7/x64/lib/python3.13/site-packages/spacy/cli/_util.py:23: DeprecationWarning: Importing 'parser.split_arg_string' is deprecated, it will only be available in 'shell_completion' in Click 9.0.
test (3.13)	Run unit tests	2025-10-21T14:58:23.0534569Z   from click.parser import split_arg_string
test (3.13)	Run unit tests	2025-10-21T14:58:23.0548122Z /opt/hostedtoolcache/Python/3.13.7/x64/lib/python3.13/site-packages/weasel/util/config.py:8: DeprecationWarning: Importing 'parser.split_arg_string' is deprecated, it will only be available in 'shell_completion' in Click 9.0.
test (3.13)	Run unit tests	2025-10-21T14:58:23.0549677Z   from click.parser import split_arg_string
test (3.13)	Run unit tests	2025-10-21T14:58:23.5819064Z ok
test (3.13)	Run unit tests	2025-10-21T14:58:23.5841262Z test_extract_entities_columns (test_transformers.TestTransformerNER.test_extract_entities_columns)
test (3.13)	Run unit tests	2025-10-21T14:58:24.0068552Z Test that entities DataFrame has required columns. ... ok
test (3.13)	Run unit tests	2025-10-21T14:58:24.0085534Z test_extract_entities_finds_locations (test_transformers.TestTransformerNER.test_extract_entities_finds_locations)
test (3.13)	Run unit tests	2025-10-21T14:58:24.4294190Z Test that NER finds location entities. ... ok
test (3.13)	Run unit tests	2025-10-21T14:58:24.4311273Z test_extract_entities_finds_organizations (test_transformers.TestTransformerNER.test_extract_entities_finds_organizations)
test (3.13)	Run unit tests	2025-10-21T14:58:24.8449525Z Test that NER finds organization entities. ... ok
test (3.13)	Run unit tests	2025-10-21T14:58:24.8467199Z test_extract_entities_finds_persons (test_transformers.TestTransformerNER.test_extract_entities_finds_persons)
test (3.13)	Run unit tests	2025-10-21T14:58:25.2668167Z Test that NER finds person entities. ... ok
test (3.13)	Run unit tests	2025-10-21T14:58:25.2687471Z test_extract_entities_returns_dataframe (test_transformers.TestTransformerNER.test_extract_entities_returns_dataframe)
test (3.13)	Run unit tests	2025-10-21T14:58:25.6830067Z Test that entity extraction returns a DataFrame. ... ok
test (3.13)	Run unit tests	2025-10-21T14:58:25.6848584Z test_text_without_entities (test_transformers.TestTransformerNER.test_text_without_entities)
test (3.13)	Run unit tests	2025-10-21T14:58:26.0955264Z Test text with no named entities. ... ok
test (3.13)	Run unit tests	2025-10-21T14:58:26.0973632Z test_build_document_network_columns (test_transformers.TestTransformerSemanticNetwork.test_build_document_network_columns)
test (3.13)	Run unit tests	2025-10-21T14:58:26.8603704Z Encoding documents...
test (3.13)	Run unit tests	2025-10-21T14:58:26.8604267Z Test that edges DataFrame has required columns. ... 
test (3.13)	Run unit tests	2025-10-21T14:58:26.8773632Z Batches:   0%|          | 0/1 [00:00<?, ?it/s]
test (3.13)	Run unit tests	2025-10-21T14:58:26.8774547Z Batches: 100%|ââââââââââ| 1/1 [00:00<00:00, 59.50it/s]
test (3.13)	Run unit tests	2025-10-21T14:58:26.8780618Z ok
test (3.13)	Run unit tests	2025-10-21T14:58:26.8781574Z test_build_document_network_returns_dataframe (test_transformers.TestTransformerSemanticNetwork.test_build_document_network_returns_dataframe)
test (3.13)	Run unit tests	2025-10-21T14:58:27.6373370Z Computing similarity matrix...
test (3.13)	Run unit tests	2025-10-21T14:58:27.6373913Z Encoding documents...
test (3.13)	Run unit tests	2025-10-21T14:58:27.6374372Z Test that document network returns a DataFrame. ... 
test (3.13)	Run unit tests	2025-10-21T14:58:27.6536653Z Batches:   0%|          | 0/1 [00:00<?, ?it/s]
test (3.13)	Run unit tests	2025-10-21T14:58:27.6537829Z Batches: 100%|ââââââââââ| 1/1 [00:00<00:00, 62.05it/s]
test (3.13)	Run unit tests	2025-10-21T14:58:27.6542365Z ok
test (3.13)	Run unit tests	2025-10-21T14:58:27.6543258Z test_build_term_network (test_transformers.TestTransformerSemanticNetwork.test_build_term_network)
test (3.13)	Run unit tests	2025-10-21T14:58:28.4368497Z Computing similarity matrix...
test (3.13)	Run unit tests	2025-10-21T14:58:28.4369091Z Encoding terms...
test (3.13)	Run unit tests	2025-10-21T14:58:28.4371064Z Test building term network. ... 
test (3.13)	Run unit tests	2025-10-21T14:58:28.4491492Z Batches:   0%|          | 0/1 [00:00<?, ?it/s]
test (3.13)	Run unit tests	2025-10-21T14:58:28.4492358Z Batches: 100%|ââââââââââ| 1/1 [00:00<00:00, 82.47it/s]
test (3.13)	Run unit tests	2025-10-21T14:58:28.4497803Z ok
test (3.13)	Run unit tests	2025-10-21T14:58:28.4498626Z test_document_network_no_self_loops (test_transformers.TestTransformerSemanticNetwork.test_document_network_no_self_loops)
test (3.13)	Run unit tests	2025-10-21T14:58:29.2052870Z Computing similarity matrix...
test (3.13)	Run unit tests	2025-10-21T14:58:29.2053431Z Encoding documents...
test (3.13)	Run unit tests	2025-10-21T14:58:29.2053886Z Test that network has no self-loops. ... 
test (3.13)	Run unit tests	2025-10-21T14:58:29.2225160Z Batches:   0%|          | 0/1 [00:00<?, ?it/s]
test (3.13)	Run unit tests	2025-10-21T14:58:29.2226014Z Batches: 100%|ââââââââââ| 1/1 [00:00<00:00, 58.74it/s]
test (3.13)	Run unit tests	2025-10-21T14:58:29.2233718Z ok
test (3.13)	Run unit tests	2025-10-21T14:58:29.2237151Z test_document_network_threshold (test_transformers.TestTransformerSemanticNetwork.test_document_network_threshold)
test (3.13)	Run unit tests	2025-10-21T14:58:29.9821993Z Computing similarity matrix...
test (3.13)	Run unit tests	2025-10-21T14:58:29.9822341Z Encoding documents...
test (3.13)	Run unit tests	2025-10-21T14:58:29.9822857Z Test that threshold filters edges correctly. ... 
test (3.13)	Run unit tests	2025-10-21T14:58:29.9984491Z Batches:   0%|          | 0/1 [00:00<?, ?it/s]
test (3.13)	Run unit tests	2025-10-21T14:58:29.9985304Z Batches: 100%|ââââââââââ| 1/1 [00:00<00:00, 62.46it/s]
test (3.13)	Run unit tests	2025-10-21T14:58:30.0004813Z Computing similarity matrix...
test (3.13)	Run unit tests	2025-10-21T14:58:30.0005253Z Encoding documents...
test (3.13)	Run unit tests	2025-10-21T14:58:30.0006760Z 
test (3.13)	Run unit tests	2025-10-21T14:58:30.0147781Z Batches:   0%|          | 0/1 [00:00<?, ?it/s]
test (3.13)	Run unit tests	2025-10-21T14:58:30.0148907Z Batches: 100%|ââââââââââ| 1/1 [00:00<00:00, 70.94it/s]
test (3.13)	Run unit tests	2025-10-21T14:58:30.0154184Z ok
test (3.13)	Run unit tests	2025-10-21T14:58:30.0154861Z test_document_network_topk (test_transformers.TestTransformerSemanticNetwork.test_document_network_topk)
test (3.13)	Run unit tests	2025-10-21T14:58:30.7722804Z Computing similarity matrix...
test (3.13)	Run unit tests	2025-10-21T14:58:30.7723423Z Test that top_k limits edges per document. ... 
test (3.13)	Run unit tests	2025-10-21T14:58:30.7724832Z Encoding documents...
test (3.13)	Run unit tests	2025-10-21T14:58:30.7887527Z Batches:   0%|          | 0/1 [00:00<?, ?it/s]
test (3.13)	Run unit tests	2025-10-21T14:58:30.7888388Z Batches: 100%|ââââââââââ| 1/1 [00:00<00:00, 61.42it/s]
test (3.13)	Run unit tests	2025-10-21T14:58:30.7899973Z ok
test (3.13)	Run unit tests	2025-10-21T14:58:30.7900751Z test_empty_document_list (test_transformers.TestTransformerSemanticNetwork.test_empty_document_list)
test (3.13)	Run unit tests	2025-10-21T14:58:31.5624169Z Test handling of empty document list. ... ok
test (3.13)	Run unit tests	2025-10-21T14:58:31.5625082Z test_single_document (test_transformers.TestTransformerSemanticNetwork.test_single_document)
test (3.13)	Run unit tests	2025-10-21T14:58:32.3237421Z Test handling of single document. ... ok
test (3.13)	Run unit tests	2025-10-21T14:58:32.3238687Z test_term_network_uses_term_names (test_transformers.TestTransformerSemanticNetwork.test_term_network_uses_term_names)
test (3.13)	Run unit tests	2025-10-21T14:58:33.0670014Z Test that term network uses actual term strings. ... 
test (3.13)	Run unit tests	2025-10-21T14:58:33.0671123Z Computing similarity matrix...
test (3.13)	Run unit tests	2025-10-21T14:58:33.0671527Z Encoding terms...
test (3.13)	Run unit tests	2025-10-21T14:58:33.0774708Z Batches:   0%|          | 0/1 [00:00<?, ?it/s]
test (3.13)	Run unit tests	2025-10-21T14:58:33.0775655Z Batches: 100%|ââââââââââ| 1/1 [00:00<00:00, 97.45it/s]
test (3.13)	Run unit tests	2025-10-21T14:58:33.0783173Z ok
test (3.13)	Run unit tests	2025-10-21T14:58:33.0783585Z 
test (3.13)	Run unit tests	2025-10-21T14:58:33.0785020Z ======================================================================
test (3.13)	Run unit tests	2025-10-21T14:58:33.0785747Z ERROR: test_gpu_adjacency_counts (test_gpu_backend.TestGPUBackend.test_gpu_adjacency_counts)
test (3.13)	Run unit tests	2025-10-21T14:58:33.0786478Z ----------------------------------------------------------------------
test (3.13)	Run unit tests	2025-10-21T14:58:33.0786974Z Traceback (most recent call last):
test (3.13)	Run unit tests	2025-10-21T14:58:33.0795068Z   File "/home/runner/work/network-inference/network-inference/tests/test_gpu_backend.py", line 21, in test_gpu_adjacency_counts
test (3.13)	Run unit tests	2025-10-21T14:58:33.0796089Z     gpu_adj = to_gpu_adjacency(cpu_adj.mat)
test (3.13)	Run unit tests	2025-10-21T14:58:33.0797025Z   File "/home/runner/work/network-inference/network-inference/src/contagion/gpu_backend.py", line 66, in to_gpu_adjacency
test (3.13)	Run unit tests	2025-10-21T14:58:33.0797907Z     return GPUAdjacency(mat_cpu=mat_cpu)
test (3.13)	Run unit tests	2025-10-21T14:58:33.0798345Z   File "<string>", line 5, in __init__
test (3.13)	Run unit tests	2025-10-21T14:58:33.0799195Z   File "/home/runner/work/network-inference/network-inference/src/contagion/gpu_backend.py", line 36, in __post_init__
test (3.13)	Run unit tests	2025-10-21T14:58:33.0800084Z     mat_gpu = cpsp.csr_matrix(self.mat_cpu)  # type: ignore
test (3.13)	Run unit tests	2025-10-21T14:58:33.0801067Z   File "/opt/hostedtoolcache/Python/3.13.7/x64/lib/python3.13/site-packages/cupyx/scipy/sparse/_compressed.py", line 228, in __init__
test (3.13)	Run unit tests	2025-10-21T14:58:33.0801954Z     data = cupy.array(x.data)
test (3.13)	Run unit tests	2025-10-21T14:58:33.0802933Z   File "/opt/hostedtoolcache/Python/3.13.7/x64/lib/python3.13/site-packages/cupy/_creation/from_data.py", line 53, in array
test (3.13)	Run unit tests	2025-10-21T14:58:33.0803922Z     return _core.array(obj, dtype, copy, order, subok, ndmin, blocking)
test (3.13)	Run unit tests	2025-10-21T14:58:33.0804463Z            ~~~~~~~~~~~^^^^^^^^^^^^^^^^^^^^^^^^^^^^^^^^^^^^^^^^^^^^^^^^^
test (3.13)	Run unit tests	2025-10-21T14:58:33.0805067Z   File "cupy/_core/core.pyx", line 2502, in cupy._core.core.array
test (3.13)	Run unit tests	2025-10-21T14:58:33.0805696Z   File "cupy/_core/core.pyx", line 2529, in cupy._core.core.array
test (3.13)	Run unit tests	2025-10-21T14:58:33.0806355Z   File "cupy/_core/core.pyx", line 2740, in cupy._core.core._array_default
test (3.13)	Run unit tests	2025-10-21T14:58:33.0807084Z   File "cupy/_core/core.pyx", line 167, in cupy._core.core.ndarray.__new__
test (3.13)	Run unit tests	2025-10-21T14:58:33.0807809Z   File "cupy/_core/core.pyx", line 254, in cupy._core.core._ndarray_base._init
test (3.13)	Run unit tests	2025-10-21T14:58:33.0808513Z   File "cupy/cuda/memory.pyx", line 875, in cupy.cuda.memory.alloc
test (3.13)	Run unit tests	2025-10-21T14:58:33.0809249Z   File "cupy/cuda/memory.pyx", line 1579, in cupy.cuda.memory.MemoryPool.malloc
test (3.13)	Run unit tests	2025-10-21T14:58:33.0810044Z   File "cupy/cuda/memory.pyx", line 1599, in cupy.cuda.memory.MemoryPool.malloc
test (3.13)	Run unit tests	2025-10-21T14:58:33.0810845Z   File "cupy/cuda/device.pyx", line 40, in cupy.cuda.device.get_device_id
test (3.13)	Run unit tests	2025-10-21T14:58:33.0811731Z   File "cupy_backends/cuda/api/runtime.pyx", line 202, in cupy_backends.cuda.api.runtime.getDevice
test (3.13)	Run unit tests	2025-10-21T14:58:33.0812887Z   File "cupy_backends/cuda/api/runtime.pyx", line 146, in cupy_backends.cuda.api.runtime.check_status
test (3.13)	Run unit tests	2025-10-21T14:58:33.0814142Z cupy_backends.cuda.api.runtime.CUDARuntimeError: cudaErrorInsufficientDriver: CUDA driver version is insufficient for CUDA runtime version
test (3.13)	Run unit tests	2025-10-21T14:58:33.0815310Z 
test (3.13)	Run unit tests	2025-10-21T14:58:33.0837133Z ======================================================================
test (3.13)	Run unit tests	2025-10-21T14:58:33.0837792Z ERROR: test_gpu_degrees (test_gpu_backend.TestGPUBackend.test_gpu_degrees)
test (3.13)	Run unit tests	2025-10-21T14:58:33.0838432Z ----------------------------------------------------------------------
test (3.13)	Run unit tests	2025-10-21T14:58:33.0838906Z Traceback (most recent call last):
test (3.13)	Run unit tests	2025-10-21T14:58:33.0839787Z   File "/home/runner/work/network-inference/network-inference/tests/test_gpu_backend.py", line 31, in test_gpu_degrees
test (3.13)	Run unit tests	2025-10-21T14:58:33.0840968Z     gpu_adj = to_gpu_adjacency(cpu_adj.mat)
test (3.13)	Run unit tests	2025-10-21T14:58:33.0841869Z   File "/home/runner/work/network-inference/network-inference/src/contagion/gpu_backend.py", line 66, in to_gpu_adjacency
test (3.13)	Run unit tests	2025-10-21T14:58:33.0843090Z     return GPUAdjacency(mat_cpu=mat_cpu)
test (3.13)	Run unit tests	2025-10-21T14:58:33.0843538Z   File "<string>", line 5, in __init__
test (3.13)	Run unit tests	2025-10-21T14:58:33.0844375Z   File "/home/runner/work/network-inference/network-inference/src/contagion/gpu_backend.py", line 36, in __post_init__
test (3.13)	Run unit tests	2025-10-21T14:58:33.0845265Z     mat_gpu = cpsp.csr_matrix(self.mat_cpu)  # type: ignore
test (3.13)	Run unit tests	2025-10-21T14:58:33.0846251Z   File "/opt/hostedtoolcache/Python/3.13.7/x64/lib/python3.13/site-packages/cupyx/scipy/sparse/_compressed.py", line 228, in __init__
test (3.13)	Run unit tests	2025-10-21T14:58:33.0847142Z     data = cupy.array(x.data)
test (3.13)	Run unit tests	2025-10-21T14:58:33.0847964Z   File "/opt/hostedtoolcache/Python/3.13.7/x64/lib/python3.13/site-packages/cupy/_creation/from_data.py", line 53, in array
test (3.13)	Run unit tests	2025-10-21T14:58:33.0848918Z     return _core.array(obj, dtype, copy, order, subok, ndmin, blocking)
test (3.13)	Run unit tests	2025-10-21T14:58:33.0849452Z            ~~~~~~~~~~~^^^^^^^^^^^^^^^^^^^^^^^^^^^^^^^^^^^^^^^^^^^^^^^^^
test (3.13)	Run unit tests	2025-10-21T14:58:33.0850025Z   File "cupy/_core/core.pyx", line 2502, in cupy._core.core.array
test (3.13)	Run unit tests	2025-10-21T14:58:33.0850661Z   File "cupy/_core/core.pyx", line 2529, in cupy._core.core.array
test (3.13)	Run unit tests	2025-10-21T14:58:33.0851333Z   File "cupy/_core/core.pyx", line 2740, in cupy._core.core._array_default
test (3.13)	Run unit tests	2025-10-21T14:58:33.0852052Z   File "cupy/_core/core.pyx", line 167, in cupy._core.core.ndarray.__new__
test (3.13)	Run unit tests	2025-10-21T14:58:33.0852941Z   File "cupy/_core/core.pyx", line 254, in cupy._core.core._ndarray_base._init
test (3.13)	Run unit tests	2025-10-21T14:58:33.0853440Z   File "cupy/cuda/memory.pyx", line 875, in cupy.cuda.memory.alloc
test (3.13)	Run unit tests	2025-10-21T14:58:33.0853938Z   File "cupy/cuda/memory.pyx", line 1579, in cupy.cuda.memory.MemoryPool.malloc
test (3.13)	Run unit tests	2025-10-21T14:58:33.0854453Z   File "cupy/cuda/memory.pyx", line 1599, in cupy.cuda.memory.MemoryPool.malloc
test (3.13)	Run unit tests	2025-10-21T14:58:33.0854959Z   File "cupy/cuda/device.pyx", line 40, in cupy.cuda.device.get_device_id
test (3.13)	Run unit tests	2025-10-21T14:58:33.0855523Z   File "cupy_backends/cuda/api/runtime.pyx", line 202, in cupy_backends.cuda.api.runtime.getDevice
test (3.13)	Run unit tests	2025-10-21T14:58:33.0856169Z   File "cupy_backends/cuda/api/runtime.pyx", line 146, in cupy_backends.cuda.api.runtime.check_status
test (3.13)	Run unit tests	2025-10-21T14:58:33.0856953Z cupy_backends.cuda.api.runtime.CUDARuntimeError: cudaErrorInsufficientDriver: CUDA driver version is insufficient for CUDA runtime version
test (3.13)	Run unit tests	2025-10-21T14:58:33.0857465Z 
test (3.13)	Run unit tests	2025-10-21T14:58:33.0857597Z ----------------------------------------------------------------------
test (3.13)	Run unit tests	2025-10-21T14:58:33.0857887Z Ran 55 tests in 25.394s
test (3.13)	Run unit tests	2025-10-21T14:58:33.0858020Z 
test (3.13)	Run unit tests	2025-10-21T14:58:33.0858095Z FAILED (errors=2)
test (3.13)	Run unit tests	2025-10-21T14:58:33.0910712Z Computing similarity matrix...
test (3.13)	Run unit tests	2025-10-21T14:58:33.8933204Z ##[error]Process completed with exit code 1.
test (3.13)	Post Checkout	ï»¿2025-10-21T14:58:33.9026943Z Post job cleanup.
test (3.13)	Post Checkout	2025-10-21T14:58:33.9980032Z [command]/usr/bin/git version
test (3.13)	Post Checkout	2025-10-21T14:58:34.0015863Z git version 2.51.0
test (3.13)	Post Checkout	2025-10-21T14:58:34.0059150Z Temporarily overriding HOME='/home/runner/work/_temp/47f86b6f-0963-4649-b233-8a42c02e1297' before making global git config changes
test (3.13)	Post Checkout	2025-10-21T14:58:34.0060473Z Adding repository directory to the temporary git global config as a safe directory
test (3.13)	Post Checkout	2025-10-21T14:58:34.0073490Z [command]/usr/bin/git config --global --add safe.directory /home/runner/work/network-inference/network-inference
test (3.13)	Post Checkout	2025-10-21T14:58:34.0108109Z [command]/usr/bin/git config --local --name-only --get-regexp core\.sshCommand
test (3.13)	Post Checkout	2025-10-21T14:58:34.0139898Z [command]/usr/bin/git submodule foreach --recursive sh -c "git config --local --name-only --get-regexp 'core\.sshCommand' && git config --local --unset-all 'core.sshCommand' || :"
test (3.13)	Post Checkout	2025-10-21T14:58:34.0400390Z [command]/usr/bin/git config --local --name-only --get-regexp http\.https\:\/\/github\.com\/\.extraheader
test (3.13)	Post Checkout	2025-10-21T14:58:34.0422391Z http.https://github.com/.extraheader
test (3.13)	Post Checkout	2025-10-21T14:58:34.0434904Z [command]/usr/bin/git config --local --unset-all http.https://github.com/.extraheader
test (3.13)	Post Checkout	2025-10-21T14:58:34.0465049Z [command]/usr/bin/git submodule foreach --recursive sh -c "git config --local --name-only --get-regexp 'http\.https\:\/\/github\.com\/\.extraheader' && git config --local --unset-all 'http.https://github.com/.extraheader' || :"
test (3.13)	Complete job	ï»¿2025-10-21T14:58:34.0800486Z Cleaning up orphan processes
